IQ-TREE multicore version 1.6.11 for Linux 64-bit built Jun  6 2019
Developed by Bui Quang Minh, Nguyen Lam Tung, Olga Chernomor,
Heiko Schmidt, Dominik Schrempf, Michael Woodhams.

Host:    rabi (SSE4.2, 15 GB RAM)
Command: ../../iqtree -s all_18s_aligns.fasta -m TEST -bb 1000 -alrt 1000
Seed:    268352 (Using SPRNG - Scalable Parallel Random Number Generator)
Time:    Tue Oct 29 23:11:11 2019
Kernel:  SSE2 - 1 threads (24 CPU cores detected)

HINT: Use -nt option to specify number of threads because your CPU has 24 cores!
HINT: -nt AUTO will automatically determine the best number of threads to use.

Reading alignment file all_18s_aligns.fasta ... Fasta format detected
Alignment most likely contains DNA/RNA sequences
Alignment has 599 sequences with 698 columns, 583 distinct patterns
420 parsimony-informative, 93 singleton sites, 185 constant sites
     Gap/Ambiguity  Composition  p-value
   1  001   45.27%    passed     49.08%
   2  002   45.27%    passed     83.13%
   3  003   45.27%    passed     61.68%
   4  004   45.42%    passed     79.59%
   5  005   45.13%    passed     97.26%
   6  006   44.99%    passed     99.75%
   7  007   44.99%    passed     99.02%
   8  008   45.13%    passed     97.83%
   9  009   45.27%    passed     44.06%
  10  010   44.56%    passed     81.86%
  11  011   44.70%    passed     73.33%
  12  012   45.27%    passed     99.16%
  13  013   44.56%    passed     86.33%
  14  014   44.99%    passed     99.88%
  15  015   45.27%    passed     77.15%
  16  016   46.13%    passed     26.31%
  17  017   44.56%    passed     85.20%
  18  018   45.42%    passed     29.78%
  19  019   44.56%    passed     86.11%
  20  020   45.27%    passed     55.04%
  21  021   45.42%    passed     97.33%
  22  022   44.41%    passed     65.71%
  23  023   44.99%    passed     60.41%
  24  024   45.42%    passed     96.05%
  25  025   45.27%    passed     55.98%
  26  026   44.56%    passed     93.29%
  27  027   45.27%    passed     42.90%
  28  028   45.27%    passed     79.10%
  29  029   45.70%    passed     73.46%
  30  030   44.41%    passed     87.81%
  31  031   44.56%    passed     89.66%
  32  032   45.27%    passed     94.51%
  33  033   45.13%    passed     12.30%
  34  034   46.13%    passed     18.24%
  35  035   44.56%    passed     52.52%
  36  036   46.13%    passed     30.95%
  37  037   45.13%    passed     32.69%
  38  038   45.27%    passed     98.49%
  39  039   44.27%    passed     57.52%
  40  040   44.56%    passed     89.66%
  41  041   45.27%    passed     96.24%
  42  042   45.42%    passed     97.33%
  43  043   44.56%    passed     89.66%
  44  044   44.27%    passed     90.05%
  45  045   45.27%    passed     54.85%
  46  046   45.42%    passed     97.89%
  47  047   45.27%    passed     55.04%
  48  048   45.27%    passed     55.04%
  49  049   44.56%    passed     81.86%
  50  050   45.27%    passed     33.21%
  51  051   45.13%    passed     97.39%
  52  052   45.42%    passed     73.24%
  53  053   45.27%    passed     95.00%
  54  054   44.56%    passed     89.66%
  55  055   44.56%    passed     59.72%
  56  056   45.13%    passed     96.97%
  57  057   45.27%    passed     50.42%
  58  058   44.84%    passed     23.34%
  59  059   45.13%    passed     96.34%
  60  060   45.13%    passed     99.19%
  61  061   44.56%    passed     93.29%
  62  062   44.99%    passed     70.15%
  63  063   46.13%    passed     36.23%
  64  064   44.56%    passed     78.60%
  65  065   44.56%    passed     93.93%
  66  066   44.84%    passed     91.18%
  67  067   45.27%    passed     72.29%
  68  068   45.27%    passed     79.24%
  69  069   45.27%    passed     67.94%
  70  070   45.13%    passed     98.46%
  71  071   45.13%    passed     97.35%
  72  072   45.27%    passed     61.93%
  73  073   44.84%    passed     98.06%
  74  074   44.56%    passed     86.33%
  75  075   46.13%    passed     25.68%
  76  076   45.27%    passed     60.53%
  77  077   44.56%    passed     96.96%
  78  078   45.13%    passed     98.74%
  79  079   44.56%    passed     96.36%
  80  080   45.13%    passed     95.08%
  81  081   44.84%    passed     90.53%
  82  082   44.41%    passed     94.31%
  83  083   44.41%    passed     82.72%
  84  084   46.13%    passed     21.90%
  85  085   44.41%    passed     98.36%
  86  086   44.56%    passed     78.60%
  87  087   43.98%    passed     71.87%
  88  088   45.56%    passed     83.40%
  89  089   44.99%    passed     99.90%
  90  090   45.27%    passed     43.20%
  91  091   45.27%    passed     75.36%
  92  092   44.70%    passed     75.28%
  93  093   44.56%    passed     86.33%
  94  094   44.70%    failed      2.16%
  95  095   45.27%    passed     92.62%
  96  096   45.27%    passed     86.65%
  97  097   44.56%    passed     90.04%
  98  098   45.27%    passed     99.13%
  99  099   44.56%    passed     91.89%
 100  100   44.99%    passed     86.72%
 101  101   44.27%    passed     63.35%
 102  102   45.13%    passed     81.48%
 103  103   45.27%    passed     91.77%
 104  104   45.27%    passed     99.63%
 105  105   44.13%    passed     88.66%
 106  106   45.13%    passed     97.83%
 107  107   45.27%    passed     98.45%
 108  108   45.13%    passed     95.08%
 109  109   45.13%    passed     96.16%
 110  110   44.56%    passed     97.24%
 111  111   45.13%    passed     88.74%
 112  112   45.13%    passed     97.39%
 113  113   45.13%    passed     96.34%
 114  114   46.13%    passed     21.97%
 115  115   44.56%    passed     71.12%
 116  116   45.13%    passed     98.61%
 117  117   44.56%    passed     41.06%
 118  118   45.27%    passed     89.52%
 119  119   45.27%    passed     79.10%
 120  120   44.56%    passed     94.51%
 121  121   45.27%    passed     38.13%
 122  122   44.99%    failed      1.74%
 123  123   44.84%    passed     35.76%
 124  124   44.56%    passed     65.75%
 125  125   44.84%    passed     64.84%
 126  126   44.56%    passed     92.38%
 127  127   44.56%    passed     95.77%
 128  128   44.84%    passed     88.53%
 129  129   44.99%    passed     98.05%
 130  130   45.13%    passed     96.56%
 131  131   44.56%    passed     95.31%
 132  132   44.70%    passed     75.28%
 133  133   44.56%    passed     73.12%
 134  134   44.56%    passed     81.65%
 135  135   44.99%    passed     97.69%
 136  136   45.27%    passed     44.06%
 137  137   45.27%    passed     70.36%
 138  138   44.99%    passed     84.73%
 139  139   45.27%    passed     99.96%
 140  140   45.27%    passed     98.35%
 141  141   45.27%    passed     49.88%
 142  142   45.13%    passed     97.39%
 143  143   45.27%    passed     67.99%
 144  144   45.42%    passed     92.91%
 145  145   44.56%    passed     86.33%
 146  146   44.99%    passed     94.87%
 147  147   45.27%    passed     29.17%
 148  148   44.56%    passed     89.66%
 149  149   45.13%    passed     97.83%
 150  150   44.70%    passed     99.69%
 151  151   45.42%    passed     99.76%
 152  152   38.40%    passed     16.13%
 153  153   44.56%    passed     94.51%
 154  154   45.27%    passed     84.79%
 155  155   45.27%    passed     67.02%
 156  156   45.27%    passed     79.10%
 157  157   44.84%    passed     93.25%
 158  158   45.13%    passed     97.47%
 159  159   45.27%    passed     60.53%
 160  160   45.27%    passed     55.04%
 161  161   45.27%    passed     96.62%
 162  162   44.99%    passed     78.05%
 163  163   44.56%    passed     81.65%
 164  164   45.27%    passed     97.37%
 165  165   44.56%    passed     97.62%
 166  166   44.56%    passed     81.86%
 167  167   44.84%    passed     64.84%
 168  168   44.70%    passed     49.85%
 169  169   44.27%    passed     98.47%
 170  170   45.27%    passed     84.74%
 171  171   46.13%    passed     30.89%
 172  172   45.27%    passed     85.70%
 173  173   44.41%    passed     84.10%
 174  174   44.27%    passed     77.08%
 175  175   44.41%    passed     73.85%
 176  176   45.27%    passed     89.83%
 177  177   45.13%    passed     84.85%
 178  178   45.27%    passed     90.38%
 179  179   45.70%    passed     82.34%
 180  180   44.84%    passed     30.48%
 181  181   46.13%    passed     26.31%
 182  182   44.41%    passed     94.99%
 183  183   45.42%    passed     94.63%
 184  184   44.99%    passed      8.54%
 185  185   45.56%    passed     98.13%
 186  186   46.13%    passed     26.31%
 187  187   44.99%    passed     99.88%
 188  188   44.56%    passed     38.30%
 189  189   46.13%    passed     41.62%
 190  190   45.27%    passed     96.24%
 191  191   44.41%    passed     95.76%
 192  192   44.56%    passed     98.41%
 193  193   43.98%    passed     77.66%
 194  194   45.27%    passed     93.50%
 195  195   45.42%    passed     95.92%
 196  196   45.13%    passed     98.16%
 197  197   43.41%    passed     67.55%
 198  198   44.56%    passed     61.25%
 199  199   44.56%    passed     93.29%
 200  200   44.70%    passed     98.18%
 201  201   44.56%    passed     76.91%
 202  202   45.13%    passed     36.10%
 203  203   44.27%    passed     64.74%
 204  204   44.27%    passed     98.47%
 205  205   44.99%    passed     19.69%
 206  206   44.99%    passed     63.01%
 207  207   44.99%    passed     95.03%
 208  208   38.40%    passed     14.74%
 209  209   44.41%    passed     78.00%
 210  210   44.13%    passed     57.00%
 211  211   44.41%    passed     47.56%
 212  212   45.27%    passed     93.94%
 213  213   45.70%    passed     77.16%
 214  214   45.42%    passed     90.82%
 215  215   45.13%    passed     97.26%
 216  216   44.41%    passed     95.76%
 217  217   45.13%    passed     12.30%
 218  218   44.56%    passed     97.20%
 219  219   45.27%    passed     88.11%
 220  220   44.84%    passed     94.25%
 221  221   45.42%    passed     93.39%
 222  222   44.99%    passed     99.73%
 223  223   46.13%    passed     30.95%
 224  224   45.42%    passed     85.20%
 225  225   44.84%    passed     95.90%
 226  226   44.41%    passed     59.30%
 227  227   44.70%    failed      4.91%
 228  228   40.26%    passed     79.31%
 229  229   45.13%    passed     97.83%
 230  230   45.27%    passed     89.98%
 231  231   44.99%    passed     94.90%
 232  232   44.27%    passed     93.16%
 233  233   44.84%    passed     64.20%
 234  234   45.27%    passed     61.15%
 235  235   45.27%    passed     94.48%
 236  236   44.99%    passed      7.00%
 237  237   44.56%    passed     85.70%
 238  238   45.27%    passed     78.28%
 239  239   44.99%    passed     99.70%
 240  240   44.56%    passed     93.21%
 241  241   44.41%    passed     79.63%
 242  242   45.13%    passed     80.37%
 243  243   44.56%    passed     71.12%
 244  244   44.13%    passed     57.21%
 245  245   44.70%    passed     90.64%
 246  246   44.56%    passed     81.42%
 247  247   45.27%    passed     96.19%
 248  248   44.56%    passed     93.29%
 249  249   44.27%    passed     87.25%
 250  250   45.27%    passed     97.86%
 251  251   45.13%    passed     39.70%
 252  252   44.56%    passed     95.31%
 253  253   45.27%    passed     96.47%
 254  254   44.84%    passed     88.14%
 255  255   44.56%    passed     65.75%
 256  256   44.99%    passed     98.67%
 257  257   44.84%    passed     89.69%
 258  258   45.13%    passed     95.85%
 259  259   45.13%    passed     90.48%
 260  260   45.42%    passed     83.54%
 261  261   44.27%    passed     58.94%
 262  262   39.26%    passed     19.88%
 263  263   44.56%    passed     46.87%
 264  264   44.56%    passed     71.42%
 265  265   46.13%    passed     35.66%
 266  266   44.84%    passed     76.37%
 267  267   44.99%    passed     99.31%
 268  268   45.13%    passed     97.22%
 269  269   45.13%    passed     66.87%
 270  270   44.56%    passed     97.09%
 271  271   46.13%    passed     30.00%
 272  272   44.41%    passed     93.95%
 273  273   44.99%    passed     94.84%
 274  274   45.70%    passed     68.61%
 275  275   44.70%    passed     61.12%
 276  276   44.84%    passed     23.34%
 277  277   44.27%    passed     97.02%
 278  278   44.41%    passed     89.77%
 279  279   44.99%    failed      2.39%
 280  280   44.56%    passed     95.31%
 281  281   45.13%    passed     91.64%
 282  282   44.56%    passed     86.33%
 283  283   45.13%    passed     95.09%
 284  284   43.98%    passed     18.79%
 285  285   44.99%    passed     99.31%
 286  286   44.27%    passed     45.19%
 287  287   43.27%    passed     11.23%
 288  288   44.99%    passed     68.73%
 289  289   54.44%    failed      4.34%
 290  290   45.13%    passed     92.94%
 291  291   44.99%    passed     66.40%
 292  292   44.56%    passed     86.33%
 293  293   45.27%    passed     55.98%
 294  294   45.13%    passed     86.37%
 295  295   45.70%    passed     93.89%
 296  296   44.99%    passed     92.60%
 297  297   45.42%    passed     99.91%
 298  298   44.84%    passed     89.39%
 299  299   44.99%    passed     68.73%
 300  300   45.13%    passed     89.54%
 301  301   44.41%    passed     90.10%
 302  302   44.56%    passed     86.11%
 303  303   44.99%    passed     76.32%
 304  304   44.27%    passed     44.53%
 305  305   44.56%    passed     98.90%
 306  306   45.13%    passed     40.37%
 307  307   44.56%    passed     85.70%
 308  308   44.56%    passed     95.31%
 309  309   44.56%    passed     96.56%
 310  310   45.27%    passed     94.07%
 311  311   44.27%    passed     93.01%
 312  312   45.27%    passed     79.04%
 313  313   44.41%    passed     40.79%
 314  314   45.13%    passed     70.45%
 315  315   45.13%    passed     92.61%
 316  316   45.27%    passed     91.77%
 317  317   44.70%    passed     85.80%
 318  318   45.42%    passed     91.52%
 319  319   44.84%    passed     19.05%
 320  320   37.54%    passed     11.13%
 321  321   44.56%    passed     92.38%
 322  322   44.99%    passed     66.40%
 323  323   44.99%    passed     99.76%
 324  324   44.99%    passed      7.82%
 325  325   45.13%    passed      9.69%
 326  326   44.99%    passed     67.94%
 327  327   44.70%    passed     77.25%
 328  328   36.68%    passed      8.36%
 329  329   44.56%    passed     89.66%
 330  330   45.13%    passed     96.32%
 331  331   45.13%    passed     97.26%
 332  332   44.56%    passed     68.12%
 333  333   44.99%    passed     51.90%
 334  334   45.13%    passed     99.78%
 335  335   44.99%    passed     92.73%
 336  336   44.99%    passed     87.43%
 337  337   45.13%    passed     57.59%
 338  338   44.99%    passed     68.73%
 339  339   45.13%    passed     90.99%
 340  340   45.13%    passed     97.04%
 341  341   45.13%    passed     80.93%
 342  342   44.56%    passed     98.90%
 343  343   45.13%    passed      9.95%
 344  344   44.56%    passed     93.29%
 345  345   45.27%    passed     28.25%
 346  346   45.13%    passed     96.29%
 347  347   46.13%    passed     41.62%
 348  348   43.98%    passed     91.41%
 349  349   45.13%    passed     70.45%
 350  350   45.13%    passed     97.26%
 351  351   41.40%    passed     67.45%
 352  352   45.70%    passed     82.50%
 353  353   44.13%    passed     45.69%
 354  354   45.42%    passed     24.93%
 355  355   45.42%    passed     97.62%
 356  356   43.41%    passed     55.83%
 357  357   45.13%    passed     55.59%
 358  358   44.56%    passed     71.06%
 359  359   44.84%    passed     98.07%
 360  360   45.13%    passed     67.86%
 361  361   44.13%    passed     96.06%
 362  362   46.28%    passed     87.57%
 363  363   44.56%    passed     65.22%
 364  364   44.84%    passed     75.47%
 365  365   46.13%    passed     35.46%
 366  366   45.27%    passed     97.37%
 367  367   43.55%    passed     94.99%
 368  368   45.13%    passed     69.64%
 369  369   44.56%    passed     95.36%
 370  370   44.84%    passed     79.83%
 371  371   44.27%    passed     95.85%
 372  372   44.56%    passed     86.02%
 373  373   44.99%    passed     59.23%
 374  374   45.70%    passed     50.91%
 375  375   45.27%    passed     94.48%
 376  376   44.99%    failed      4.15%
 377  377   45.56%    passed     25.47%
 378  378   44.56%    passed     85.20%
 379  379   45.70%    passed     73.42%
 380  380   37.39%    passed     47.08%
 381  381   44.99%    passed     96.11%
 382  382   45.27%    passed     89.46%
 383  383   44.99%    passed     99.44%
 384  384   44.27%    passed     99.68%
 385  385   45.42%    passed     97.35%
 386  386   45.27%    passed     88.26%
 387  387   44.70%    passed     94.36%
 388  388   44.56%    passed     94.07%
 389  389   44.84%    passed     70.65%
 390  390   45.27%    passed     82.85%
 391  391   45.27%    passed     71.48%
 392  392   45.70%    passed     62.76%
 393  393   44.56%    passed     90.04%
 394  394   45.85%    passed     90.96%
 395  395   44.99%    passed     93.73%
 396  396   43.70%    passed     54.58%
 397  397   45.27%    passed     33.21%
 398  398   45.13%    passed     92.30%
 399  399   44.41%    passed     90.90%
 400  400   44.56%    passed     93.38%
 401  401   44.27%    passed     34.61%
 402  402   44.56%    passed     86.02%
 403  403   44.27%    passed     56.45%
 404  404   38.40%    passed     88.74%
 405  405   46.13%    passed     38.69%
 406  406   45.13%    passed     91.64%
 407  407   45.13%    passed     97.75%
 408  408   44.56%    passed     69.23%
 409  409   44.84%    passed     58.13%
 410  410   45.27%    passed     95.46%
 411  411   44.27%    passed     26.23%
 412  412   43.84%    passed     13.19%
 413  413   46.85%    failed      1.40%
 414  414   45.13%    passed     80.37%
 415  415   45.27%    passed     68.01%
 416  416   44.41%    passed     91.05%
 417  417   45.27%    passed     49.08%
 418  418   44.56%    passed     97.73%
 419  419   44.56%    passed     95.77%
 420  420   44.56%    passed     99.62%
 421  421   44.56%    passed     88.56%
 422  422   45.70%    passed     73.42%
 423  423   46.13%    passed     17.76%
 424  424   44.99%    passed     99.37%
 425  425   44.84%    passed     93.55%
 426  426   44.27%    passed     89.76%
 427  427   45.13%    passed     76.50%
 428  428   44.84%    passed     98.07%
 429  429   54.30%    failed      3.48%
 430  430   45.13%    passed      9.55%
 431  431   62.46%    failed      0.24%
 432  432   45.13%    passed     89.71%
 433  433   44.56%    passed     86.33%
 434  434   44.84%    passed     64.84%
 435  435   33.52%    failed      0.23%
 436  436   44.84%    passed     95.78%
 437  437   44.70%    passed     86.48%
 438  438   44.99%    passed      8.54%
 439  439   44.99%    passed     79.67%
 440  440   45.13%    passed     30.89%
 441  441   44.99%    passed     15.79%
 442  442   45.27%    passed     32.62%
 443  443   45.56%    passed     91.14%
 444  444   44.56%    passed     86.33%
 445  445   44.84%    passed     94.65%
 446  446   44.70%    passed     63.52%
 447  447   43.70%    passed     81.69%
 448  448   45.13%    passed     81.10%
 449  449   44.70%    passed     63.66%
 450  450   44.56%    passed     97.91%
 451  451   44.27%    failed      0.42%
 452  452   45.27%    passed     92.56%
 453  453   69.77%    passed     78.45%
 454  454   44.27%    passed     97.84%
 455  455   45.85%    passed     27.40%
 456  456   44.27%    passed     91.33%
 457  457   59.46%    failed      0.02%
 458  458   44.84%    passed     97.80%
 459  459   44.99%    passed     28.01%
 460  460   44.99%    passed      8.49%
 461  461   44.56%    passed     89.66%
 462  462   44.84%    passed     97.81%
 463  463   45.70%    passed     51.60%
 464  464   45.13%    passed     97.75%
 465  465   45.13%    passed     46.88%
 466  466   44.99%    passed     99.20%
 467  467   45.13%    passed     98.98%
 468  468   44.99%    passed     99.44%
 469  469   45.13%    passed     84.45%
 470  470   54.44%    passed      6.99%
 471  471   45.13%    passed     70.20%
 472  472   45.13%    passed     81.09%
 473  473   44.27%    passed     99.09%
 474  474   45.13%    passed     94.94%
 475  475   44.56%    passed     90.44%
 476  476   44.99%    passed     95.95%
 477  477   44.56%    passed     76.61%
 478  478   45.13%    passed     65.50%
 479  479   45.13%    passed     96.68%
 480  480   44.56%    passed     79.74%
 481  481   44.84%    passed     83.08%
 482  482   44.99%    passed     77.44%
 483  483   60.74%    passed     23.44%
 484  484   45.13%    passed     36.03%
 485  485   56.02%    passed     79.66%
 486  486   43.55%    passed     97.29%
 487  487   43.84%    passed     92.03%
 488  488   43.98%    passed     21.22%
 489  489   44.99%    passed     65.63%
 490  490   44.70%    passed     20.21%
 491  491   44.27%    passed     81.78%
 492  492   44.56%    passed     95.53%
 493  493   44.41%    passed     56.17%
 494  494   44.70%    passed     98.55%
 495  495   44.84%    passed     52.59%
 496  496   44.27%    passed     98.82%
 497  497   45.27%    passed     85.17%
 498  498   52.29%    passed     17.82%
 499  499   61.03%    passed     92.83%
 500  500   45.27%    passed     94.99%
 501  501   44.13%    passed     84.87%
 502  502   44.70%    passed     94.83%
 503  503   45.13%    passed     83.88%
 504  504   45.99%    passed     20.72%
 505  505   44.84%    passed     97.15%
 506  506   44.27%    passed     84.91%
 507  507   44.99%    passed     98.95%
 508  509   44.27%    passed     62.03%
 509  510   44.99%    passed     76.50%
 510  511   44.99%    passed     99.02%
 511  512   43.70%    passed     96.64%
 512  513   49.14%    passed     48.99%
 513  514   46.56%    passed     91.57%
 514  515   44.70%    passed     87.75%
 515  516   45.27%    passed     19.74%
 516  517   46.28%    passed     53.37%
 517  518   44.84%    passed     75.90%
 518  519   44.84%    passed     99.65%
 519  520   44.56%    passed     80.99%
 520  521   44.84%    passed     82.51%
 521  522   44.84%    passed     80.59%
 522  523   44.84%    passed     95.38%
 523  524   44.70%    passed     57.83%
 524  525   62.75%    failed      0.82%
 525  526   33.67%    failed      0.37%
 526  527   44.99%    passed     94.52%
 527  528   60.03%    passed     52.13%
 528  529   60.60%    failed      0.01%
 529  530   45.27%    passed     28.62%
 530  531   45.13%    passed     89.88%
 531  532   44.99%    failed      4.11%
 532  533   44.56%    passed     76.49%
 533  534   44.70%    passed     67.84%
 534  535   54.87%    passed     61.35%
 535  536   45.70%    passed     68.79%
 536  537   45.27%    passed     95.39%
 537  538   59.89%    passed     35.97%
 538  539   45.27%    passed     67.13%
 539  540   62.46%    failed      0.10%
 540  541   44.99%    passed     71.51%
 541  542   33.67%    failed      0.36%
 542  543   45.13%    passed     93.24%
 543  544   44.99%    passed     96.00%
 544  545   44.99%    passed     98.77%
 545  546   44.99%    passed     99.69%
 546  547   44.84%    passed     45.79%
 547  548   45.42%    passed     99.80%
 548  549   45.27%    passed     85.13%
 549  550   45.42%    passed     92.37%
 550  551   45.13%    passed     94.37%
 551  552   45.42%    passed     48.83%
 552  553   45.13%    passed     61.75%
 553  554   47.13%    failed      0.05%
 554  555   49.14%    passed     74.61%
 555  556   44.99%    passed     96.73%
 556  557   44.70%    passed     67.71%
 557  558   44.70%    passed     76.56%
 558  559   44.99%    passed     10.23%
 559  560   44.70%    passed     73.48%
 560  561   45.13%    passed     95.23%
 561  562   45.27%    passed     67.02%
 562  563   45.27%    passed     60.53%
 563  564   48.42%    passed     60.08%
 564  565   48.71%    passed     61.35%
 565  566   45.85%    passed     53.59%
 566  567   45.42%    passed     89.25%
 567  568   44.70%    passed     55.75%
 568  569   40.26%    passed     77.99%
 569  571   45.27%    passed     66.75%
 570  572   41.55%    failed      0.00%
 571  573   44.84%    passed     94.43%
 572  574   46.85%    passed     85.52%
 573  575   44.84%    passed     83.25%
 574  576   44.84%    passed     77.76%
 575  577   44.99%    passed     50.28%
 576  578   44.99%    passed     91.00%
 577  579   44.99%    passed     99.44%
 578  580   43.55%    passed     43.44%
 579  582   44.41%    passed     91.36%
 580  583   44.99%    passed     91.57%
 581  584   44.56%    passed     47.66%
 582  585   58.31%    failed      0.01%
 583  588   49.14%    passed     83.65%
 584  589   44.56%    passed     96.29%
 585  590   45.27%    passed     96.74%
 586  592   60.89%    failed      1.87%
 587  593   48.57%    passed     62.12%
 588  594   44.41%    failed      0.48%
 589  595   46.13%    passed     28.16%
 590  596   47.99%    passed     70.64%
 591  597   44.56%    passed     96.29%
 592  598   57.02%    passed     96.40%
 593  599   45.27%    passed     99.62%
 594  600   48.14%    passed     41.06%
 595  601   44.84%    passed     89.20%
 596  602   44.99%    passed     81.49%
 597  603   57.02%    passed     78.50%
 598  604   51.15%    passed     66.70%
 599  605   51.15%    passed     60.11%
WARNING: 22 sequences contain more than 50% gaps/ambiguity
****  TOTAL   45.33%  23 sequences failed composition chi2 test (p-value<5%; df=3)


Create initial parsimony tree by phylogenetic likelihood library (PLL)... 0.233 seconds
NOTE: ModelFinder requires 47 MB RAM!
ModelFinder will test 88 DNA models (sample size: 698) ...
 No. Model         -LnL         df  AIC          AICc         BIC
  1  JC            38801.435    1195 79992.870    2938432.870  85427.992
  2  JC+I          38635.106    1196 79662.213    2942886.213  85101.883
  3  JC+G4         34505.099    1196 71402.198    2934626.198  76841.868
  4  JC+I+G4       34492.224    1197 71378.448    2939390.448  76822.666
  5  F81+F         38819.055    1198 80034.110    2952838.110  85482.876
  6  F81+F+I       38656.074    1199 79710.147    2957310.147  85163.462
  7  F81+F+G4      34515.587    1199 71429.173    2949029.173  76882.488
  8  F81+F+I+G4    34503.900    1200 71407.800    2953807.800  76865.663
  9  K2P           38415.980    1196 79223.960    2942447.960  84663.630
 10  K2P+I         38248.843    1197 78891.686    2946903.686  84335.905
 11  K2P+G4        34047.575    1197 70489.149    2938501.149  75933.367
 12  K2P+I+G4      34035.447    1198 70466.895    2943270.895  75915.661
 13  HKY+F         38408.330    1199 79214.660    2956814.660  84667.974
 14  HKY+F+I       38244.675    1200 78889.350    2961289.350  84347.213
 15  HKY+F+G4      34025.363    1200 70450.727    2952850.727  75908.590
 16  HKY+F+I+G4    34013.058    1201 70428.116    2957632.116  75890.527
 17  TNe           38386.970    1197 79167.940    2947179.940  84612.159
 18  TNe+I         38227.142    1198 78850.285    2951654.285  84299.051
 19  TNe+G4        34037.315    1198 70470.630    2943274.630  75919.397
 20  TNe+I+G4      34025.547    1199 70449.095    2948049.095  75902.409
 21  TN+F          38361.390    1200 79122.781    2961522.781  84580.644
 22  TN+F+I        38207.588    1201 78817.177    2966021.177  84279.588
 23  TN+F+G4       34003.535    1201 70409.070    2957613.070  75871.481
 24  TN+F+I+G4     33992.275    1202 70388.549    2962400.549  75855.509
 25  K3P           38416.003    1197 79226.006    2947238.006  84670.224
 26  K3P+I         38248.837    1198 78893.675    2951697.675  84342.441
 27  K3P+G4        34047.566    1198 70491.133    2943295.133  75939.899
 28  K3P+I+G4      34035.438    1199 70468.876    2948068.876  75922.191
 29  K3Pu+F        38407.466    1200 79214.931    2961614.931  84672.794
 30  K3Pu+F+I      38243.922    1201 78889.844    2966093.844  84352.255
 31  K3Pu+F+G4     34024.682    1201 70451.365    2957655.365  75913.776
 32  K3Pu+F+I+G4   34012.381    1202 70428.761    2962440.761  75895.721
 33  TPM2+F        38380.757    1200 79161.515    2961561.515  84619.377
 34  TPM2+F+I      38218.863    1201 78839.726    2966043.726  84302.138
 35  TPM2+F+G4     33995.849    1201 70393.698    2957597.698  75856.109
 36  TPM2+F+I+G4   33983.798    1202 70371.596    2962383.596  75838.555
 37  TPM2u+F       38380.766    1200 79161.533    2961561.533  84619.396
 38  TPM2u+F+I     38218.864    1201 78839.728    2966043.728  84302.139
 39  TPM2u+F+G4    33995.849    1201 70393.698    2957597.698  75856.109
 40  TPM2u+F+I+G4  33983.801    1202 70371.601    2962383.601  75838.561
 41  TPM3+F        38404.478    1200 79208.956    2961608.956  84666.819
 42  TPM3+F+I      38239.806    1201 78881.612    2966085.612  84344.023
 43  TPM3+F+G4     34022.385    1201 70446.770    2957650.770  75909.181
 44  TPM3+F+I+G4   34010.079    1202 70424.159    2962436.159  75891.118
 45  TPM3u+F       38404.480    1200 79208.961    2961608.961  84666.824
 46  TPM3u+F+I     38239.806    1201 78881.612    2966085.612  84344.023
 47  TPM3u+F+G4    34022.385    1201 70446.770    2957650.770  75909.181
 48  TPM3u+F+I+G4  34010.076    1202 70424.153    2962436.153  75891.112
 49  TIMe          38386.939    1198 79169.879    2951973.879  84618.645
 50  TIMe+I        38227.117    1199 78852.234    2956452.234  84305.549
 51  TIMe+G4       34037.305    1199 70472.611    2948072.611  75925.926
 52  TIMe+I+G4     34025.533    1200 70451.065    2952851.065  75908.928
 53  TIM+F         38360.510    1201 79123.020    2966327.020  84585.431
 54  TIM+F+I       38206.829    1202 78817.659    2970829.659  84284.618
 55  TIM+F+G4      34002.749    1202 70409.498    2962421.498  75876.458
 56  TIM+F+I+G4    33991.507    1203 70389.014    2967213.014  75860.522
 57  TIM2e         38374.593    1198 79145.187    2951949.187  84593.953
 58  TIM2e+I       38216.085    1199 78830.170    2956430.170  84283.485
 59  TIM2e+G4      34026.678    1199 70451.357    2948051.357  75904.671
 60  TIM2e+I+G4    34015.078    1200 70430.157    2952830.157  75888.020
 61  TIM2+F        38334.163    1201 79070.326    2966274.326  84532.737
 62  TIM2+F+I      38182.061    1202 78768.123    2970780.123  84235.082
 63  TIM2+F+G4     33974.865    1202 70353.730    2962365.730  75820.690
 64  TIM2+F+I+G4   33963.847    1203 70333.693    2967157.693  75805.201
 65  TIM3e         38345.273    1198 79086.545    2951890.545  84535.312
 66  TIM3e+I       38183.531    1199 78765.062    2956365.062  84218.377
 67  TIM3e+G4      33991.169    1199 70380.337    2947980.337  75833.652
 68  TIM3e+I+G4    33979.533    1200 70359.066    2952759.066  75816.929
 69  TIM3+F        38357.265    1201 79116.531    2966320.531  84578.942
 70  TIM3+F+I      38202.427    1202 78808.854    2970820.854  84275.813
 71  TIM3+F+G4     34000.465    1202 70404.929    2962416.929  75871.889
 72  TIM3+F+I+G4   33989.072    1203 70384.143    2967208.143  75855.651
 73  TVMe          38361.975    1199 79121.949    2956721.949  84575.264
 74  TVMe+I        38194.195    1200 78788.390    2961188.390  84246.252
 75  TVMe+G4       33991.109    1200 70382.219    2952782.219  75840.082
 76  TVMe+I+G4     33978.891    1201 70359.782    2957563.782  75822.193
 77  TVM+F         38376.751    1202 79157.502    2971169.502  84624.462
 78  TVM+F+I       38213.817    1203 78833.633    2975657.633  84305.141
 79  TVM+F+G4      33992.537    1203 70391.073    2967215.073  75862.581
 80  TVM+F+I+G4    33980.611    1204 70369.223    2972009.223  75845.279
 81  SYM           38332.710    1200 79065.421    2961465.421  84523.284
 82  SYM+I         38172.250    1201 78746.500    2965950.500  84208.911
 83  SYM+G4        33980.111    1201 70362.222    2957566.222  75824.634
 84  SYM+I+G4      33968.582    1202 70341.164    2962353.164  75808.123
 85  GTR+F         38329.867    1203 79065.735    2975889.735  84537.243
 86  GTR+F+I       38176.713    1204 78761.427    2980401.427  84237.483
 87  GTR+F+G4      33971.562    1204 70351.124    2971991.124  75827.179
 88  GTR+F+I+G4    33960.453    1205 70330.906    2976790.906  75811.510
Akaike Information Criterion:           GTR+F+I+G4
Corrected Akaike Information Criterion: JC+G4
Bayesian Information Criterion:         TIM2+F+I+G4
Best-fit model: TIM2+F+I+G4 chosen according to BIC

All model information printed to all_18s_aligns.fasta.model.gz
CPU time for ModelFinder: 241.039 seconds (0h:4m:1s)
Wall-clock time for ModelFinder: 242.056 seconds (0h:4m:2s)
Generating 1000 samples for ultrafast bootstrap (seed: 268352)...

NOTE: 47 MB RAM (0 GB) is required!
Estimate model parameters (epsilon = 0.100)
Thoroughly optimizing +I+G parameters from 10 start values...
Init pinv, alpha: 0.000, 1.000 / Estimate: 0.020, 0.652 / LogL: -33964.122
Init pinv, alpha: 0.029, 1.000 / Estimate: 0.022, 0.652 / LogL: -33963.775
Init pinv, alpha: 0.059, 1.000 / Estimate: 0.023, 0.651 / LogL: -33963.479
Init pinv, alpha: 0.088, 1.000 / Estimate: 0.023, 0.650 / LogL: -33963.222
Init pinv, alpha: 0.118, 1.000 / Estimate: 0.023, 0.648 / LogL: -33962.976
Init pinv, alpha: 0.147, 1.000 / Estimate: 0.023, 0.647 / LogL: -33962.787
Init pinv, alpha: 0.177, 1.000 / Estimate: 0.023, 0.647 / LogL: -33962.620
Init pinv, alpha: 0.206, 1.000 / Estimate: 0.024, 0.646 / LogL: -33962.478
Init pinv, alpha: 0.236, 1.000 / Estimate: 0.024, 0.645 / LogL: -33962.364
Init pinv, alpha: 0.265, 1.000 / Estimate: 0.024, 0.644 / LogL: -33962.278
Optimal pinv,alpha: 0.024, 0.644 / LogL: -33962.278

Parameters optimization took 84.717 sec
Computing ML distances based on estimated model parameters... 4.736 sec
WARNING: Some pairwise ML distances are too long (saturated)
Computing BIONJ tree...
1.020 seconds
Log-likelihood of BIONJ tree: -34150.834
--------------------------------------------------------------------
|             INITIALIZING CANDIDATE TREE SET                      |
--------------------------------------------------------------------
Generating 98 parsimony trees... 22.866 second
Computing log-likelihood of 98 initial trees ... 50.247 seconds
Current best score: -33801.314

Do NNI search on 20 best initial trees
Estimate model parameters (epsilon = 0.100)
BETTER TREE FOUND at iteration 1: -33566.705
Iteration 10 / LogL: -33610.115 / Time: 0h:7m:10s
Iteration 20 / LogL: -33614.802 / Time: 0h:11m:23s
Finish initializing candidate tree set (20)
Current best tree score: -33566.705 / CPU time: 587.305
Number of iterations: 20
--------------------------------------------------------------------
|               OPTIMIZING CANDIDATE TREE SET                      |
--------------------------------------------------------------------
Estimate model parameters (epsilon = 0.100)
BETTER TREE FOUND at iteration 22: -33562.483
Estimate model parameters (epsilon = 0.100)
BETTER TREE FOUND at iteration 24: -33557.453
Estimate model parameters (epsilon = 0.100)
BETTER TREE FOUND at iteration 25: -33549.794
Iteration 30 / LogL: -33558.497 / Time: 0h:13m:45s (0h:45m:4s left)
Estimate model parameters (epsilon = 0.100)
BETTER TREE FOUND at iteration 37: -33547.458
Estimate model parameters (epsilon = 0.100)
BETTER TREE FOUND at iteration 38: -33531.890
Estimate model parameters (epsilon = 0.100)
BETTER TREE FOUND at iteration 40: -33519.535
Iteration 40 / LogL: -33519.535 / Time: 0h:16m:8s (0h:41m:23s left)
Iteration 50 / LogL: -33672.769 / Time: 0h:18m:52s (0h:34m:39s left)
Log-likelihood cutoff on original alignment: -33695.168
Estimate model parameters (epsilon = 0.100)
BETTER TREE FOUND at iteration 58: -33518.179
Iteration 60 / LogL: -33571.792 / Time: 0h:21m:24s (0h:35m:33s left)
Estimate model parameters (epsilon = 0.100)
BETTER TREE FOUND at iteration 64: -33498.395
Estimate model parameters (epsilon = 0.100)
BETTER TREE FOUND at iteration 65: -33486.831
Iteration 70 / LogL: -33611.670 / Time: 0h:23m:54s (0h:32m:55s left)
Iteration 80 / LogL: -33540.570 / Time: 0h:26m:23s (0h:28m:23s left)
Iteration 90 / LogL: -33584.034 / Time: 0h:28m:58s (0h:24m:24s left)
Iteration 100 / LogL: -33552.395 / Time: 0h:31m:28s (0h:20m:39s left)
Log-likelihood cutoff on original alignment: -33693.075
NOTE: Bootstrap correlation coefficient of split occurrence frequencies: 0.937
NOTE: UFBoot does not converge, continue at least 100 more iterations
Iteration 110 / LogL: -33557.870 / Time: 0h:34m:0s (0h:28m:4s left)
Iteration 120 / LogL: -33506.243 / Time: 0h:36m:44s (0h:24m:41s left)
Estimate model parameters (epsilon = 0.100)
BETTER TREE FOUND at iteration 127: -33485.907
Estimate model parameters (epsilon = 0.100)
BETTER TREE FOUND at iteration 128: -33484.800
Iteration 130 / LogL: -33536.569 / Time: 0h:39m:40s (0h:30m:8s left)
Iteration 140 / LogL: -33531.345 / Time: 0h:42m:9s (0h:26m:41s left)
Estimate model parameters (epsilon = 0.100)
BETTER TREE FOUND at iteration 143: -33475.062
Iteration 150 / LogL: -33517.188 / Time: 0h:45m:18s (0h:28m:16s left)
Log-likelihood cutoff on original alignment: -33693.075
Iteration 160 / LogL: -33515.982 / Time: 0h:48m:2s (0h:25m:4s left)
Iteration 170 / LogL: -33640.678 / Time: 0h:50m:48s (0h:21m:56s left)
Iteration 180 / LogL: -33516.251 / Time: 0h:53m:32s (0h:18m:50s left)
Iteration 190 / LogL: -33559.737 / Time: 0h:55m:56s (0h:15m:41s left)
Iteration 200 / LogL: -33539.228 / Time: 0h:58m:15s (0h:12m:35s left)
Log-likelihood cutoff on original alignment: -33693.075
NOTE: Bootstrap correlation coefficient of split occurrence frequencies: 0.974
NOTE: UFBoot does not converge, continue at least 100 more iterations
Iteration 210 / LogL: -33484.104 / Time: 1h:0m:56s (0h:26m:14s left)
Iteration 220 / LogL: -33590.000 / Time: 1h:3m:42s (0h:23m:16s left)
Iteration 230 / LogL: -33534.803 / Time: 1h:6m:50s (0h:20m:25s left)
Estimate model parameters (epsilon = 0.100)
BETTER TREE FOUND at iteration 231: -33474.575
Iteration 240 / LogL: -33526.390 / Time: 1h:9m:25s (0h:26m:26s left)
Iteration 250 / LogL: -33490.716 / Time: 1h:12m:3s (0h:23m:26s left)
Log-likelihood cutoff on original alignment: -33693.075
Iteration 260 / LogL: -33507.127 / Time: 1h:14m:48s (0h:20m:30s left)
Iteration 270 / LogL: -33524.038 / Time: 1h:17m:30s (0h:17m:34s left)
Iteration 280 / LogL: -33579.133 / Time: 1h:20m:8s (0h:14m:38s left)
Iteration 290 / LogL: -33546.126 / Time: 1h:22m:34s (0h:11m:42s left)
Iteration 300 / LogL: -33481.869 / Time: 1h:25m:34s (0h:8m:52s left)
Log-likelihood cutoff on original alignment: -33693.075
NOTE: Bootstrap correlation coefficient of split occurrence frequencies: 0.984
NOTE: UFBoot does not converge, continue at least 100 more iterations
Iteration 310 / LogL: -33704.375 / Time: 1h:28m:11s (0h:25m:41s left)
Iteration 320 / LogL: -33498.543 / Time: 1h:30m:41s (0h:22m:44s left)
Iteration 330 / LogL: -33524.447 / Time: 1h:33m:24s (0h:19m:52s left)
Iteration 340 / LogL: -33628.080 / Time: 1h:36m:8s (0h:17m:0s left)
Iteration 350 / LogL: -33510.335 / Time: 1h:38m:45s (0h:14m:8s left)
Log-likelihood cutoff on original alignment: -33693.075
Iteration 360 / LogL: -33523.958 / Time: 1h:41m:44s (0h:11m:20s left)
Iteration 370 / LogL: -33610.835 / Time: 1h:44m:12s (0h:8m:28s left)
Estimate model parameters (epsilon = 0.100)
BETTER TREE FOUND at iteration 376: -33472.017
Iteration 380 / LogL: -33497.792 / Time: 1h:46m:38s (0h:27m:0s left)
Iteration 390 / LogL: -33560.241 / Time: 1h:49m:31s (0h:24m:12s left)
Estimate model parameters (epsilon = 0.100)
BETTER TREE FOUND at iteration 392: -33440.956
Iteration 400 / LogL: -33511.833 / Time: 1h:52m:28s (0h:25m:56s left)
Log-likelihood cutoff on original alignment: -33693.075
NOTE: Bootstrap correlation coefficient of split occurrence frequencies: 0.963
NOTE: UFBoot does not converge, continue at least 100 more iterations
Iteration 410 / LogL: -33489.047 / Time: 1h:55m:9s (0h:25m:20s left)
Iteration 420 / LogL: -33645.033 / Time: 1h:57m:47s (0h:22m:29s left)
Iteration 430 / LogL: -33587.673 / Time: 2h:0m:31s (0h:19m:39s left)
Iteration 440 / LogL: -33496.035 / Time: 2h:3m:16s (0h:16m:50s left)
Iteration 450 / LogL: -33562.335 / Time: 2h:5m:55s (0h:14m:1s left)
Log-likelihood cutoff on original alignment: -33689.288
Estimate model parameters (epsilon = 0.100)
BETTER TREE FOUND at iteration 453: -33426.097
Iteration 460 / LogL: -33475.040 / Time: 2h:8m:30s (0h:26m:2s left)
Iteration 470 / LogL: -33467.982 / Time: 2h:11m:31s (0h:23m:16s left)
Iteration 480 / LogL: -33461.852 / Time: 2h:14m:16s (0h:20m:27s left)
Iteration 490 / LogL: -33486.338 / Time: 2h:16m:38s (0h:17m:36s left)
Iteration 500 / LogL: -33522.742 / Time: 2h:19m:8s (0h:14m:46s left)
Log-likelihood cutoff on original alignment: -33689.288
NOTE: Bootstrap correlation coefficient of split occurrence frequencies: 0.916
NOTE: UFBoot does not converge, continue at least 100 more iterations
Iteration 510 / LogL: -33458.014 / Time: 2h:21m:43s (0h:25m:3s left)
Iteration 520 / LogL: -33500.310 / Time: 2h:24m:35s (0h:22m:17s left)
Iteration 530 / LogL: -33530.363 / Time: 2h:27m:28s (0h:19m:30s left)
Iteration 540 / LogL: -33433.691 / Time: 2h:30m:1s (0h:16m:42s left)
Iteration 550 / LogL: -33459.033 / Time: 2h:32m:39s (0h:13m:54s left)
Log-likelihood cutoff on original alignment: -33689.288
Iteration 560 / LogL: -33449.336 / Time: 2h:35m:25s (0h:11m:7s left)
Iteration 570 / LogL: -33455.648 / Time: 2h:38m:15s (0h:8m:20s left)
Iteration 580 / LogL: -33559.317 / Time: 2h:41m:2s (0h:5m:33s left)
Iteration 590 / LogL: -33470.459 / Time: 2h:43m:38s (0h:2m:46s left)
Iteration 600 / LogL: -33476.566 / Time: 2h:46m:30s (0h:0m:0s left)
Log-likelihood cutoff on original alignment: -33689.288
NOTE: Bootstrap correlation coefficient of split occurrence frequencies: 0.913
NOTE: UFBoot does not converge, continue at least 100 more iterations
Iteration 610 / LogL: -33499.381 / Time: 2h:49m:35s (0h:25m:3s left)
Iteration 620 / LogL: -33534.306 / Time: 2h:52m:31s (0h:22m:17s left)
Iteration 630 / LogL: -33443.726 / Time: 2h:55m:3s (0h:19m:28s left)
Iteration 640 / LogL: -33626.176 / Time: 2h:57m:42s (0h:16m:41s left)
Iteration 650 / LogL: -33604.364 / Time: 3h:0m:35s (0h:13m:54s left)
Log-likelihood cutoff on original alignment: -33689.288
Estimate model parameters (epsilon = 0.100)
BETTER TREE FOUND at iteration 655: -33424.917
Iteration 660 / LogL: -33573.565 / Time: 3h:3m:27s (0h:26m:26s left)
Iteration 670 / LogL: -33445.643 / Time: 3h:6m:35s (0h:23m:42s left)
Estimate model parameters (epsilon = 0.100)
BETTER TREE FOUND at iteration 675: -33421.627
Iteration 680 / LogL: -33609.089 / Time: 3h:9m:18s (0h:26m:29s left)
Iteration 690 / LogL: -33505.506 / Time: 3h:12m:10s (0h:23m:42s left)
Iteration 700 / LogL: -33466.491 / Time: 3h:15m:7s (0h:20m:56s left)
Log-likelihood cutoff on original alignment: -33689.288
NOTE: Bootstrap correlation coefficient of split occurrence frequencies: 0.900
NOTE: UFBoot does not converge, continue at least 100 more iterations
Iteration 710 / LogL: -33566.973 / Time: 3h:18m:0s (0h:25m:8s left)
Iteration 720 / LogL: -33427.437 / Time: 3h:20m:54s (0h:22m:21s left)
Iteration 730 / LogL: -33485.289 / Time: 3h:23m:35s (0h:19m:32s left)
Iteration 740 / LogL: -33453.890 / Time: 3h:26m:16s (0h:16m:44s left)
Iteration 750 / LogL: -33493.371 / Time: 3h:28m:49s (0h:13m:56s left)
Log-likelihood cutoff on original alignment: -33689.288
Iteration 760 / LogL: -33441.764 / Time: 3h:31m:41s (0h:11m:9s left)
Iteration 770 / LogL: -33445.630 / Time: 3h:34m:15s (0h:8m:21s left)
Iteration 780 / LogL: -33564.189 / Time: 3h:37m:23s (0h:5m:34s left)
Iteration 790 / LogL: -33466.505 / Time: 3h:40m:30s (0h:2m:47s left)
Iteration 800 / LogL: -33522.857 / Time: 3h:43m:45s (0h:0m:0s left)
Log-likelihood cutoff on original alignment: -33689.288
NOTE: Bootstrap correlation coefficient of split occurrence frequencies: 0.913
NOTE: UFBoot does not converge, continue at least 100 more iterations
Estimate model parameters (epsilon = 0.100)
BETTER TREE FOUND at iteration 807: -33415.379
Iteration 810 / LogL: -33550.067 / Time: 3h:46m:57s (0h:27m:12s left)
Iteration 820 / LogL: -33466.731 / Time: 3h:49m:59s (0h:24m:25s left)
Iteration 830 / LogL: -33451.056 / Time: 3h:52m:45s (0h:21m:37s left)
Iteration 840 / LogL: -33424.134 / Time: 3h:55m:41s (0h:18m:49s left)
Iteration 850 / LogL: -33446.564 / Time: 3h:58m:22s (0h:16m:0s left)
Log-likelihood cutoff on original alignment: -33689.288
Estimate model parameters (epsilon = 0.100)
BETTER TREE FOUND at iteration 860: -33413.922
Iteration 860 / LogL: -33413.922 / Time: 4h:1m:14s (0h:28m:5s left)
Iteration 870 / LogL: -33517.592 / Time: 4h:4m:41s (0h:25m:20s left)
Iteration 880 / LogL: -33439.510 / Time: 4h:7m:49s (0h:22m:33s left)
Iteration 890 / LogL: -33442.592 / Time: 4h:10m:41s (0h:19m:44s left)
Iteration 900 / LogL: -33425.483 / Time: 4h:13m:32s (0h:16m:55s left)
Log-likelihood cutoff on original alignment: -33689.288
NOTE: Bootstrap correlation coefficient of split occurrence frequencies: 0.941
NOTE: UFBoot does not converge, continue at least 100 more iterations
Iteration 910 / LogL: -33481.147 / Time: 4h:16m:53s (0h:25m:26s left)
Estimate model parameters (epsilon = 0.100)
BETTER TREE FOUND at iteration 915: -33403.193
Iteration 920 / LogL: -33528.211 / Time: 4h:20m:48s (0h:26m:57s left)
Iteration 930 / LogL: -33450.859 / Time: 4h:23m:46s (0h:24m:8s left)
Iteration 940 / LogL: -33460.778 / Time: 4h:27m:21s (0h:21m:21s left)
Iteration 950 / LogL: -33435.895 / Time: 4h:31m:28s (0h:18m:35s left)
Log-likelihood cutoff on original alignment: -33689.288
Iteration 960 / LogL: -33496.825 / Time: 4h:35m:8s (0h:15m:46s left)
Iteration 970 / LogL: -33431.872 / Time: 4h:38m:35s (0h:12m:56s left)
Iteration 980 / LogL: -33467.827 / Time: 4h:42m:8s (0h:10m:5s left)
Iteration 990 / LogL: -33527.082 / Time: 4h:45m:41s (0h:7m:13s left)
Iteration 1000 / LogL: -33446.881 / Time: 4h:49m:23s (0h:4m:20s left)
Log-likelihood cutoff on original alignment: -33689.288
NOTE: Bootstrap correlation coefficient of split occurrence frequencies: 0.970
NOTE: UFBoot does not converge, continue at least 100 more iterations
WARNING: bootstrap analysis did not converge. You should rerun with higher number of iterations (-nm option)
TREE SEARCH COMPLETED AFTER 1001 ITERATIONS / Time: 4h:49m:48s

--------------------------------------------------------------------
|                    FINALIZING TREE SEARCH                        |
--------------------------------------------------------------------
Performs final model parameters optimization
Estimate model parameters (epsilon = 0.010)
1. Initial log-likelihood: -33403.193
Optimal log-likelihood: -33403.191
Rate parameters:  A-C: 1.41158  A-G: 2.54397  A-T: 1.41158  C-G: 1.00000  C-T: 3.38240  G-T: 1.00000
Base frequencies:  A: 0.235  C: 0.200  G: 0.274  T: 0.291
Proportion of invariable sites: 0.020
Gamma shape alpha: 0.632
Parameters optimization took 1 rounds (1.421 sec)
BEST SCORE FOUND : -33403.191

Testing tree branches by SH-like aLRT with 1000 replicates...
Alternative NNI shows better log-likelihood -33403.157 > -33403.191
9.030 sec.
Creating bootstrap support values...
Split supports printed to NEXUS file all_18s_aligns.fasta.splits.nex
Total tree length: 87.949

Total number of iterations: 1001
CPU time used for tree search: 17250.279 sec (4h:47m:30s)
Wall-clock time used for tree search: 17292.249 sec (4h:48m:12s)
Total CPU time used: 17360.144 sec (4h:49m:20s)
Total wall-clock time used: 17402.621 sec (4h:50m:2s)

Computing bootstrap consensus tree...
Reading input file all_18s_aligns.fasta.splits.nex...
599 taxa and 8463 splits.
Consensus tree written to all_18s_aligns.fasta.contree
Reading input trees file all_18s_aligns.fasta.contree
Log-likelihood of consensus tree: -33412.927

Analysis results written to: 
  IQ-TREE report:                all_18s_aligns.fasta.iqtree
  Maximum-likelihood tree:       all_18s_aligns.fasta.treefile
  Likelihood distances:          all_18s_aligns.fasta.mldist

Ultrafast bootstrap approximation results written to:
  Split support values:          all_18s_aligns.fasta.splits.nex
  Consensus tree:                all_18s_aligns.fasta.contree
  Screen log file:               all_18s_aligns.fasta.log

Date and Time: Wed Oct 30 04:05:25 2019
