IQ-TREE multicore version 1.6.11 for Linux 64-bit built Jun  6 2019
Developed by Bui Quang Minh, Nguyen Lam Tung, Olga Chernomor,
Heiko Schmidt, Dominik Schrempf, Michael Woodhams.

Host:    kronig (SSE4.2, 31 GB RAM)
Command: ../../iqtree -s rbcl_aligns_all.fasta -m TEST -bb 1000 -alrt 1000
Seed:    793889 (Using SPRNG - Scalable Parallel Random Number Generator)
Time:    Sat Nov  2 02:00:55 2019
Kernel:  SSE2 - 1 threads (24 CPU cores detected)

HINT: Use -nt option to specify number of threads because your CPU has 24 cores!
HINT: -nt AUTO will automatically determine the best number of threads to use.

Reading alignment file rbcl_aligns_all.fasta ... Fasta format detected
Alignment most likely contains DNA/RNA sequences
Alignment has 652 sequences with 484 columns, 262 distinct patterns
205 parsimony-informative, 42 singleton sites, 237 constant sites
     Gap/Ambiguity  Composition  p-value
   1  001   14.88%    passed     94.04%
   2  002   14.88%    passed     99.83%
   3  003   14.88%    passed     83.74%
   4  004   14.88%    passed     97.70%
   5  005   14.88%    passed     80.75%
   6  006   14.88%    passed     77.68%
   7  007   14.88%    passed     79.35%
   8  008   14.88%    passed     94.22%
   9  009   14.88%    passed     90.18%
  10  010   14.88%    passed     81.43%
  11  011   14.88%    passed     81.36%
  12  012   14.88%    passed     10.70%
  13  013   14.88%    passed     97.12%
  14  014   14.88%    passed     86.92%
  15  015   14.88%    passed     96.00%
  16  016   14.88%    passed     72.85%
  17  017   14.88%    passed     79.62%
  18  018   14.88%    passed     85.43%
  19  019   14.88%    passed     99.80%
  20  020   14.88%    passed     88.88%
  21  021   14.88%    passed     92.70%
  22  022   14.88%    passed     93.98%
  23  023   14.88%    passed     84.93%
  24  024   14.88%    passed     90.70%
  25  025   14.88%    passed     84.32%
  26  026   14.88%    passed     92.25%
  27  027   14.88%    passed     87.40%
  28  028   14.88%    passed     86.42%
  29  029   14.88%    passed     26.73%
  30  030   14.88%    passed     81.77%
  31  031   14.88%    passed     94.61%
  32  032   14.88%    passed     95.92%
  33  033   14.88%    passed     95.56%
  34  034   14.88%    passed     97.36%
  35  035   14.88%    passed     96.71%
  36  036   14.88%    passed     89.44%
  37  037   14.88%    passed     83.59%
  38  038   14.88%    passed     99.63%
  39  039   14.88%    passed     94.38%
  40  040   14.88%    passed     27.00%
  41  041   14.88%    passed     80.88%
  42  042   14.88%    passed     91.56%
  43  043   14.88%    passed     43.76%
  44  044   14.88%    passed     95.78%
  45  045   14.88%    passed     95.29%
  46  046   14.88%    passed     96.69%
  47  047   14.88%    passed     86.26%
  48  048   14.88%    passed     97.81%
  49  049   14.88%    passed     97.88%
  50  050   14.88%    passed     99.18%
  51  051   14.88%    passed     93.03%
  52  052   14.88%    passed     89.01%
  53  053   14.88%    passed     81.77%
  54  054   14.88%    passed     89.96%
  55  055   15.29%    passed     30.80%
  56  056   14.88%    passed     87.18%
  57  057   14.88%    passed     89.56%
  58  058   14.88%    passed     26.57%
  59  059   14.88%    passed     96.81%
  60  060   14.88%    passed     97.03%
  61  061   14.88%    passed     95.72%
  62  062   14.88%    passed     81.53%
  63  063   14.88%    passed     87.46%
  64  064   14.88%    passed     76.90%
  65  065   14.88%    passed     97.62%
  66  066   14.88%    passed     37.88%
  67  067   14.88%    passed     78.58%
  68  068   14.88%    passed     80.55%
  69  069   14.88%    passed     97.56%
  70  070   14.88%    passed     98.18%
  71  071   14.88%    passed     78.16%
  72  072   14.88%    passed     96.39%
  73  073   14.88%    passed     81.82%
  74  074   14.88%    passed     75.11%
  75  075   14.88%    passed     94.66%
  76  076   14.88%    passed     96.79%
  77  077   14.88%    passed     97.53%
  78  078   14.88%    passed     97.03%
  79  079   14.88%    passed     92.44%
  80  080   14.88%    passed     92.34%
  81  081   14.88%    passed     97.70%
  82  082   14.88%    passed     93.60%
  83  083   14.88%    passed     83.26%
  84  084   14.88%    passed     85.02%
  85  085   14.88%    passed     94.04%
  86  086   14.88%    passed     91.37%
  87  087   14.88%    passed     87.29%
  88  088   14.88%    passed     89.56%
  89  089   14.88%    passed     89.32%
  90  090   14.88%    passed     88.17%
  91  091   14.88%    passed     89.33%
  92  092   14.88%    passed     32.65%
  93  093   14.88%    passed     91.18%
  94  094   14.88%    passed     91.16%
  95  095   14.88%    passed     86.06%
  96  096   14.88%    passed     96.30%
  97  097   14.88%    passed     82.97%
  98  098   14.88%    passed     17.02%
  99  099   14.88%    passed     83.88%
 100  100   14.88%    passed     90.65%
 101  101   14.88%    passed     98.55%
 102  102   14.88%    passed     86.06%
 103  103   14.88%    passed     95.63%
 104  104   14.88%    passed     94.07%
 105  105   14.88%    passed     99.54%
 106  106   14.88%    passed     96.65%
 107  107   14.88%    passed     95.50%
 108  108   14.88%    passed     97.39%
 109  109   14.88%    passed     83.67%
 110  110   14.88%    passed     74.62%
 111  111   14.88%    passed     98.56%
 112  112   14.88%    passed     91.62%
 113  113   14.88%    passed     97.70%
 114  114   14.88%    passed     99.93%
 115  115   14.88%    passed     39.39%
 116  116   14.88%    passed     85.01%
 117  117   14.88%    passed     94.79%
 118  118   14.88%    passed     95.58%
 119  119   14.88%    passed     97.12%
 120  120   14.88%    passed     87.46%
 121  121   14.88%    passed     25.21%
 122  122   14.88%    passed     87.64%
 123  123   14.88%    passed     51.80%
 124  124   14.88%    passed     97.81%
 125  125   14.88%    passed     92.32%
 126  126   14.88%    passed     97.74%
 127  127   14.88%    passed     20.66%
 128  128   14.88%    passed     93.97%
 129  129   14.88%    passed     92.39%
 130  130   14.88%    passed     80.55%
 131  131   14.88%    passed     95.75%
 132  132   14.88%    passed     38.66%
 133  133   14.88%    passed     77.83%
 134  134   14.88%    passed     85.34%
 135  135   14.88%    passed     94.30%
 136  136   14.88%    passed     92.22%
 137  137   14.88%    passed     80.12%
 138  138   14.88%    passed     87.46%
 139  139   14.88%    passed     31.94%
 140  140   14.88%    passed     25.96%
 141  141   14.88%    passed     97.12%
 142  142   14.88%    passed    100.00%
 143  143   14.88%    passed     75.40%
 144  144   14.88%    passed     94.80%
 145  145   14.88%    passed     87.64%
 146  146   14.88%    passed     56.46%
 147  147   14.88%    passed     86.92%
 148  148   14.88%    passed     92.18%
 149  149   14.88%    passed     10.43%
 150  150   14.88%    passed     95.04%
 151  151   14.88%    passed     78.92%
 152  152   14.88%    passed     84.80%
 153  153   14.88%    passed     79.27%
 154  154   14.88%    passed     79.38%
 155  155   14.88%    passed     66.94%
 156  156   14.88%    passed     93.98%
 157  157   14.88%    passed     99.54%
 158  158   14.88%    passed     78.31%
 159  159   14.88%    passed     86.30%
 160  160   14.88%    passed     72.77%
 161  161   14.88%    passed     95.48%
 162  162   14.88%    passed     98.56%
 163  163   14.88%    passed     94.26%
 164  164   14.88%    passed     99.02%
 165  165   14.88%    passed     95.78%
 166  166   14.88%    passed     98.28%
 167  167   14.88%    passed     79.38%
 168  168   14.88%    passed     98.44%
 169  169   14.88%    passed     92.17%
 170  170   14.88%    passed     76.50%
 171  171   14.88%    passed     98.13%
 172  172   14.88%    passed     99.69%
 173  173   14.88%    passed     99.04%
 174  174   14.88%    passed     90.30%
 175  175   14.88%    passed     97.08%
 176  176   14.88%    passed     23.38%
 177  177   14.88%    passed     87.39%
 178  178   14.88%    passed     93.78%
 179  179   14.88%    passed     36.31%
 180  180   14.88%    passed     93.14%
 181  181   14.88%    passed     87.46%
 182  182   14.88%    passed     97.26%
 183  183   14.88%    passed     66.40%
 184  184   14.88%    passed     94.06%
 185  185   14.88%    passed     99.83%
 186  186   14.88%    passed     98.09%
 187  187   14.88%    passed     84.92%
 188  188   14.88%    passed     94.65%
 189  189   14.88%    passed     85.12%
 190  190   14.88%    passed     83.97%
 191  191   14.88%    passed     25.03%
 192  192   14.88%    passed     99.97%
 193  193   14.88%    passed     91.99%
 194  194   14.88%    passed     78.16%
 195  195   14.88%    passed     94.80%
 196  196   14.88%    passed     96.69%
 197  197   14.88%    passed     95.75%
 198  198   14.88%    passed     99.19%
 199  199   14.88%    passed     92.39%
 200  200   14.88%    passed     32.33%
 201  201   14.88%    passed     95.37%
 202  202   14.88%    passed     89.57%
 203  203   14.88%    passed     96.97%
 204  204   14.88%    passed     98.56%
 205  205   14.88%    passed     82.81%
 206  206   14.88%    passed     90.05%
 207  207   14.88%    passed     90.62%
 208  208   14.88%    passed     26.73%
 209  209   14.88%    passed     98.71%
 210  210   14.88%    passed     89.96%
 211  211   14.88%    passed     98.26%
 212  212   14.88%    passed     91.56%
 213  213   14.88%    passed     26.73%
 214  214   14.88%    passed     95.29%
 215  215   14.88%    passed     97.36%
 216  216   14.88%    passed     94.35%
 217  217   15.29%    passed     30.80%
 218  218   14.88%    passed     97.18%
 219  219   14.88%    passed     93.98%
 220  220   14.88%    passed     95.08%
 221  221   14.88%    passed     74.27%
 222  222   14.88%    passed     98.55%
 223  223   14.88%    passed     85.97%
 224  224   14.88%    passed     96.41%
 225  225   14.88%    passed     99.48%
 226  226   14.88%    passed     32.65%
 227  227   14.88%    passed     95.05%
 228  228   14.88%    passed     31.93%
 229  229   14.88%    passed     87.10%
 230  230   14.88%    passed     86.36%
 231  231   14.88%    passed     87.13%
 232  232   14.88%    passed     82.81%
 233  233   14.88%    passed     98.83%
 234  234   14.88%    passed     95.47%
 235  235   14.88%    passed     71.36%
 236  236   14.88%    passed     98.56%
 237  237   14.88%    passed     99.20%
 238  238   14.88%    passed     94.04%
 239  239   14.88%    passed     84.92%
 240  240   14.88%    passed     95.01%
 241  241   14.88%    passed     96.22%
 242  242   14.88%    passed     96.49%
 243  243   14.88%    passed     97.48%
 244  244   14.88%    passed     87.84%
 245  245   14.88%    passed     93.75%
 246  246   14.88%    passed     89.15%
 247  247   15.29%    passed     55.22%
 248  248   14.88%    passed     79.98%
 249  249   14.88%    passed     91.97%
 250  250   14.88%    passed     99.76%
 251  251   14.88%    passed     84.11%
 252  252   14.88%    passed     99.09%
 253  253   14.88%    passed     95.26%
 254  254   14.88%    passed     87.03%
 255  255   14.88%    passed     90.36%
 256  256   14.88%    passed     87.17%
 257  257   14.88%    passed     97.45%
 258  258   14.88%    passed     98.64%
 259  259   14.88%    passed     49.79%
 260  260   14.88%    passed     87.48%
 261  261   14.88%    passed     86.01%
 262  262   14.88%    passed     81.40%
 263  263   14.88%    passed     90.96%
 264  264   14.88%    passed     91.07%
 265  265   14.88%    passed     98.69%
 266  266   14.88%    passed     96.63%
 267  267   14.88%    passed     99.30%
 268  268   14.88%    passed     99.69%
 269  269   14.88%    passed     81.43%
 270  270   14.88%    passed     99.40%
 271  271   14.88%    passed     81.75%
 272  272   14.88%    passed     88.37%
 273  273   14.88%    passed     70.36%
 274  274   14.88%    passed     90.36%
 275  275   14.88%    passed     96.65%
 276  276   14.88%    passed     95.56%
 277  277   14.88%    passed     32.65%
 278  278   14.88%    passed     10.43%
 279  279   14.88%    passed     97.47%
 280  280   14.88%    passed     95.74%
 281  281   14.88%    passed     89.72%
 282  282   14.88%    passed     80.59%
 283  283   14.88%    passed     99.53%
 284  284   14.88%    passed     39.84%
 285  285   14.88%    passed     88.83%
 286  286   14.88%    passed     31.50%
 287  287   14.88%    passed     94.65%
 288  288   14.88%    passed     96.89%
 289  289   14.88%    passed     84.51%
 290  290   14.88%    passed     25.92%
 291  291   14.88%    passed     19.07%
 292  292   14.88%    passed     86.01%
 293  293   14.88%    passed     99.45%
 294  294   14.88%    passed     75.64%
 295  295   14.88%    passed     87.47%
 296  296   14.88%    passed     95.37%
 297  297   14.88%    passed     98.71%
 298  298   14.88%    passed     98.85%
 299  299   14.88%    passed     96.46%
 300  300   14.88%    passed     98.44%
 301  301   14.88%    passed     87.39%
 302  302   14.88%    passed     92.27%
 303  303   14.88%    passed     95.58%
 304  304   14.88%    passed     68.43%
 305  305   14.88%    passed     98.56%
 306  306   14.88%    passed     95.92%
 307  307   14.88%    passed     87.83%
 308  308   14.88%    passed     78.17%
 309  309   14.88%    passed     88.42%
 310  310   14.88%    passed     76.14%
 311  311   14.88%    passed     38.29%
 312  312   14.88%    passed     32.33%
 313  313   14.88%    passed     80.55%
 314  314   14.88%    passed     82.02%
 315  315   14.88%    passed     89.15%
 316  316   14.88%    passed     95.61%
 317  317   14.88%    passed     90.05%
 318  318   14.88%    passed     81.77%
 319  319   14.88%    passed     98.13%
 320  320   14.88%    passed     93.93%
 321  321   14.88%    passed     32.90%
 322  322   14.88%    passed     98.64%
 323  323   14.88%    passed     89.44%
 324  324   14.88%    passed     98.97%
 325  325   14.88%    passed     96.89%
 326  326   14.88%    passed     26.45%
 327  327   14.88%    passed     85.67%
 328  328   14.88%    passed     71.95%
 329  329   14.88%    passed     98.81%
 330  330   14.88%    passed     93.78%
 331  331   14.88%    passed     95.78%
 332  332   14.88%    passed     89.56%
 333  333   14.88%    passed     88.37%
 334  334   14.88%    passed     84.31%
 335  335   14.88%    passed     88.23%
 336  336   14.88%    passed     94.66%
 337  337   14.88%    passed     86.01%
 338  338   14.88%    passed     86.02%
 339  339   14.88%    passed     98.23%
 340  340   14.88%    passed     89.56%
 341  341   14.88%    passed     84.64%
 342  342   14.88%    passed     95.32%
 343  343   14.88%    passed     90.86%
 344  344   14.88%    passed     91.62%
 345  345   14.88%    passed     95.01%
 346  346   14.88%    passed     86.86%
 347  347   14.88%    passed     97.95%
 348  348   14.88%    passed     95.78%
 349  349   14.88%    passed     97.49%
 350  350   14.88%    passed     89.44%
 351  351   14.88%    passed     86.14%
 352  352   14.88%    passed     97.49%
 353  353   14.88%    passed     30.83%
 354  354   14.88%    passed     55.38%
 355  355   14.88%    passed     97.48%
 356  356   14.88%    passed     99.63%
 357  357   14.88%    passed     98.97%
 358  358   14.88%    passed     96.13%
 359  359   14.88%    passed     94.04%
 360  360   14.88%    passed     73.33%
 361  361   14.88%    passed     32.61%
 362  362   14.88%    passed     11.96%
 363  363   14.88%    passed     91.82%
 364  364   14.88%    passed     97.29%
 365  365   14.88%    passed     98.17%
 366  366   14.88%    passed     18.71%
 367  367   14.88%    passed     45.49%
 368  368   14.88%    passed     96.61%
 369  369   14.88%    passed     70.67%
 370  370   14.88%    passed     51.29%
 371  371   14.88%    passed     94.14%
 372  372   15.08%    passed     82.15%
 373  373   14.88%    passed     98.13%
 374  374   14.88%    passed     54.73%
 375  375   14.88%    passed     92.52%
 376  376   14.88%    passed     95.39%
 377  377   14.88%    passed     89.56%
 378  378   14.88%    passed     98.28%
 379  379   14.88%    passed     84.92%
 380  380   14.88%    passed     50.48%
 381  381   14.88%    passed     90.59%
 382  382   14.88%    passed     98.41%
 383  383   14.88%    passed     92.23%
 384  384   14.88%    passed     93.47%
 385  385   14.88%    passed     92.98%
 386  386   14.88%    passed     81.43%
 387  387   14.88%    passed     72.65%
 388  388   14.88%    passed     97.12%
 389  389   14.88%    passed     95.04%
 390  390   14.88%    passed     95.58%
 391  391   14.88%    passed     90.55%
 392  392   14.88%    passed     87.74%
 393  393   14.88%    passed     97.70%
 394  394   14.88%    passed     84.92%
 395  395   14.88%    passed     69.53%
 396  396   14.88%    passed     95.32%
 397  397   14.88%    passed     98.23%
 398  398   15.08%    passed     68.39%
 399  399   14.88%    passed     95.99%
 400  400   14.88%    passed     85.12%
 401  401   14.88%    passed     92.34%
 402  402   14.88%    passed     98.55%
 403  403   14.88%    passed     97.74%
 404  404   14.88%    passed     80.98%
 405  405   14.88%    passed     86.93%
 406  406   14.88%    passed     95.32%
 407  407   14.67%    passed     88.85%
 408  408   14.88%    passed     92.31%
 409  409   14.88%    passed     98.97%
 410  410   14.88%    passed     93.42%
 411  411   14.88%    passed     76.45%
 412  412   14.88%    passed     79.08%
 413  413   14.88%    passed     96.49%
 414  414   14.88%    passed     89.40%
 415  415   14.88%    passed     94.13%
 416  416   14.88%    passed     92.11%
 417  417   14.88%    passed     98.68%
 418  418   14.88%    passed     93.47%
 419  419   14.88%    passed     36.98%
 420  420   14.88%    passed     99.45%
 421  421   14.88%    passed     88.93%
 422  422   14.88%    passed     81.94%
 423  423   14.88%    passed     96.69%
 424  424   14.88%    passed     96.86%
 425  425   14.88%    passed     36.15%
 426  426   14.88%    passed     97.00%
 427  427   14.88%    passed     92.11%
 428  428   14.88%    passed     86.26%
 429  429   14.88%    passed     75.99%
 430  430   14.88%    passed     97.74%
 431  431   14.88%    passed     63.23%
 432  432   14.88%    passed     12.70%
 433  433   14.88%    passed     94.66%
 434  434   14.88%    passed     87.78%
 435  435   14.88%    passed     78.18%
 436  436   14.88%    passed     93.78%
 437  437   15.29%    passed     29.26%
 438  438   14.88%    passed     23.96%
 439  439   14.88%    passed     92.02%
 440  440   14.88%    passed     91.72%
 441  441   14.88%    passed     80.75%
 442  442   14.88%    passed     95.18%
 443  443   14.88%    passed     94.22%
 444  444   14.88%    passed     89.91%
 445  445   14.88%    passed     87.52%
 446  446   14.88%    passed     99.37%
 447  447   14.88%    passed     97.48%
 448  448   14.88%    passed     59.62%
 449  449   14.88%    passed     94.80%
 450  450   14.88%    passed     95.92%
 451  451   14.88%    passed     26.73%
 452  452   14.88%    passed     92.02%
 453  453   14.88%    passed     99.50%
 454  454   14.88%    passed     75.40%
 455  455   14.88%    passed     95.35%
 456  456   14.88%    passed     32.98%
 457  457   14.88%    passed     74.25%
 458  458   14.88%    passed     96.69%
 459  459   14.88%    passed     56.67%
 460  460   14.88%    passed     59.09%
 461  461   14.88%    passed     18.71%
 462  462   14.67%    passed     58.16%
 463  463   14.88%    passed     89.18%
 464  464   14.88%    passed     99.45%
 465  465   14.88%    passed     99.14%
 466  466   14.88%    passed     94.22%
 467  467   14.88%    passed     81.77%
 468  468   14.88%    passed     95.74%
 469  469   14.88%    passed     80.16%
 470  470   14.88%    passed     31.94%
 471  471   14.88%    passed     97.26%
 472  472   14.88%    passed     95.78%
 473  473   14.88%    passed     90.95%
 474  474   14.88%    passed     81.43%
 475  475   14.88%    passed     77.05%
 476  476   14.88%    passed     95.74%
 477  477   14.88%    passed     95.26%
 478  478   14.88%    passed     88.11%
 479  479   14.88%    passed     23.96%
 480  480   14.88%    passed     79.62%
 481  481   14.88%    passed     92.31%
 482  482   14.88%    passed     97.18%
 483  483   14.88%    passed     93.47%
 484  484   14.88%    passed     91.77%
 485  485   14.88%    passed     78.56%
 486  486   14.88%    passed     56.82%
 487  487   14.88%    passed     93.85%
 488  488   15.29%    passed     55.97%
 489  489   14.88%    passed     97.70%
 490  490   14.88%    passed     96.27%
 491  491   14.88%    passed     82.95%
 492  492   14.88%    passed     94.80%
 493  493   14.88%    passed     89.44%
 494  494   15.29%    passed     63.27%
 495  495   14.88%    passed     78.43%
 496  496   14.88%    passed     78.77%
 497  497   14.88%    passed     88.93%
 498  498   14.88%    passed     95.85%
 499  499   14.88%    passed     32.85%
 500  500   14.88%    passed     75.72%
 501  501   14.88%    passed     97.08%
 502  502   14.88%    passed     88.40%
 503  503   14.88%    passed     92.56%
 504  504   14.88%    passed     86.32%
 505  505   14.88%    passed     97.62%
 506  506   14.88%    passed     92.66%
 507  507   14.88%    passed     80.55%
 508  508   14.88%    passed     97.98%
 509  509   14.88%    passed     93.78%
 510  510   14.67%    passed     56.03%
 511  511   14.88%    passed     86.78%
 512  512   14.88%    passed     96.23%
 513  513   14.88%    passed     93.69%
 514  514   14.88%    passed     72.81%
 515  515   14.88%    passed     97.12%
 516  516   14.88%    passed     95.18%
 517  517   14.88%    passed     96.34%
 518  518   14.88%    passed     99.40%
 519  519   14.88%    passed     80.08%
 520  520   14.88%    passed     88.88%
 521  521   14.88%    passed     90.72%
 522  522   14.88%    passed     98.33%
 523  523   14.88%    passed     97.74%
 524  524   14.88%    passed     80.91%
 525  525   14.88%    passed     81.35%
 526  526   14.88%    passed     85.51%
 527  527   14.88%    passed     99.18%
 528  528   14.88%    passed     87.74%
 529  529   14.88%    passed     69.09%
 530  530   14.88%    passed     95.75%
 531  531   14.88%    passed     76.70%
 532  532   14.88%    passed     92.22%
 533  533   14.88%    passed     99.19%
 534  534   38.43%    passed     93.68%
 535  535   14.88%    passed     88.58%
 536  536   14.88%    passed     29.94%
 537  537   15.29%    passed     21.88%
 538  538   14.88%    passed     48.53%
 539  539   14.88%    passed     97.99%
 540  540   14.88%    passed     96.34%
 541  541   14.88%    passed     72.03%
 542  542   14.88%    passed     86.93%
 543  543   14.88%    passed     88.95%
 544  544   14.88%    passed     95.01%
 545  545   14.88%    passed     92.65%
 546  546   14.88%    passed     92.58%
 547  547   14.88%    passed     29.99%
 548  548   14.88%    passed     95.32%
 549  549   14.88%    passed     80.99%
 550  550   14.88%    passed     91.77%
 551  551   14.88%    passed     84.71%
 552  552   14.88%    passed     55.41%
 553  553   14.88%    passed     15.66%
 554  554   14.88%    passed     99.19%
 555  555   14.88%    passed     89.56%
 556  556   14.88%    passed     63.96%
 557  557   14.88%    passed     91.97%
 558  558   14.88%    passed     87.16%
 559  559   14.88%    passed     88.34%
 560  560   14.88%    passed     98.67%
 561  561   14.88%    passed     92.98%
 562  562   14.88%    passed     91.13%
 563  563   14.88%    passed     99.42%
 564  564   14.88%    passed     96.22%
 565  565   14.88%    passed     98.52%
 566  566   14.88%    passed     94.26%
 567  567   14.88%    passed     92.62%
 568  568   14.88%    passed     94.10%
 569  569   14.88%    passed     81.22%
 570  570   14.88%    passed     87.29%
 571  571   14.88%    passed     81.98%
 572  572   14.88%    passed     92.77%
 573  573   14.88%    passed     92.02%
 574  574   14.88%    passed     96.69%
 575  575   14.88%    passed     70.27%
 576  576   14.88%    passed     76.69%
 577  577   14.88%    passed     99.97%
 578  578   15.08%    passed     97.57%
 579  579   14.88%    passed      8.93%
 580  580   14.88%    passed     95.56%
 581  581   14.88%    passed     39.45%
 582  582   14.88%    passed     97.70%
 583  583   14.88%    passed     97.94%
 584  584   14.88%    passed     93.04%
 585  585   14.88%    passed     31.87%
 586  586   14.88%    passed     91.15%
 587  587   14.88%    passed     92.77%
 588  588   14.88%    passed     94.18%
 589  589   14.88%    passed     48.36%
 590  590   14.88%    passed     85.07%
 591  591   14.88%    passed     42.02%
 592  592   14.88%    passed     79.43%
 593  593   14.88%    passed     39.39%
 594  594   14.88%    passed     97.36%
 595  595   14.88%    passed     84.73%
 596  596   14.88%    passed     74.25%
 597  597   14.88%    passed     98.53%
 598  598   14.88%    passed     94.15%
 599  599   14.88%    passed     99.37%
 600  600   14.88%    passed     29.56%
 601  601   14.88%    passed     67.75%
 602  602   14.88%    passed     98.10%
 603  603   14.88%    passed     83.26%
 604  604   14.88%    passed     90.62%
 605  605   14.88%    passed     43.61%
 606  606   14.88%    passed     76.07%
 607  607   14.88%    passed     45.45%
 608  608   14.88%    passed     98.85%
 609  609   14.88%    passed     98.28%
 610  610   14.88%    passed     97.46%
 611  611   14.88%    passed      6.73%
 612  612   14.88%    passed     51.17%
 613  613   14.88%    passed     97.75%
 614  614   14.88%    passed     95.78%
 615  615   14.88%    passed     92.70%
 616  616   14.88%    passed     81.40%
 617  617   14.88%    passed     63.84%
 618  618   14.88%    passed     39.10%
 619  619   14.88%    passed     87.83%
 620  620   14.88%    passed     18.20%
 621  621   14.88%    passed     86.06%
 622  622   14.88%    passed     74.78%
 623  623   14.88%    passed     95.35%
 624  624   14.88%    passed     84.69%
 625  625   14.88%    passed     66.87%
 626  626   14.88%    passed     96.69%
 627  627   14.88%    passed     93.94%
 628  628   14.88%    passed     92.40%
 629  629   14.88%    passed     96.65%
 630  630   14.88%    passed     25.48%
 631  631   14.88%    passed     29.29%
 632  632   14.88%    passed     92.98%
 633  633   14.88%    passed     84.41%
 634  634   14.88%    passed     94.30%
 635  635   14.88%    passed     93.36%
 636  636   14.88%    passed     92.61%
 637  637   14.88%    passed     95.58%
 638  638   14.88%    passed     94.88%
 639  639    0.21%    passed     45.62%
 640  640   14.88%    passed     62.03%
 641  641   15.29%    passed     37.09%
 642  642   14.88%    passed     98.60%
 643  643   14.88%    passed     59.73%
 644  644   14.88%    passed     72.73%
 645  645   14.88%    passed     94.94%
 646  646   23.76%    passed     95.25%
 647  647   14.88%    passed     93.82%
 648  648   14.88%    passed     55.02%
 649  649   14.88%    passed     21.07%
 650  650   14.88%    passed     92.56%
 651  651   14.88%    passed     53.30%
 652  652   14.88%    passed     97.69%
****  TOTAL   14.91%  0 sequences failed composition chi2 test (p-value<5%; df=3)


Create initial parsimony tree by phylogenetic likelihood library (PLL)... 0.167 seconds
NOTE: ModelFinder requires 23 MB RAM!
ModelFinder will test 88 DNA models (sample size: 484) ...
 No. Model         -LnL         df  AIC          AICc         BIC
  1  JC            24044.872    1301 50691.743    3438495.743  56132.636
  2  JC+I          22323.096    1302 47250.192    3440262.192  52695.266
  3  JC+G4         20859.769    1302 44323.537    3437335.537  49768.612
  4  JC+I+G4       20792.708    1303 44191.415    3442415.415  49640.672
  5  F81+F         23891.771    1304 50391.542    3453831.542  55844.981
  6  F81+F+I       22181.121    1305 46972.242    3455632.242  52429.863
  7  F81+F+G4      20660.037    1305 43930.074    3452590.074  49387.694
  8  F81+F+I+G4    20580.733    1306 43773.467    3457657.467  49235.269
  9  K2P           23790.883    1302 50185.766    3443197.766  55630.841
 10  K2P+I         22065.187    1303 46736.374    3444960.374  52185.631
 11  K2P+G4        20593.962    1303 43793.925    3442017.925  49243.182
 12  K2P+I+G4      20529.707    1304 43667.413    3447107.413  49120.852
 13  HKY+F         23603.907    1305 49817.814    3458477.814  55275.435
 14  HKY+F+I       21888.964    1306 46389.929    3460273.929  51851.731
 15  HKY+F+G4      20294.160    1306 43200.319    3457084.319  48662.122
 16  HKY+F+I+G4    20203.884    1307 43021.768    3462133.768  48487.753
 17  TNe           23554.815    1303 49715.631    3447939.631  55164.888
 18  TNe+I         21909.795    1304 46427.591    3449867.591  51881.030
 19  TNe+G4        20576.151    1304 43760.301    3447200.301  49213.740
 20  TNe+I+G4      20503.424    1305 43616.849    3452276.849  49074.470
 21  TN+F          23326.161    1306 49264.322    3463148.322  54726.125
 22  TN+F+I        21691.489    1307 45996.977    3465108.977  51462.962
 23  TN+F+G4       20271.220    1307 43156.440    3462268.440  48622.425
 24  TN+F+I+G4     20168.553    1308 42953.106    3467297.106  48423.273
 25  K3P           23640.725    1303 49887.450    3448111.450  55336.707
 26  K3P+I         21913.872    1304 46435.744    3449875.744  51889.183
 27  K3P+G4        20448.596    1304 43505.192    3446945.192  48958.630
 28  K3P+I+G4      20386.531    1305 43383.063    3452043.063  48840.683
 29  K3Pu+F        23489.105    1306 49590.209    3463474.209  55052.012
 30  K3Pu+F+I      21768.605    1307 46151.209    3465263.209  51617.194
 31  K3Pu+F+G4     20210.871    1307 43035.741    3462147.741  48501.726
 32  K3Pu+F+I+G4   20128.297    1308 42872.593    3467216.593  48342.760
 33  TPM2+F        23519.220    1306 49650.439    3463534.439  55112.242
 34  TPM2+F+I      21782.060    1307 46178.120    3465290.120  51644.105
 35  TPM2+F+G4     20263.442    1307 43140.885    3462252.885  48606.870
 36  TPM2+F+I+G4   20176.264    1308 42968.527    3467312.527  48438.694
 37  TPM2u+F       23519.227    1306 49650.453    3463534.453  55112.256
 38  TPM2u+F+I     21782.063    1307 46178.126    3465290.126  51644.111
 39  TPM2u+F+G4    20263.450    1307 43140.901    3462252.901  48606.886
 40  TPM2u+F+I+G4  20176.263    1308 42968.525    3467312.525  48438.692
 41  TPM3+F        23298.054    1306 49208.108    3463092.108  54669.911
 42  TPM3+F+I      21585.383    1307 45784.765    3464896.765  51250.750
 43  TPM3+F+G4     20044.892    1307 42703.784    3461815.784  48169.769
 44  TPM3+F+I+G4   19985.797    1308 42587.594    3466931.594  48057.761
 45  TPM3u+F       23297.996    1306 49207.992    3463091.992  54669.795
 46  TPM3u+F+I     21585.382    1307 45784.764    3464896.764  51250.749
 47  TPM3u+F+G4    20044.891    1307 42703.783    3461815.783  48169.768
 48  TPM3u+F+I+G4  19985.805    1308 42587.610    3466931.610  48057.777
 49  TIMe          23406.005    1304 49420.010    3452860.010  54873.449
 50  TIMe+I        21759.276    1305 46128.551    3454788.551  51586.172
 51  TIMe+G4       20430.091    1305 43470.181    3452130.181  48927.802
 52  TIMe+I+G4     20359.560    1306 43331.119    3457215.119  48792.922
 53  TIM+F         23212.718    1307 49039.436    3468151.436  54505.421
 54  TIM+F+I       21572.333    1308 45760.665    3470104.665  51230.832
 55  TIM+F+G4      20191.344    1308 42998.687    3467342.687  48468.854
 56  TIM+F+I+G4    20095.974    1309 42809.949    3472389.949  48284.298
 57  TIM2e         23397.854    1304 49403.708    3452843.708  54857.147
 58  TIM2e+I       21715.432    1305 46040.865    3454700.865  51498.486
 59  TIM2e+G4      20461.777    1305 43533.555    3452193.555  48991.176
 60  TIM2e+I+G4    20396.421    1306 43404.842    3457288.842  48866.645
 61  TIM2+F        23240.686    1307 49095.373    3468207.373  54561.358
 62  TIM2+F+I      21585.056    1308 45786.112    3470130.112  51256.279
 63  TIM2+F+G4     20241.636    1308 43099.273    3467443.273  48569.440
 64  TIM2+F+I+G4   20142.989    1309 42903.978    3472483.978  48378.327
 65  TIM3e         23115.124    1304 48838.249    3452278.249  54291.687
 66  TIM3e+I       21490.404    1305 45590.808    3454250.808  51048.429
 67  TIM3e+G4      20231.155    1305 43072.309    3451732.309  48529.930
 68  TIM3e+I+G4    20162.348    1306 42936.696    3456820.696  48398.499
 69  TIM3+F        23013.792    1307 48641.585    3467753.585  54107.570
 70  TIM3+F+I      21382.745    1308 45381.489    3469725.489  50851.656
 71  TIM3+F+G4     20031.715    1308 42679.430    3467023.430  48149.597
 72  TIM3+F+I+G4   19958.437    1309 42534.874    3472114.874  48009.223
 73  TVMe          23190.700    1305 48991.399    3457651.399  54449.020
 74  TVMe+I        21446.233    1306 45504.467    3459388.467  50966.270
 75  TVMe+G4       20114.160    1306 42840.319    3456724.319  48302.122
 76  TVMe+I+G4     20050.098    1307 42714.195    3461826.195  48180.180
 77  TVM+F         23209.926    1308 49035.851    3473379.851  54506.019
 78  TVM+F+I       21475.724    1309 45569.448    3475149.448  51043.797
 79  TVM+F+G4      20011.116    1309 42640.232    3472220.232  48114.581
 80  TVM+F+I+G4    19947.844    1310 42515.688    3477335.688  47994.219
 81  SYM           22952.481    1306 48516.963    3462400.963  53978.766
 82  SYM+I         21289.331    1307 45192.663    3464304.663  50658.648
 83  SYM+G4        20096.597    1307 42807.195    3461919.195  48273.180
 84  SYM+I+G4      20032.135    1308 42680.270    3467024.270  48150.437
 85  GTR+F         22929.546    1309 48477.091    3478057.091  53951.440
 86  GTR+F+I       21275.925    1310 45171.849    3479991.849  50650.381
 87  GTR+F+G4      19995.863    1310 42611.726    3477431.726  48090.258
 88  GTR+F+I+G4    19927.439    1311 42476.879    3482540.879  47959.592
Akaike Information Criterion:           GTR+F+I+G4
Corrected Akaike Information Criterion: JC+G4
Bayesian Information Criterion:         GTR+F+I+G4
Best-fit model: GTR+F+I+G4 chosen according to BIC

All model information printed to rbcl_aligns_all.fasta.model.gz
CPU time for ModelFinder: 148.956 seconds (0h:2m:28s)
Wall-clock time for ModelFinder: 149.442 seconds (0h:2m:29s)
Generating 1000 samples for ultrafast bootstrap (seed: 793889)...

NOTE: 23 MB RAM (0 GB) is required!
Estimate model parameters (epsilon = 0.100)
Thoroughly optimizing +I+G parameters from 10 start values...
Init pinv, alpha: 0.000, 1.000 / Estimate: 0.000, 0.411 / LogL: -19995.856
Init pinv, alpha: 0.054, 1.000 / Estimate: 0.359, 0.756 / LogL: -19925.954
Init pinv, alpha: 0.109, 1.000 / Estimate: 0.359, 0.757 / LogL: -19925.951
Init pinv, alpha: 0.163, 1.000 / Estimate: 0.359, 0.755 / LogL: -19925.980
Init pinv, alpha: 0.218, 1.000 / Estimate: 0.360, 0.762 / LogL: -19925.943
Init pinv, alpha: 0.272, 1.000 / Estimate: 0.366, 0.788 / LogL: -19925.951
Init pinv, alpha: 0.326, 1.000 / Estimate: 0.383, 0.877 / LogL: -19928.145
Init pinv, alpha: 0.381, 1.000 / Estimate: 0.386, 0.879 / LogL: -19927.442
Init pinv, alpha: 0.435, 1.000 / Estimate: 0.387, 0.880 / LogL: -19927.455
Init pinv, alpha: 0.490, 1.000 / Estimate: 0.388, 0.880 / LogL: -19927.486
Optimal pinv,alpha: 0.360, 0.762 / LogL: -19925.943

Parameters optimization took 55.299 sec
Computing ML distances based on estimated model parameters... 4.212 sec
Computing BIONJ tree...
1.479 seconds
Log-likelihood of BIONJ tree: -20252.042
--------------------------------------------------------------------
|             INITIALIZING CANDIDATE TREE SET                      |
--------------------------------------------------------------------
Generating 98 parsimony trees... 19.331 second
Computing log-likelihood of 98 initial trees ... 32.893 seconds
Current best score: -19837.002

Do NNI search on 20 best initial trees
Estimate model parameters (epsilon = 0.100)
BETTER TREE FOUND at iteration 1: -19762.549
Estimate model parameters (epsilon = 0.100)
BETTER TREE FOUND at iteration 3: -19747.013
Iteration 10 / LogL: -19780.885 / Time: 0h:4m:23s
Estimate model parameters (epsilon = 0.100)
BETTER TREE FOUND at iteration 11: -19728.680
Iteration 20 / LogL: -19793.359 / Time: 0h:7m:0s
Finish initializing candidate tree set (20)
Current best tree score: -19728.680 / CPU time: 358.348
Number of iterations: 20
--------------------------------------------------------------------
|               OPTIMIZING CANDIDATE TREE SET                      |
--------------------------------------------------------------------
Estimate model parameters (epsilon = 0.100)
BETTER TREE FOUND at iteration 21: -19724.662
Estimate model parameters (epsilon = 0.100)
BETTER TREE FOUND at iteration 28: -19702.998
Iteration 30 / LogL: -19714.938 / Time: 0h:8m:38s (0h:29m:11s left)
Estimate model parameters (epsilon = 0.100)
BETTER TREE FOUND at iteration 34: -19693.293
Iteration 40 / LogL: -19721.200 / Time: 0h:10m:22s (0h:24m:59s left)
Iteration 50 / LogL: -19707.654 / Time: 0h:12m:6s (0h:20m:45s left)
Log-likelihood cutoff on original alignment: -19843.248
Estimate model parameters (epsilon = 0.100)
BETTER TREE FOUND at iteration 55: -19688.165
Iteration 60 / LogL: -19762.149 / Time: 0h:13m:47s (0h:22m:11s left)
Iteration 70 / LogL: -19705.316 / Time: 0h:15m:31s (0h:19m:7s left)
Estimate model parameters (epsilon = 0.100)
BETTER TREE FOUND at iteration 71: -19687.325
Iteration 80 / LogL: -19760.799 / Time: 0h:17m:3s (0h:19m:39s left)
Estimate model parameters (epsilon = 0.100)
BETTER TREE FOUND at iteration 83: -19681.578
Iteration 90 / LogL: -19817.834 / Time: 0h:18m:35s (0h:19m:25s left)
Iteration 100 / LogL: -19708.345 / Time: 0h:20m:2s (0h:16m:48s left)
Log-likelihood cutoff on original alignment: -19831.205
NOTE: Bootstrap correlation coefficient of split occurrence frequencies: 0.977
NOTE: UFBoot does not converge, continue at least 100 more iterations
Iteration 110 / LogL: -19689.586 / Time: 0h:21m:38s (0h:17m:52s left)
Estimate model parameters (epsilon = 0.100)
BETTER TREE FOUND at iteration 118: -19680.153
Iteration 120 / LogL: -19729.336 / Time: 0h:23m:14s (0h:19m:8s left)
Iteration 130 / LogL: -19710.647 / Time: 0h:24m:49s (0h:16m:55s left)
Iteration 140 / LogL: -19761.127 / Time: 0h:26m:23s (0h:14m:48s left)
Estimate model parameters (epsilon = 0.100)
BETTER TREE FOUND at iteration 142: -19678.680
Iteration 150 / LogL: -19701.304 / Time: 0h:28m:3s (0h:17m:19s left)
Log-likelihood cutoff on original alignment: -19831.205
Iteration 160 / LogL: -19715.263 / Time: 0h:29m:47s (0h:15m:21s left)
Iteration 170 / LogL: -19714.947 / Time: 0h:31m:23s (0h:13m:22s left)
Estimate model parameters (epsilon = 0.100)
BETTER TREE FOUND at iteration 173: -19674.305
Iteration 180 / LogL: -19688.499 / Time: 0h:33m:12s (0h:17m:15s left)
Estimate model parameters (epsilon = 0.100)
BETTER TREE FOUND at iteration 189: -19672.604
Iteration 190 / LogL: -19715.049 / Time: 0h:34m:40s (0h:18m:9s left)
Estimate model parameters (epsilon = 0.100)
BETTER TREE FOUND at iteration 193: -19671.689
Iteration 200 / LogL: -19699.551 / Time: 0h:36m:13s (0h:16m:55s left)
Log-likelihood cutoff on original alignment: -19831.205
NOTE: Bootstrap correlation coefficient of split occurrence frequencies: 0.980
NOTE: UFBoot does not converge, continue at least 100 more iterations
Iteration 210 / LogL: -19723.526 / Time: 0h:37m:35s (0h:16m:11s left)
Estimate model parameters (epsilon = 0.100)
BETTER TREE FOUND at iteration 216: -19667.136
Iteration 220 / LogL: -19796.062 / Time: 0h:39m:5s (0h:17m:8s left)
Iteration 230 / LogL: -19712.252 / Time: 0h:40m:37s (0h:15m:15s left)
Iteration 240 / LogL: -19675.408 / Time: 0h:42m:8s (0h:13m:23s left)
Iteration 250 / LogL: -19714.930 / Time: 0h:43m:37s (0h:11m:33s left)
Log-likelihood cutoff on original alignment: -19831.205
Estimate model parameters (epsilon = 0.100)
BETTER TREE FOUND at iteration 254: -19665.876
Iteration 260 / LogL: -19755.215 / Time: 0h:45m:12s (0h:16m:24s left)
Iteration 270 / LogL: -19687.267 / Time: 0h:46m:41s (0h:14m:34s left)
Iteration 280 / LogL: -19771.616 / Time: 0h:48m:5s (0h:12m:45s left)
Estimate model parameters (epsilon = 0.100)
BETTER TREE FOUND at iteration 285: -19659.811
Iteration 290 / LogL: -19675.960 / Time: 0h:49m:37s (0h:16m:18s left)
Iteration 300 / LogL: -19669.725 / Time: 0h:51m:14s (0h:14m:33s left)
Log-likelihood cutoff on original alignment: -19831.205
NOTE: Bootstrap correlation coefficient of split occurrence frequencies: 0.982
NOTE: UFBoot does not converge, continue at least 100 more iterations
Iteration 310 / LogL: -19827.336 / Time: 0h:52m:38s (0h:15m:20s left)
Iteration 320 / LogL: -19678.603 / Time: 0h:54m:18s (0h:13m:37s left)
Iteration 330 / LogL: -19682.300 / Time: 0h:55m:56s (0h:11m:54s left)
Iteration 340 / LogL: -19680.677 / Time: 0h:57m:30s (0h:10m:10s left)
Iteration 350 / LogL: -19674.892 / Time: 0h:59m:1s (0h:8m:27s left)
Log-likelihood cutoff on original alignment: -19831.205
Iteration 360 / LogL: -19667.116 / Time: 1h:0m:40s (0h:6m:45s left)
Iteration 370 / LogL: -19682.094 / Time: 1h:2m:12s (0h:5m:3s left)
Iteration 380 / LogL: -19752.273 / Time: 1h:3m:43s (0h:3m:21s left)
Iteration 390 / LogL: -19675.323 / Time: 1h:5m:15s (0h:1m:40s left)
Iteration 400 / LogL: -19672.358 / Time: 1h:6m:50s (0h:0m:0s left)
Log-likelihood cutoff on original alignment: -19831.205
NOTE: Bootstrap correlation coefficient of split occurrence frequencies: 0.986
NOTE: UFBoot does not converge, continue at least 100 more iterations
Iteration 410 / LogL: -19673.768 / Time: 1h:8m:32s (0h:15m:4s left)
Estimate model parameters (epsilon = 0.100)
BETTER TREE FOUND at iteration 413: -19658.221
Iteration 420 / LogL: -19672.499 / Time: 1h:10m:6s (0h:15m:33s left)
Iteration 430 / LogL: -19679.603 / Time: 1h:11m:54s (0h:13m:54s left)
Iteration 440 / LogL: -19692.820 / Time: 1h:13m:33s (0h:12m:13s left)
Iteration 450 / LogL: -19683.354 / Time: 1h:15m:11s (0h:10m:33s left)
Log-likelihood cutoff on original alignment: -19831.205
Iteration 460 / LogL: -19662.905 / Time: 1h:16m:52s (0h:8m:52s left)
Iteration 470 / LogL: -19687.775 / Time: 1h:18m:28s (0h:7m:11s left)
Estimate model parameters (epsilon = 0.100)
BETTER TREE FOUND at iteration 474: -19651.641
Iteration 480 / LogL: -19677.595 / Time: 1h:19m:57s (0h:15m:41s left)
Iteration 490 / LogL: -19675.438 / Time: 1h:21m:36s (0h:14m:1s left)
Iteration 500 / LogL: -19705.641 / Time: 1h:23m:10s (0h:12m:20s left)
Log-likelihood cutoff on original alignment: -19831.205
NOTE: Bootstrap correlation coefficient of split occurrence frequencies: 0.986
NOTE: UFBoot does not converge, continue at least 100 more iterations
Iteration 510 / LogL: -19678.034 / Time: 1h:24m:55s (0h:15m:0s left)
Iteration 520 / LogL: -19669.553 / Time: 1h:26m:33s (0h:13m:20s left)
Iteration 530 / LogL: -19651.684 / Time: 1h:28m:13s (0h:11m:40s left)
Iteration 540 / LogL: -19668.253 / Time: 1h:29m:47s (0h:9m:59s left)
Iteration 550 / LogL: -19686.351 / Time: 1h:31m:24s (0h:8m:19s left)
Log-likelihood cutoff on original alignment: -19831.205
Estimate model parameters (epsilon = 0.100)
BETTER TREE FOUND at iteration 552: -19649.609
Iteration 560 / LogL: -19689.838 / Time: 1h:33m:16s (0h:15m:21s left)
Iteration 570 / LogL: -19689.825 / Time: 1h:34m:55s (0h:13m:40s left)
Iteration 580 / LogL: -19699.805 / Time: 1h:36m:33s (0h:12m:0s left)
Iteration 590 / LogL: -19708.051 / Time: 1h:38m:9s (0h:10m:19s left)
Iteration 600 / LogL: -19759.989 / Time: 1h:39m:54s (0h:8m:40s left)
Log-likelihood cutoff on original alignment: -19831.205
NOTE: Bootstrap correlation coefficient of split occurrence frequencies: 0.985
NOTE: UFBoot does not converge, continue at least 100 more iterations
Iteration 610 / LogL: -19659.287 / Time: 1h:41m:37s (0h:15m:1s left)
Iteration 620 / LogL: -19678.714 / Time: 1h:43m:24s (0h:13m:21s left)
Iteration 630 / LogL: -19751.608 / Time: 1h:44m:53s (0h:11m:40s left)
Iteration 640 / LogL: -19707.739 / Time: 1h:46m:29s (0h:9m:59s left)
Iteration 650 / LogL: -19683.497 / Time: 1h:48m:7s (0h:8m:19s left)
Log-likelihood cutoff on original alignment: -19831.205
Iteration 660 / LogL: -19707.317 / Time: 1h:49m:42s (0h:6m:39s left)
Iteration 670 / LogL: -19657.756 / Time: 1h:51m:19s (0h:4m:59s left)
Iteration 680 / LogL: -19669.909 / Time: 1h:52m:59s (0h:3m:19s left)
Iteration 690 / LogL: -19671.749 / Time: 1h:54m:30s (0h:1m:39s left)
Iteration 700 / LogL: -19667.277 / Time: 1h:56m:8s (0h:0m:0s left)
Log-likelihood cutoff on original alignment: -19831.205
NOTE: Bootstrap correlation coefficient of split occurrence frequencies: 0.985
NOTE: UFBoot does not converge, continue at least 100 more iterations
Iteration 710 / LogL: -19796.509 / Time: 1h:57m:50s (0h:14m:57s left)
Iteration 720 / LogL: -19659.553 / Time: 1h:59m:25s (0h:13m:17s left)
Iteration 730 / LogL: -19687.511 / Time: 2h:1m:4s (0h:11m:37s left)
Iteration 740 / LogL: -19737.491 / Time: 2h:2m:34s (0h:9m:57s left)
Estimate model parameters (epsilon = 0.100)
BETTER TREE FOUND at iteration 742: -19646.761
Iteration 750 / LogL: -19761.420 / Time: 2h:4m:17s (0h:15m:15s left)
Log-likelihood cutoff on original alignment: -19831.205
Iteration 760 / LogL: -19670.432 / Time: 2h:5m:57s (0h:13m:36s left)
Iteration 770 / LogL: -19730.630 / Time: 2h:7m:36s (0h:11m:56s left)
Iteration 780 / LogL: -19658.274 / Time: 2h:9m:13s (0h:10m:17s left)
Iteration 790 / LogL: -19680.670 / Time: 2h:10m:45s (0h:8m:37s left)
Iteration 800 / LogL: -19681.242 / Time: 2h:12m:25s (0h:6m:57s left)
Log-likelihood cutoff on original alignment: -19831.205
NOTE: Bootstrap correlation coefficient of split occurrence frequencies: 0.985
NOTE: UFBoot does not converge, continue at least 100 more iterations
Iteration 810 / LogL: -19752.290 / Time: 2h:14m:7s (0h:14m:55s left)
Iteration 820 / LogL: -19689.941 / Time: 2h:15m:37s (0h:13m:14s left)
Iteration 830 / LogL: -19674.676 / Time: 2h:17m:16s (0h:11m:35s left)
Iteration 840 / LogL: -19665.411 / Time: 2h:18m:54s (0h:9m:55s left)
Iteration 850 / LogL: -19656.299 / Time: 2h:20m:31s (0h:8m:16s left)
Log-likelihood cutoff on original alignment: -19831.205
Iteration 860 / LogL: -19676.598 / Time: 2h:22m:12s (0h:6m:37s left)
Iteration 870 / LogL: -19672.804 / Time: 2h:23m:58s (0h:4m:58s left)
Iteration 880 / LogL: -19755.097 / Time: 2h:25m:36s (0h:3m:18s left)
Iteration 890 / LogL: -19664.115 / Time: 2h:27m:14s (0h:1m:39s left)
Iteration 900 / LogL: -19681.912 / Time: 2h:28m:46s (0h:0m:0s left)
Log-likelihood cutoff on original alignment: -19831.205
NOTE: Bootstrap correlation coefficient of split occurrence frequencies: 0.986
NOTE: UFBoot does not converge, continue at least 100 more iterations
Iteration 910 / LogL: -19664.199 / Time: 2h:30m:29s (0h:14m:53s left)
Iteration 920 / LogL: -19680.156 / Time: 2h:32m:12s (0h:13m:14s left)
Iteration 930 / LogL: -19681.225 / Time: 2h:33m:46s (0h:11m:35s left)
Iteration 940 / LogL: -19676.681 / Time: 2h:35m:16s (0h:9m:55s left)
Iteration 950 / LogL: -19703.326 / Time: 2h:36m:52s (0h:8m:15s left)
Log-likelihood cutoff on original alignment: -19831.205
Estimate model parameters (epsilon = 0.100)
BETTER TREE FOUND at iteration 955: -19646.585
Iteration 960 / LogL: -19669.884 / Time: 2h:38m:39s (0h:15m:43s left)
Iteration 970 / LogL: -19650.833 / Time: 2h:40m:23s (0h:14m:4s left)
Iteration 980 / LogL: -19676.152 / Time: 2h:42m:3s (0h:12m:24s left)
Iteration 990 / LogL: -19660.567 / Time: 2h:43m:45s (0h:10m:45s left)
Iteration 1000 / LogL: -19709.416 / Time: 2h:45m:29s (0h:9m:6s left)
Log-likelihood cutoff on original alignment: -19831.205
NOTE: Bootstrap correlation coefficient of split occurrence frequencies: 0.987
NOTE: UFBoot does not converge, continue at least 100 more iterations
WARNING: bootstrap analysis did not converge. You should rerun with higher number of iterations (-nm option)
TREE SEARCH COMPLETED AFTER 1001 ITERATIONS / Time: 2h:45m:44s

--------------------------------------------------------------------
|                    FINALIZING TREE SEARCH                        |
--------------------------------------------------------------------
Performs final model parameters optimization
Estimate model parameters (epsilon = 0.010)
1. Initial log-likelihood: -19646.585
Optimal log-likelihood: -19646.581
Rate parameters:  A-C: 0.35571  A-G: 2.03563  A-T: 1.72823  C-G: 0.29808  C-T: 3.08304  G-T: 1.00000
Base frequencies:  A: 0.320  C: 0.185  G: 0.202  T: 0.293
Proportion of invariable sites: 0.384
Gamma shape alpha: 0.830
Parameters optimization took 1 rounds (0.637 sec)
BEST SCORE FOUND : -19646.581

Testing tree branches by SH-like aLRT with 1000 replicates...
Alternative NNI shows better log-likelihood -19646.458 > -19646.581
Alternative NNI shows better log-likelihood -19646.481 > -19646.581
5.823 sec.
Creating bootstrap support values...
Split supports printed to NEXUS file rbcl_aligns_all.fasta.splits.nex
Total tree length: 13.362

Total number of iterations: 1001
CPU time used for tree search: 9844.580 sec (2h:44m:4s)
Wall-clock time used for tree search: 9881.649 sec (2h:44m:41s)
Total CPU time used: 9917.088 sec (2h:45m:17s)
Total wall-clock time used: 9954.587 sec (2h:45m:54s)

Computing bootstrap consensus tree...
Reading input file rbcl_aligns_all.fasta.splits.nex...
652 taxa and 7123 splits.
Consensus tree written to rbcl_aligns_all.fasta.contree
Reading input trees file rbcl_aligns_all.fasta.contree
Log-likelihood of consensus tree: -19644.956

Analysis results written to: 
  IQ-TREE report:                rbcl_aligns_all.fasta.iqtree
  Maximum-likelihood tree:       rbcl_aligns_all.fasta.treefile
  Likelihood distances:          rbcl_aligns_all.fasta.mldist

Ultrafast bootstrap approximation results written to:
  Split support values:          rbcl_aligns_all.fasta.splits.nex
  Consensus tree:                rbcl_aligns_all.fasta.contree
  Screen log file:               rbcl_aligns_all.fasta.log

Date and Time: Sat Nov  2 04:49:24 2019
