IQ-TREE multicore version 1.6.11 for Linux 64-bit built Jun  6 2019
Developed by Bui Quang Minh, Nguyen Lam Tung, Olga Chernomor,
Heiko Schmidt, Dominik Schrempf, Michael Woodhams.

Host:    kronig (SSE4.2, 31 GB RAM)
Command: ../../iqtree -s asv613.fasta -m TEST -bb 1000 -alrt 1000
Seed:    931979 (Using SPRNG - Scalable Parallel Random Number Generator)
Time:    Mon Sep 23 03:31:30 2019
Kernel:  SSE2 - 1 threads (24 CPU cores detected)

HINT: Use -nt option to specify number of threads because your CPU has 24 cores!
HINT: -nt AUTO will automatically determine the best number of threads to use.

Reading alignment file asv613.fasta ... Fasta format detected
Alignment most likely contains DNA/RNA sequences
Alignment has 613 sequences with 484 columns, 260 distinct patterns
205 parsimony-informative, 39 singleton sites, 240 constant sites
     Gap/Ambiguity  Composition  p-value
   1  001   14.88%    passed     94.05%
   2  002   14.88%    passed     99.84%
   3  003   14.88%    passed     84.01%
   4  004   14.88%    passed     97.63%
   5  005   14.88%    passed     81.07%
   6  006   14.88%    passed     77.95%
   7  007   14.88%    passed     79.43%
   8  008   14.88%    passed     94.08%
   9  009   14.88%    passed     89.97%
  10  010   14.88%    passed     81.12%
  11  011   14.88%    passed     81.53%
  12  012   14.88%    passed     10.64%
  13  013   14.88%    passed     97.01%
  14  014   14.88%    passed     86.61%
  15  015   14.88%    passed     95.94%
  16  016   14.88%    passed     73.12%
  17  017   14.88%    passed     79.64%
  18  018   14.88%    passed     85.50%
  19  019   14.88%    passed     99.78%
  20  020   14.88%    passed     88.63%
  21  021   14.88%    passed     92.91%
  22  022   14.88%    passed     93.80%
  23  023   14.88%    passed     85.25%
  24  024   14.88%    passed     90.91%
  25  025   14.88%    passed     84.70%
  26  026   14.88%    passed     91.95%
  27  027   14.88%    passed     87.14%
  28  028   14.88%    passed     86.12%
  29  029   14.88%    passed     26.82%
  30  030   14.88%    passed     82.15%
  31  031   14.88%    passed     94.64%
  32  032   14.88%    passed     95.75%
  33  033   14.88%    passed     95.41%
  34  034   14.88%    passed     97.24%
  35  035   14.88%    passed     96.70%
  36  036   14.88%    passed     89.20%
  37  037   14.88%    passed     83.98%
  38  038   14.88%    passed     99.63%
  39  039   14.88%    passed     94.27%
  40  040   14.88%    passed     27.10%
  41  041   14.88%    passed     80.90%
  42  042   14.88%    passed     91.32%
  43  043   14.88%    passed     43.29%
  44  044   14.88%    passed     95.92%
  45  045   14.88%    passed     95.44%
  46  046   14.88%    passed     96.57%
  47  047   14.88%    passed     86.11%
  48  048   14.88%    passed     97.94%
  49  049   14.88%    passed     97.80%
  50  050   14.88%    passed     99.19%
  51  051   14.88%    passed     92.79%
  52  052   14.88%    passed     89.33%
  53  053   14.88%    passed     82.15%
  54  054   14.88%    passed     89.65%
  55  055   15.29%    passed     30.78%
  56  056   14.88%    passed     87.29%
  57  057   14.88%    passed     89.78%
  58  058   14.88%    passed     26.64%
  59  059   14.88%    passed     96.77%
  60  060   14.88%    passed     96.95%
  61  061   14.88%    passed     95.83%
  62  062   14.88%    passed     81.65%
  63  063   14.88%    passed     87.42%
  64  064   14.88%    passed     77.33%
  65  065   14.88%    passed     97.61%
  66  066   14.88%    passed     37.46%
  67  067   14.88%    passed     78.81%
  68  068   14.88%    passed     80.72%
  69  069   14.88%    passed     97.57%
  70  070   14.88%    passed     98.30%
  71  071   14.88%    passed     78.54%
  72  072   14.88%    passed     96.37%
  73  073   14.88%    passed     82.26%
  74  074   14.88%    passed     75.27%
  75  075   14.88%    passed     94.86%
  76  076   14.88%    passed     96.65%
  77  077   14.88%    passed     97.59%
  78  078   14.88%    passed     96.95%
  79  079   14.88%    passed     92.43%
  80  080   14.88%    passed     92.55%
  81  081   14.88%    passed     97.63%
  82  082   14.88%    passed     93.85%
  83  083   14.88%    passed     83.53%
  84  084   14.88%    passed     84.69%
  85  085   14.88%    passed     94.19%
  86  086   14.88%    passed     91.32%
  87  087   14.88%    passed     87.56%
  88  088   14.88%    passed     89.62%
  89  089   14.88%    passed     89.28%
  90  090   14.88%    passed     88.37%
  91  091   14.88%    passed     89.23%
  92  092   14.88%    passed     32.74%
  93  093   14.88%    passed     90.94%
  94  094   14.88%    passed     91.27%
  95  095   14.88%    passed     86.07%
  96  096   14.88%    passed     96.41%
  97  097   14.88%    passed     82.66%
  98  098   14.88%    passed     17.13%
  99  099   14.88%    passed     83.94%
 100  100   14.88%    passed     90.93%
 101  101   14.88%    passed     98.54%
 102  102   14.88%    passed     86.07%
 103  103   14.88%    passed     95.69%
 104  104   14.88%    passed     93.91%
 105  105   14.88%    passed     99.56%
 106  106   14.88%    passed     96.71%
 107  107   14.88%    passed     95.37%
 108  108   14.88%    passed     97.45%
 109  109   14.88%    passed     83.35%
 110  110   14.88%    passed     75.04%
 111  111   14.88%    passed     98.60%
 112  112   14.88%    passed     91.88%
 113  113   14.88%    passed     97.63%
 114  114   14.88%    passed     99.93%
 115  115   14.88%    passed     38.97%
 116  116   14.88%    passed     84.92%
 117  117   14.88%    passed     94.64%
 118  118   14.88%    passed     95.49%
 119  119   14.88%    passed     97.01%
 120  120   14.88%    passed     87.42%
 121  121   14.88%    passed     25.25%
 122  122   14.88%    passed     87.91%
 123  123   14.88%    passed     51.30%
 124  124   14.88%    passed     97.70%
 125  125   14.88%    passed     92.22%
 126  126   14.88%    passed     97.70%
 127  127   14.88%    passed     20.72%
 128  128   14.88%    passed     93.73%
 129  129   14.88%    passed     92.32%
 130  130   14.88%    passed     80.58%
 131  131   14.88%    passed     95.58%
 132  132   14.88%    passed     38.73%
 133  133   14.88%    passed     78.26%
 134  134   14.88%    passed     85.51%
 135  135   14.88%    passed     94.21%
 136  136   14.88%    passed     91.98%
 137  137   14.88%    passed     87.42%
 138  138   14.88%    passed     31.52%
 139  139   14.88%    passed     26.00%
 140  140   14.88%    passed     97.01%
 141  141   14.88%    passed     99.99%
 142  142   14.88%    passed     75.57%
 143  143   14.88%    passed     94.62%
 144  144   14.88%    passed     87.91%
 145  145   14.88%    passed     56.95%
 146  146   14.88%    passed     86.61%
 147  147   14.88%    passed     92.45%
 148  148   14.88%    passed     10.28%
 149  149   14.88%    passed     95.00%
 150  150   14.88%    passed     79.19%
 151  151   14.88%    passed     85.12%
 152  152   14.88%    passed     79.02%
 153  153   14.88%    passed     79.75%
 154  154   14.88%    passed     66.71%
 155  155   14.88%    passed     93.80%
 156  156   14.88%    passed     99.53%
 157  157   14.88%    passed     78.73%
 158  158   14.88%    passed     86.69%
 159  159   14.88%    passed     73.04%
 160  160   14.88%    passed     95.55%
 161  161   14.88%    passed     98.60%
 162  162   14.88%    passed     94.26%
 163  163   14.88%    passed     99.02%
 164  164   14.88%    passed     95.77%
 165  165   14.88%    passed     98.18%
 166  166   14.88%    passed     79.75%
 167  167   14.88%    passed     98.43%
 168  168   14.88%    passed     92.37%
 169  169   14.88%    passed     76.95%
 170  170   14.88%    passed     98.21%
 171  171   14.88%    passed     99.70%
 172  172   14.88%    passed     99.05%
 173  173   14.88%    passed     90.21%
 174  174   14.88%    passed     97.18%
 175  175   14.88%    passed     23.04%
 176  176   14.88%    passed     87.71%
 177  177   14.88%    passed     94.03%
 178  178   14.88%    passed     36.13%
 179  179   14.88%    passed     93.38%
 180  180   14.88%    passed     87.42%
 181  181   14.88%    passed     97.11%
 182  182   14.88%    passed     66.22%
 183  183   14.88%    passed     93.95%
 184  184   14.88%    passed     99.84%
 185  185   14.88%    passed     98.22%
 186  186   14.88%    passed     85.24%
 187  187   14.88%    passed     94.85%
 188  188   14.88%    passed     85.19%
 189  189   14.88%    passed     84.30%
 190  190   14.88%    passed     25.05%
 191  191   14.88%    passed     99.97%
 192  192   14.88%    passed     91.68%
 193  193   14.88%    passed     78.33%
 194  194   14.88%    passed     94.86%
 195  195   14.88%    passed     96.57%
 196  196   14.88%    passed     95.58%
 197  197   14.88%    passed     99.16%
 198  198   14.88%    passed     92.32%
 199  199   14.88%    passed     32.41%
 200  200   14.88%    passed     95.26%
 201  201   14.88%    passed     89.83%
 202  202   14.88%    passed     97.06%
 203  203   14.88%    passed     98.60%
 204  204   14.88%    passed     83.18%
 205  205   14.88%    passed     90.21%
 206  206   14.88%    passed     90.94%
 207  207   14.88%    passed     26.82%
 208  208   14.88%    passed     98.73%
 209  209   14.88%    passed     89.65%
 210  210   14.88%    passed     98.26%
 211  211   14.88%    passed     91.32%
 212  212   14.88%    passed     26.82%
 213  213   14.88%    passed     95.44%
 214  214   14.88%    passed     97.24%
 215  215   14.88%    passed     94.36%
 216  216   15.29%    passed     30.78%
 217  217   14.88%    passed     97.32%
 218  218   14.88%    passed     93.80%
 219  219   14.88%    passed     94.90%
 220  220   14.88%    passed     73.73%
 221  221   14.88%    passed     98.54%
 222  222   14.88%    passed     85.71%
 223  223   14.88%    passed     96.59%
 224  224   14.88%    passed     99.50%
 225  225   14.88%    passed     32.74%
 226  226   14.88%    passed     95.21%
 227  227   14.88%    passed     31.98%
 228  228   14.88%    passed     87.31%
 229  229   14.88%    passed     86.70%
 230  230   14.88%    passed     86.83%
 231  231   14.88%    passed     83.18%
 232  232   14.88%    passed     98.85%
 233  233   14.88%    passed     95.25%
 234  234   14.88%    passed     71.67%
 235  235   14.88%    passed     98.46%
 236  236   14.88%    passed     99.17%
 237  237   14.88%    passed     94.05%
 238  238   14.88%    passed     85.24%
 239  239   14.88%    passed     94.89%
 240  240   14.88%    passed     96.37%
 241  241   14.88%    passed     96.39%
 242  242   14.88%    passed     97.40%
 243  243   14.88%    passed     87.59%
 244  244   14.88%    passed     93.96%
 245  245   14.88%    passed     89.42%
 246  246   15.29%    passed     54.81%
 247  247   14.88%    passed     79.49%
 248  248   14.88%    passed     92.07%
 249  249   14.88%    passed     99.78%
 250  250   14.88%    passed     83.69%
 251  251   14.88%    passed     99.16%
 252  252   14.88%    passed     95.03%
 253  253   14.88%    passed     86.94%
 254  254   14.88%    passed     90.52%
 255  255   14.88%    passed     86.98%
 256  256   14.88%    passed     97.40%
 257  257   14.88%    passed     98.58%
 258  258   14.88%    passed     49.44%
 259  259   14.88%    passed     87.12%
 260  260   14.88%    passed     86.18%
 261  261   14.88%    passed     81.77%
 262  262   14.88%    passed     90.75%
 263  263   14.88%    passed     91.33%
 264  264   14.88%    passed     98.66%
 265  265   14.88%    passed     96.51%
 266  266   14.88%    passed     99.37%
 267  267   14.88%    passed     99.70%
 268  268   14.88%    passed     81.60%
 269  269   14.88%    passed     99.44%
 270  270   14.88%    passed     81.87%
 271  271   14.88%    passed     88.70%
 272  272   14.88%    passed     70.82%
 273  273   14.88%    passed     90.52%
 274  274   14.88%    passed     96.71%
 275  275   14.88%    passed     95.41%
 276  276   14.88%    passed     32.74%
 277  277   14.88%    passed     10.28%
 278  278   14.88%    passed     97.43%
 279  279   14.88%    passed     95.92%
 280  280   14.88%    passed     90.03%
 281  281   14.88%    passed     80.34%
 282  282   14.88%    passed     99.50%
 283  283   14.88%    passed     39.37%
 284  284   14.88%    passed     88.84%
 285  285   14.88%    passed     31.59%
 286  286   14.88%    passed     94.85%
 287  287   14.88%    passed     96.92%
 288  288   14.88%    passed     84.64%
 289  289   14.88%    passed     25.86%
 290  290   14.88%    passed     19.25%
 291  291   14.88%    passed     86.18%
 292  292   14.88%    passed     99.44%
 293  293   14.88%    passed     75.92%
 294  294   14.88%    passed     87.79%
 295  295   14.88%    passed     95.26%
 296  296   14.88%    passed     98.62%
 297  297   14.88%    passed     98.83%
 298  298   14.88%    passed     96.30%
 299  299   14.88%    passed     98.43%
 300  300   14.88%    passed     87.71%
 301  301   14.88%    passed     92.53%
 302  302   14.88%    passed     95.77%
 303  303   14.88%    passed     68.65%
 304  304   14.88%    passed     98.60%
 305  305   14.88%    passed     95.75%
 306  306   14.88%    passed     88.15%
 307  307   14.88%    passed     78.55%
 308  308   14.88%    passed     88.69%
 309  309   14.88%    passed     75.78%
 310  310   14.88%    passed     38.35%
 311  311   14.88%    passed     32.41%
 312  312   14.88%    passed     80.58%
 313  313   14.88%    passed     82.46%
 314  314   14.88%    passed     89.42%
 315  315   14.88%    passed     95.53%
 316  316   14.88%    passed     90.21%
 317  317   14.88%    passed     81.34%
 318  318   14.88%    passed     98.21%
 319  319   14.88%    passed     93.73%
 320  320   14.88%    passed     32.50%
 321  321   14.88%    passed     98.58%
 322  322   14.88%    passed     89.20%
 323  323   14.88%    passed     98.91%
 324  324   14.88%    passed     96.92%
 325  325   14.88%    passed     26.57%
 326  326   14.88%    passed     86.07%
 327  327   14.88%    passed     72.16%
 328  328   14.88%    passed     98.75%
 329  329   14.88%    passed     94.03%
 330  330   14.88%    passed     95.77%
 331  331   14.88%    passed     89.78%
 332  332   14.88%    passed     88.70%
 333  333   14.88%    passed     84.61%
 334  334   14.88%    passed     88.49%
 335  335   14.88%    passed     94.86%
 336  336   14.88%    passed     86.18%
 337  337   14.88%    passed     86.22%
 338  338   14.88%    passed     98.35%
 339  339   14.88%    passed     89.62%
 340  340   14.88%    passed     84.39%
 341  341   14.88%    passed     95.47%
 342  342   14.88%    passed     90.54%
 343  343   14.88%    passed     91.88%
 344  344   14.88%    passed     94.89%
 345  345   14.88%    passed     87.19%
 346  346   14.88%    passed     97.94%
 347  347   14.88%    passed     95.77%
 348  348   14.88%    passed     97.52%
 349  349   14.88%    passed     89.20%
 350  350   14.88%    passed     86.52%
 351  351   14.88%    passed     97.52%
 352  352   14.88%    passed     30.46%
 353  353   14.88%    passed     55.46%
 354  354   14.88%    passed     97.60%
 355  355   14.88%    passed     99.63%
 356  356   14.88%    passed     95.96%
 357  357   14.88%    passed     94.08%
 358  358   14.88%    passed     73.04%
 359  359   14.88%    passed     32.18%
 360  360   14.88%    passed     11.89%
 361  361   14.88%    passed     91.92%
 362  362   14.88%    passed     97.32%
 363  363   14.88%    passed     18.86%
 364  364   14.88%    passed     96.76%
 365  365   14.88%    passed     70.53%
 366  366   14.88%    passed     50.89%
 367  367   14.88%    passed     94.03%
 368  368   15.08%    passed     82.50%
 369  369   14.88%    passed     55.21%
 370  370   14.88%    passed     92.33%
 371  371   14.88%    passed     95.31%
 372  372   14.88%    passed     89.62%
 373  373   14.88%    passed     98.18%
 374  374   14.88%    passed     85.24%
 375  375   14.88%    passed     50.17%
 376  376   14.88%    passed     90.91%
 377  377   14.88%    passed     98.39%
 378  378   14.88%    passed     92.14%
 379  379   14.88%    passed     93.29%
 380  380   14.88%    passed     92.79%
 381  381   14.88%    passed     72.51%
 382  382   14.88%    passed     97.01%
 383  383   14.88%    passed     95.00%
 384  384   14.88%    passed     95.49%
 385  385   14.88%    passed     90.41%
 386  386   14.88%    passed     88.01%
 387  387   14.88%    passed     97.63%
 388  388   14.88%    passed     85.24%
 389  389   14.88%    passed     69.91%
 390  390   14.88%    passed     98.32%
 391  391   15.08%    passed     68.65%
 392  392   14.88%    passed     96.07%
 393  393   14.88%    passed     85.19%
 394  394   14.88%    passed     92.55%
 395  395   14.88%    passed     97.70%
 396  396   14.88%    passed     81.30%
 397  397   14.67%    passed     89.02%
 398  398   14.88%    passed     92.33%
 399  399   14.88%    passed     98.91%
 400  400   14.88%    passed     93.26%
 401  401   14.88%    passed     76.13%
 402  402   14.88%    passed     79.16%
 403  403   14.88%    passed     89.19%
 404  404   14.88%    passed     94.12%
 405  405   14.88%    passed     91.92%
 406  406   14.88%    passed     98.65%
 407  407   14.88%    passed     93.29%
 408  408   14.88%    passed     36.72%
 409  409   14.88%    passed     99.45%
 410  410   14.88%    passed     88.57%
 411  411   14.88%    passed     82.32%
 412  412   14.88%    passed     96.57%
 413  413   14.88%    passed     96.74%
 414  414   14.88%    passed     35.72%
 415  415   14.88%    passed     97.04%
 416  416   14.88%    passed     91.92%
 417  417   14.88%    passed     86.51%
 418  418   14.88%    passed     76.18%
 419  419   14.88%    passed     97.70%
 420  420   14.88%    passed     62.85%
 421  421   14.88%    passed     94.85%
 422  422   14.88%    passed     78.36%
 423  423   14.88%    passed     94.03%
 424  424   15.29%    passed     29.25%
 425  425   14.88%    passed     23.86%
 426  426   14.88%    passed     91.78%
 427  427   14.88%    passed     91.91%
 428  428   14.88%    passed     81.07%
 429  429   14.88%    passed     94.08%
 430  430   14.88%    passed     89.91%
 431  431   14.88%    passed     87.59%
 432  432   14.88%    passed     99.34%
 433  433   14.88%    passed     97.61%
 434  434   14.88%    passed     59.21%
 435  435   14.88%    passed     94.62%
 436  436   14.88%    passed     95.85%
 437  437   14.88%    passed     91.78%
 438  438   14.88%    passed     99.45%
 439  439   14.88%    passed     95.50%
 440  440   14.88%    passed     33.09%
 441  441   14.88%    passed     74.66%
 442  442   14.88%    passed     96.57%
 443  443   14.88%    passed     56.67%
 444  444   14.88%    passed     59.08%
 445  445   14.67%    passed     57.62%
 446  446   14.88%    passed     89.52%
 447  447   14.88%    passed     99.47%
 448  448   14.88%    passed     99.13%
 449  449   14.88%    passed     94.08%
 450  450   14.88%    passed     82.15%
 451  451   14.88%    passed     95.93%
 452  452   14.88%    passed     79.73%
 453  453   14.88%    passed     97.26%
 454  454   14.88%    passed     95.64%
 455  455   14.88%    passed     90.70%
 456  456   14.88%    passed     81.39%
 457  457   14.88%    passed     77.12%
 458  458   14.88%    passed     95.70%
 459  459   14.88%    passed     95.03%
 460  460   14.88%    passed     88.02%
 461  461   14.88%    passed     23.86%
 462  462   14.88%    passed     79.64%
 463  463   14.88%    passed     92.52%
 464  464   14.88%    passed     97.32%
 465  465   14.88%    passed     93.29%
 466  466   14.88%    passed     91.63%
 467  467   14.88%    passed     78.47%
 468  468   14.88%    passed     57.26%
 469  469   14.88%    passed     94.04%
 470  470   15.29%    passed     55.59%
 471  471   14.88%    passed     96.22%
 472  472   14.88%    passed     83.31%
 473  473   14.88%    passed     94.62%
 474  474   14.88%    passed     89.20%
 475  475   15.29%    passed     62.87%
 476  476   14.88%    passed     78.71%
 477  477   14.88%    passed     79.05%
 478  478   14.88%    passed     89.20%
 479  479   14.88%    passed     95.84%
 480  480   14.88%    passed     32.97%
 481  481   14.88%    passed     76.10%
 482  482   14.88%    passed     88.25%
 483  483   14.88%    passed     92.41%
 484  484   14.88%    passed     97.61%
 485  485   14.88%    passed     92.71%
 486  486   14.88%    passed     80.72%
 487  487   14.88%    passed     97.91%
 488  488   14.88%    passed     94.03%
 489  489   14.88%    passed     87.09%
 490  490   14.88%    passed     96.37%
 491  491   14.88%    passed     93.75%
 492  492   14.88%    passed     73.22%
 493  493   14.88%    passed     97.01%
 494  494   14.88%    passed     95.30%
 495  495   14.88%    passed     96.52%
 496  496   14.88%    passed     99.35%
 497  497   14.88%    passed     79.66%
 498  498   14.88%    passed     90.74%
 499  499   14.88%    passed     98.35%
 500  500   14.88%    passed     97.70%
 501  501   14.88%    passed     81.66%
 502  502   14.88%    passed     85.72%
 503  503   14.88%    passed     69.35%
 504  504   14.88%    passed     95.58%
 505  505   14.88%    passed     77.16%
 506  506   14.88%    passed     91.98%
 507  507   14.88%    passed     99.16%
 508  508   38.43%    passed     93.80%
 509  509   14.88%    passed     29.69%
 510  510   15.29%    passed     21.91%
 511  511   14.88%    passed     48.96%
 512  512   14.88%    passed     97.95%
 513  513   14.88%    passed     96.52%
 514  514   14.88%    passed     71.74%
 515  515   14.88%    passed     86.95%
 516  516   14.88%    passed     88.70%
 517  517   14.88%    passed     94.89%
 518  518   14.88%    passed     92.45%
 519  519   14.88%    passed     29.86%
 520  520   14.88%    passed     80.90%
 521  521   14.88%    passed     91.63%
 522  522   14.88%    passed     84.93%
 523  523   14.88%    passed     55.16%
 524  524   14.88%    passed     15.82%
 525  525   14.88%    passed     89.78%
 526  526   14.88%    passed     63.92%
 527  527   14.88%    passed     92.07%
 528  528   14.88%    passed     87.50%
 529  529   14.88%    passed     98.70%
 530  530   14.88%    passed     92.79%
 531  531   14.88%    passed     91.17%
 532  532   14.88%    passed     99.44%
 533  533   14.88%    passed     96.37%
 534  534   14.88%    passed     98.44%
 535  535   14.88%    passed     94.48%
 536  536   14.88%    passed     92.65%
 537  537   14.88%    passed     94.32%
 538  538   14.88%    passed     80.94%
 539  539   14.88%    passed     87.56%
 540  540   14.88%    passed     81.72%
 541  541   14.88%    passed     92.87%
 542  542   14.88%    passed     91.78%
 543  543   14.88%    passed     96.57%
 544  544   14.88%    passed     70.46%
 545  545   14.88%    passed     77.10%
 546  546   14.88%    passed     99.97%
 547  547   15.08%    passed     97.52%
 548  548   14.88%    passed     95.41%
 549  549   14.88%    passed     39.58%
 550  550   14.88%    passed     97.63%
 551  551   14.88%    passed     97.96%
 552  552   14.88%    passed     92.97%
 553  553   14.88%    passed     31.48%
 554  554   14.88%    passed     91.01%
 555  555   14.88%    passed     92.87%
 556  556   14.88%    passed     94.24%
 557  557   14.88%    passed     47.89%
 558  558   14.88%    passed     85.13%
 559  559   14.88%    passed     42.03%
 560  560   14.88%    passed     78.94%
 561  561   14.88%    passed     38.97%
 562  562   14.88%    passed     97.47%
 563  563   14.88%    passed     85.08%
 564  564   14.88%    passed     74.66%
 565  565   14.88%    passed     94.36%
 566  566   14.88%    passed     99.40%
 567  567   14.88%    passed     68.15%
 568  568   14.88%    passed     98.20%
 569  569   14.88%    passed     83.06%
 570  570   14.88%    passed     43.19%
 571  571   14.88%    passed     75.77%
 572  572   14.88%    passed     45.76%
 573  573   14.88%    passed     98.83%
 574  574   14.88%    passed     98.18%
 575  575   14.88%    passed     97.46%
 576  576   14.88%    passed     50.97%
 577  577   14.88%    passed     92.91%
 578  578   14.88%    passed     81.77%
 579  579   14.88%    passed     64.06%
 580  580   14.88%    passed     38.63%
 581  581   14.88%    passed     88.15%
 582  582   14.88%    passed     86.07%
 583  583   14.88%    passed     75.24%
 584  584   14.88%    passed     95.50%
 585  585   14.88%    passed     84.37%
 586  586   14.88%    passed     66.67%
 587  587   14.88%    passed     96.57%
 588  588   14.88%    passed     93.88%
 589  589   14.88%    passed     92.36%
 590  590   14.88%    passed     96.71%
 591  591   14.88%    passed     25.39%
 592  592   14.88%    passed     29.11%
 593  593   14.88%    passed     93.15%
 594  594   14.88%    passed     83.98%
 595  595   14.88%    passed     94.21%
 596  596   14.88%    passed     93.50%
 597  597   14.88%    passed     92.86%
 598  598   14.88%    passed     95.49%
 599  599   14.88%    passed     94.65%
 600  600    0.21%    passed     45.87%
 601  601   14.88%    passed     61.71%
 602  602   15.29%    passed     36.72%
 603  603   14.88%    passed     98.58%
 604  604   14.88%    passed     59.91%
 605  605   14.88%    passed     72.21%
 606  606   14.88%    passed     95.01%
 607  607   23.76%    passed     95.04%
 608  608   14.88%    passed     93.99%
 609  609   14.88%    passed     54.68%
 610  610   14.88%    passed     21.00%
 611  611   14.88%    passed     92.26%
 612  612   14.88%    passed     52.74%
 613  613   14.88%    passed     97.79%
****  TOTAL   14.91%  0 sequences failed composition chi2 test (p-value<5%; df=3)


Create initial parsimony tree by phylogenetic likelihood library (PLL)... 0.182 seconds
NOTE: ModelFinder requires 21 MB RAM!
ModelFinder will test 88 DNA models (sample size: 484) ...
 No. Model         -LnL         df  AIC          AICc         BIC
  1  JC            23018.779    1223 48483.557    3042387.557  53598.247
  2  JC+I          21350.949    1224 45149.897    3043949.897  50268.769
  3  JC+G4         19986.332    1224 42420.663    3041220.663  47539.535
  4  JC+I+G4       19906.652    1225 42263.304    3045963.304  47386.358
  5  F81+F         22863.179    1226 48178.357    3056782.357  53305.594
  6  F81+F+I       21202.143    1227 44858.286    3058370.286  49989.704
  7  F81+F+G4      19777.646    1227 42009.293    3055521.293  47140.711
  8  F81+F+I+G4    19689.631    1228 41835.261    3060259.261  46970.862
  9  K2P           22774.838    1224 47997.677    3046797.677  53116.548
 10  K2P+I         21103.058    1225 44656.117    3048356.117  49779.171
 11  K2P+G4        19727.439    1225 41904.878    3045604.878  47027.932
 12  K2P+I+G4      19645.247    1226 41742.495    3050346.495  46869.731
 13  HKY+F         22585.358    1227 47624.715    3061136.715  52756.133
 14  HKY+F+I       20918.101    1228 44292.203    3062716.203  49427.803
 15  HKY+F+G4      19417.654    1228 41291.307    3059715.307  46426.908
 16  HKY+F+I+G4    19321.916    1229 41101.832    3064441.832  46241.615
 17  TNe           22570.772    1225 47591.544    3051291.544  52714.598
 18  TNe+I         20977.835    1226 44407.671    3053011.671  49534.907
 19  TNe+G4        19718.256    1226 41888.513    3050492.513  47015.749
 20  TNe+I+G4      19628.576    1227 41711.151    3055223.151  46842.570
 21  TN+F          22341.954    1228 47139.908    3065563.908  52275.508
 22  TN+F+I        20756.664    1229 43971.327    3067311.327  49111.110
 23  TN+F+G4       19401.732    1229 41261.465    3064601.465  46401.247
 24  TN+F+I+G4     19296.472    1230 41052.945    3069312.945  46196.909
 25  K3P           22610.470    1225 47670.940    3051370.940  52793.994
 26  K3P+I         20936.897    1226 44325.793    3052929.793  49453.029
 27  K3P+G4        19568.723    1226 41589.446    3050193.446  46716.682
 28  K3P+I+G4      19487.830    1227 41429.659    3054941.659  46561.077
 29  K3Pu+F        22457.944    1228 47371.889    3065795.889  52507.489
 30  K3Pu+F+I      20786.103    1229 44030.205    3067370.205  49169.987
 31  K3Pu+F+G4     19326.231    1229 41110.461    3064450.461  46250.244
 32  K3Pu+F+I+G4   19236.607    1230 40933.214    3069193.214  46077.178
 33  TPM2+F        22488.606    1228 47433.212    3065857.212  52568.812
 34  TPM2+F+I      20805.148    1229 44068.296    3067408.296  49208.078
 35  TPM2+F+G4     19381.773    1229 41221.545    3064561.545  46361.327
 36  TPM2+F+I+G4   19289.473    1230 41038.946    3069298.946  46182.911
 37  TPM2u+F       22488.609    1228 47433.218    3065857.218  52568.818
 38  TPM2u+F+I     20805.148    1229 44068.296    3067408.296  49208.079
 39  TPM2u+F+G4    19381.772    1229 41221.545    3064561.545  46361.327
 40  TPM2u+F+I+G4  19289.468    1230 41038.935    3069298.935  46182.899
 41  TPM3+F        22296.197    1228 47048.395    3065472.395  52183.995
 42  TPM3+F+I      20632.113    1229 43722.226    3067062.226  48862.008
 43  TPM3+F+G4     19195.527    1229 40849.053    3064189.053  45988.835
 44  TPM3+F+I+G4   19116.461    1230 40692.922    3068952.922  45836.886
 45  TPM3u+F       22296.197    1228 47048.394    3065472.394  52183.994
 46  TPM3u+F+I     20632.112    1229 43722.225    3067062.225  48862.007
 47  TPM3u+F+G4    19195.527    1229 40849.053    3064189.053  45988.836
 48  TPM3u+F+I+G4  19116.458    1230 40692.916    3068952.916  45836.881
 49  TIMe          22406.975    1226 47265.949    3055869.949  52393.185
 50  TIMe+I        20812.132    1227 44078.265    3057590.265  49209.683
 51  TIMe+G4       19558.132    1227 41570.264    3055082.264  46701.682
 52  TIMe+I+G4     19470.099    1228 41396.197    3059820.197  46531.797
 53  TIM+F         22215.399    1229 46888.799    3070228.799  52028.581
 54  TIM+F+I       20625.616    1230 43711.233    3071971.233  48855.197
 55  TIM+F+G4      19313.297    1230 41086.594    3069346.594  46230.558
 56  TIM+F+I+G4    19212.235    1231 40886.471    3074070.471  46034.617
 57  TIM2e         22402.107    1226 47256.213    3055860.213  52383.449
 58  TIM2e+I       20779.032    1227 44012.063    3057524.063  49143.482
 59  TIM2e+G4      19594.085    1227 41642.170    3055154.170  46773.588
 60  TIM2e+I+G4    19512.051    1228 41480.101    3059904.101  46615.702
 61  TIM2+F        22246.835    1229 46951.669    3070291.669  52091.451
 62  TIM2+F+I      20645.573    1230 43751.146    3072011.146  48895.110
 63  TIM2+F+G4     19367.167    1230 41194.334    3069454.334  46338.299
 64  TIM2+F+I+G4   19264.198    1231 40990.397    3074174.397  46138.543
 65  TIM3e         22156.538    1226 46765.076    3055369.076  51892.312
 66  TIM3e+I       20583.838    1227 43621.676    3057133.676  48753.094
 67  TIM3e+G4      19394.711    1227 41243.422    3054755.422  46374.840
 68  TIM3e+I+G4    19310.670    1228 41077.340    3059501.340  46212.940
 69  TIM3+F        22048.387    1229 46554.773    3069894.773  51694.556
 70  TIM3+F+I      20466.607    1230 43393.213    3071653.213  48537.178
 71  TIM3+F+G4     19185.470    1230 40830.939    3069090.939  45974.904
 72  TIM3+F+I+G4   19097.254    1231 40656.508    3073840.508  45804.655
 73  TVMe          22185.254    1227 46824.508    3060336.508  51955.926
 74  TVMe+I        20501.913    1228 43459.825    3061883.825  48595.426
 75  TVMe+G4       19261.884    1228 40979.767    3059403.767  46115.368
 76  TVMe+I+G4     19180.118    1229 40818.236    3064158.236  45958.019
 77  TVM+F         22197.956    1230 46855.912    3075115.912  51999.876
 78  TVM+F+I       20516.974    1231 43495.948    3076679.948  48644.094
 79  TVM+F+G4      19153.472    1231 40768.944    3073952.944  45917.091
 80  TVM+F+I+G4    19074.496    1232 40612.991    3078724.991  45765.320
 81  SYM           21978.943    1228 46413.886    3064837.886  51549.486
 82  SYM+I         20374.672    1229 43207.344    3066547.344  48347.126
 83  SYM+G4        19251.431    1229 40960.862    3064300.862  46100.645
 84  SYM+I+G4      19168.566    1230 40797.132    3069057.132  45941.096
 85  GTR+F         21952.133    1231 46366.266    3079550.266  51514.412
 86  GTR+F+I       20353.563    1232 43171.127    3081283.127  48323.455
 87  GTR+F+G4      19144.334    1232 40752.668    3078864.668  45904.996
 88  GTR+F+I+G4    19056.685    1233 40579.371    3083623.371  45735.881
Akaike Information Criterion:           GTR+F+I+G4
Corrected Akaike Information Criterion: JC+G4
Bayesian Information Criterion:         GTR+F+I+G4
Best-fit model: GTR+F+I+G4 chosen according to BIC

All model information printed to asv613.fasta.model.gz
CPU time for ModelFinder: 119.444 seconds (0h:1m:59s)
Wall-clock time for ModelFinder: 119.927 seconds (0h:1m:59s)
Generating 1000 samples for ultrafast bootstrap (seed: 931979)...

NOTE: 21 MB RAM (0 GB) is required!
Estimate model parameters (epsilon = 0.100)
Thoroughly optimizing +I+G parameters from 10 start values...
Init pinv, alpha: 0.000, 1.000 / Estimate: 0.000, 0.408 / LogL: -19144.315
Init pinv, alpha: 0.055, 1.000 / Estimate: 0.391, 0.865 / LogL: -19056.637
Init pinv, alpha: 0.110, 1.000 / Estimate: 0.391, 0.865 / LogL: -19056.658
Init pinv, alpha: 0.165, 1.000 / Estimate: 0.391, 0.866 / LogL: -19056.666
Init pinv, alpha: 0.220, 1.000 / Estimate: 0.391, 0.865 / LogL: -19056.642
Init pinv, alpha: 0.275, 1.000 / Estimate: 0.391, 0.865 / LogL: -19056.665
Init pinv, alpha: 0.331, 1.000 / Estimate: 0.390, 0.864 / LogL: -19056.691
Init pinv, alpha: 0.386, 1.000 / Estimate: 0.391, 0.865 / LogL: -19056.674
Init pinv, alpha: 0.441, 1.000 / Estimate: 0.392, 0.864 / LogL: -19056.677
Init pinv, alpha: 0.496, 1.000 / Estimate: 0.393, 0.864 / LogL: -19056.702
Optimal pinv,alpha: 0.391, 0.865 / LogL: -19056.637

Parameters optimization took 55.464 sec
Computing ML distances based on estimated model parameters... 3.980 sec
Computing BIONJ tree...
1.184 seconds
Log-likelihood of BIONJ tree: -19475.397
--------------------------------------------------------------------
|             INITIALIZING CANDIDATE TREE SET                      |
--------------------------------------------------------------------
Generating 98 parsimony trees... 17.591 second
Computing log-likelihood of 98 initial trees ... 28.285 seconds
Current best score: -19003.302

Do NNI search on 20 best initial trees
Estimate model parameters (epsilon = 0.100)
BETTER TREE FOUND at iteration 1: -18920.443
Iteration 10 / LogL: -18945.755 / Time: 0h:3m:54s
Iteration 20 / LogL: -19007.681 / Time: 0h:5m:52s
Finish initializing candidate tree set (20)
Current best tree score: -18920.443 / CPU time: 290.676
Number of iterations: 20
--------------------------------------------------------------------
|               OPTIMIZING CANDIDATE TREE SET                      |
--------------------------------------------------------------------
Estimate model parameters (epsilon = 0.100)
BETTER TREE FOUND at iteration 27: -18914.826
Estimate model parameters (epsilon = 0.100)
BETTER TREE FOUND at iteration 30: -18914.137
Iteration 30 / LogL: -18914.137 / Time: 0h:7m:9s (0h:24m:39s left)
Estimate model parameters (epsilon = 0.100)
BETTER TREE FOUND at iteration 31: -18880.439
Estimate model parameters (epsilon = 0.100)
BETTER TREE FOUND at iteration 33: -18877.388
Iteration 40 / LogL: -18931.956 / Time: 0h:8m:28s (0h:20m:11s left)
Estimate model parameters (epsilon = 0.100)
BETTER TREE FOUND at iteration 49: -18872.867
Estimate model parameters (epsilon = 0.100)
BETTER TREE FOUND at iteration 50: -18864.765
Iteration 50 / LogL: -18864.765 / Time: 0h:9m:49s (0h:20m:3s left)
Log-likelihood cutoff on original alignment: -19017.446
Estimate model parameters (epsilon = 0.100)
BETTER TREE FOUND at iteration 51: -18861.823
Estimate model parameters (epsilon = 0.100)
BETTER TREE FOUND at iteration 52: -18858.292
Estimate model parameters (epsilon = 0.100)
BETTER TREE FOUND at iteration 60: -18849.158
Iteration 60 / LogL: -18849.158 / Time: 0h:11m:11s (0h:18m:58s left)
Iteration 70 / LogL: -18944.287 / Time: 0h:12m:30s (0h:16m:19s left)
Estimate model parameters (epsilon = 0.100)
BETTER TREE FOUND at iteration 75: -18843.038
Iteration 80 / LogL: -18856.548 / Time: 0h:13m:58s (0h:16m:48s left)
Estimate model parameters (epsilon = 0.100)
BETTER TREE FOUND at iteration 82: -18837.984
Iteration 90 / LogL: -18940.899 / Time: 0h:15m:24s (0h:15m:55s left)
Iteration 100 / LogL: -18867.238 / Time: 0h:16m:46s (0h:13m:53s left)
Log-likelihood cutoff on original alignment: -19017.446
NOTE: Bootstrap correlation coefficient of split occurrence frequencies: 0.939
NOTE: UFBoot does not converge, continue at least 100 more iterations
Estimate model parameters (epsilon = 0.100)
BETTER TREE FOUND at iteration 106: -18831.205
Iteration 110 / LogL: -18863.822 / Time: 0h:18m:15s (0h:16m:4s left)
Iteration 120 / LogL: -18845.189 / Time: 0h:19m:44s (0h:14m:16s left)
Iteration 130 / LogL: -18871.808 / Time: 0h:21m:9s (0h:12m:27s left)
Iteration 140 / LogL: -18836.782 / Time: 0h:22m:34s (0h:10m:43s left)
Iteration 150 / LogL: -18835.950 / Time: 0h:23m:59s (0h:9m:0s left)
Log-likelihood cutoff on original alignment: -19014.047
Estimate model parameters (epsilon = 0.100)
BETTER TREE FOUND at iteration 152: -18829.549
Iteration 160 / LogL: -18913.285 / Time: 0h:25m:26s (0h:14m:43s left)
Iteration 170 / LogL: -19062.987 / Time: 0h:26m:47s (0h:12m:59s left)
Estimate model parameters (epsilon = 0.100)
BETTER TREE FOUND at iteration 172: -18827.363
Iteration 180 / LogL: -18880.879 / Time: 0h:28m:19s (0h:14m:33s left)
Iteration 190 / LogL: -18879.715 / Time: 0h:29m:47s (0h:12m:55s left)
Iteration 200 / LogL: -18837.659 / Time: 0h:31m:11s (0h:11m:17s left)
Log-likelihood cutoff on original alignment: -19004.365
NOTE: Bootstrap correlation coefficient of split occurrence frequencies: 0.983
NOTE: UFBoot does not converge, continue at least 100 more iterations
Iteration 210 / LogL: -18856.637 / Time: 0h:32m:46s (0h:14m:6s left)
Iteration 220 / LogL: -18934.044 / Time: 0h:34m:8s (0h:12m:28s left)
Iteration 230 / LogL: -18849.597 / Time: 0h:35m:34s (0h:10m:52s left)
Iteration 240 / LogL: -18876.904 / Time: 0h:37m:10s (0h:9m:19s left)
Iteration 250 / LogL: -18839.230 / Time: 0h:38m:38s (0h:7m:45s left)
Log-likelihood cutoff on original alignment: -19004.365
Iteration 260 / LogL: -18917.803 / Time: 0h:39m:53s (0h:6m:9s left)
Iteration 270 / LogL: -18835.840 / Time: 0h:41m:21s (0h:4m:36s left)
Iteration 280 / LogL: -18860.612 / Time: 0h:42m:48s (0h:3m:4s left)
Iteration 290 / LogL: -18861.463 / Time: 0h:44m:13s (0h:1m:31s left)
Iteration 300 / LogL: -18837.633 / Time: 0h:45m:30s (0h:0m:0s left)
Log-likelihood cutoff on original alignment: -19004.365
NOTE: Bootstrap correlation coefficient of split occurrence frequencies: 0.990
TREE SEARCH COMPLETED AFTER 300 ITERATIONS / Time: 0h:45m:33s

--------------------------------------------------------------------
|                    FINALIZING TREE SEARCH                        |
--------------------------------------------------------------------
Performs final model parameters optimization
Estimate model parameters (epsilon = 0.010)
1. Initial log-likelihood: -18827.363
Optimal log-likelihood: -18827.362
Rate parameters:  A-C: 0.35969  A-G: 2.13928  A-T: 1.76226  C-G: 0.29252  C-T: 3.21649  G-T: 1.00000
Base frequencies:  A: 0.320  C: 0.185  G: 0.202  T: 0.293
Proportion of invariable sites: 0.390
Gamma shape alpha: 0.830
Parameters optimization took 1 rounds (0.625 sec)
BEST SCORE FOUND : -18827.362

Testing tree branches by SH-like aLRT with 1000 replicates...
6.021 sec.
Creating bootstrap support values...
Split supports printed to NEXUS file asv613.fasta.splits.nex
Total tree length: 13.124

Total number of iterations: 300
CPU time used for tree search: 2664.776 sec (0h:44m:24s)
Wall-clock time used for tree search: 2671.235 sec (0h:44m:31s)
Total CPU time used: 2735.608 sec (0h:45m:35s)
Total wall-clock time used: 2742.398 sec (0h:45m:42s)

Computing bootstrap consensus tree...
Reading input file asv613.fasta.splits.nex...
613 taxa and 5048 splits.
Consensus tree written to asv613.fasta.contree
Reading input trees file asv613.fasta.contree
Log-likelihood of consensus tree: -18825.754

Analysis results written to: 
  IQ-TREE report:                asv613.fasta.iqtree
  Maximum-likelihood tree:       asv613.fasta.treefile
  Likelihood distances:          asv613.fasta.mldist

Ultrafast bootstrap approximation results written to:
  Split support values:          asv613.fasta.splits.nex
  Consensus tree:                asv613.fasta.contree
  Screen log file:               asv613.fasta.log

Date and Time: Mon Sep 23 04:19:16 2019
