IQ-TREE multicore version 1.6.11 for Linux 64-bit built Jun  6 2019
Developed by Bui Quang Minh, Nguyen Lam Tung, Olga Chernomor,
Heiko Schmidt, Dominik Schrempf, Michael Woodhams.

Host:    jordan (SSE4.2, 11 GB RAM)
Command: ../../iqtree -s rbcl_aligns_in_main.fasta -m TEST -bb 1000 -alrt 1000
Seed:    233664 (Using SPRNG - Scalable Parallel Random Number Generator)
Time:    Sat Nov  2 07:15:17 2019
Kernel:  SSE2 - 1 threads (8 CPU cores detected)

HINT: Use -nt option to specify number of threads because your CPU has 8 cores!
HINT: -nt AUTO will automatically determine the best number of threads to use.

Reading alignment file rbcl_aligns_in_main.fasta ... Fasta format detected
Alignment most likely contains DNA/RNA sequences
Alignment has 611 sequences with 484 columns, 260 distinct patterns
205 parsimony-informative, 39 singleton sites, 240 constant sites
     Gap/Ambiguity  Composition  p-value
   1  001   14.88%    passed     94.07%
   2  002   14.88%    passed     99.84%
   3  003   14.88%    passed     84.04%
   4  004   14.88%    passed     97.62%
   5  005   14.88%    passed     81.11%
   6  006   14.88%    passed     77.99%
   7  007   14.88%    passed     79.42%
   8  008   14.88%    passed     94.07%
   9  009   14.88%    passed     89.96%
  10  010   14.88%    passed     81.09%
  11  011   14.88%    passed     81.56%
  12  012   14.88%    passed     10.64%
  13  013   14.88%    passed     96.99%
  14  014   14.88%    passed     86.58%
  15  015   14.88%    passed     95.95%
  16  016   14.88%    passed     73.16%
  17  017   14.88%    passed     79.63%
  18  018   14.88%    passed     85.49%
  19  019   14.88%    passed     99.78%
  20  020   14.88%    passed     88.60%
  21  021   14.88%    passed     92.93%
  22  022   14.88%    passed     93.78%
  23  023   14.88%    passed     85.29%
  24  024   14.88%    passed     90.94%
  25  025   14.88%    passed     84.74%
  26  026   14.88%    passed     91.92%
  27  027   14.88%    passed     87.12%
  28  028   14.88%    passed     86.08%
  29  029   14.88%    passed     26.85%
  30  030   14.88%    passed     82.19%
  31  031   14.88%    passed     94.64%
  32  032   14.88%    passed     95.73%
  33  033   14.88%    passed     95.41%
  34  034   14.88%    passed     97.23%
  35  035   14.88%    passed     96.70%
  36  036   14.88%    passed     89.17%
  37  037   14.88%    passed     84.01%
  38  038   14.88%    passed     99.63%
  39  039   14.88%    passed     94.27%
  40  040   14.88%    passed     27.12%
  41  041   14.88%    passed     80.89%
  42  042   14.88%    passed     91.29%
  43  043   14.88%    passed     43.24%
  44  044   14.88%    passed     95.94%
  45  045   14.88%    passed     95.46%
  46  046   14.88%    passed     96.56%
  47  047   14.88%    passed     86.10%
  48  048   14.88%    passed     97.95%
  49  049   14.88%    passed     97.80%
  50  050   14.88%    passed     99.19%
  51  051   14.88%    passed     92.76%
  52  052   14.88%    passed     89.36%
  53  053   14.88%    passed     82.19%
  54  054   14.88%    passed     89.63%
  55  055   15.29%    passed     30.80%
  56  056   14.88%    passed     87.32%
  57  057   14.88%    passed     89.80%
  58  058   14.88%    passed     26.67%
  59  059   14.88%    passed     96.76%
  60  060   14.88%    passed     96.94%
  61  061   14.88%    passed     95.84%
  62  062   14.88%    passed     81.68%
  63  063   14.88%    passed     87.41%
  64  064   14.88%    passed     77.38%
  65  065   14.88%    passed     97.61%
  66  066   14.88%    passed     37.41%
  67  067   14.88%    passed     78.84%
  68  068   14.88%    passed     80.75%
  69  069   14.88%    passed     97.58%
  70  070   14.88%    passed     98.31%
  71  071   14.88%    passed     78.58%
  72  072   14.88%    passed     96.38%
  73  073   14.88%    passed     82.30%
  74  074   14.88%    passed     75.31%
  75  075   14.88%    passed     94.88%
  76  076   14.88%    passed     96.65%
  77  077   14.88%    passed     97.60%
  78  078   14.88%    passed     96.94%
  79  079   14.88%    passed     92.42%
  80  080   14.88%    passed     92.58%
  81  081   14.88%    passed     97.62%
  82  082   14.88%    passed     93.87%
  83  083   14.88%    passed     83.54%
  84  084   14.88%    passed     84.66%
  85  085   14.88%    passed     94.21%
  86  086   14.88%    passed     91.32%
  87  087   14.88%    passed     87.59%
  88  088   14.88%    passed     89.62%
  89  089   14.88%    passed     89.27%
  90  090   14.88%    passed     88.38%
  91  091   14.88%    passed     89.22%
  92  092   14.88%    passed     32.77%
  93  093   14.88%    passed     90.91%
  94  094   14.88%    passed     91.29%
  95  095   14.88%    passed     86.06%
  96  096   14.88%    passed     96.42%
  97  097   14.88%    passed     82.62%
  98  098   14.88%    passed     17.13%
  99  099   14.88%    passed     83.94%
 100  100   14.88%    passed     90.95%
 101  101   14.88%    passed     98.54%
 102  102   14.88%    passed     86.06%
 103  103   14.88%    passed     95.71%
 104  104   14.88%    passed     93.91%
 105  105   14.88%    passed     99.56%
 106  106   14.88%    passed     96.71%
 107  107   14.88%    passed     95.36%
 108  108   14.88%    passed     97.46%
 109  109   14.88%    passed     83.32%
 110  110   14.88%    passed     75.08%
 111  111   14.88%    passed     98.61%
 112  112   14.88%    passed     91.91%
 113  113   14.88%    passed     97.62%
 114  114   14.88%    passed     99.93%
 115  115   14.88%    passed     38.92%
 116  116   14.88%    passed     84.90%
 117  117   14.88%    passed     94.63%
 118  118   14.88%    passed     95.49%
 119  119   14.88%    passed     96.99%
 120  120   14.88%    passed     87.41%
 121  121   14.88%    passed     25.27%
 122  122   14.88%    passed     87.94%
 123  123   14.88%    passed     51.25%
 124  124   14.88%    passed     97.69%
 125  125   14.88%    passed     92.21%
 126  126   14.88%    passed     97.70%
 127  127   14.88%    passed     20.74%
 128  128   14.88%    passed     93.71%
 129  129   14.88%    passed     92.32%
 130  130   14.88%    passed     80.56%
 131  131   14.88%    passed     95.56%
 132  132   14.88%    passed     38.76%
 133  133   14.88%    passed     78.30%
 134  134   14.88%    passed     85.51%
 135  135   14.88%    passed     94.20%
 136  136   14.88%    passed     91.96%
 137  138   14.88%    passed     87.41%
 138  139   14.88%    passed     31.47%
 139  140   14.88%    passed     26.03%
 140  141   14.88%    passed     96.99%
 141  142   14.88%    passed     99.99%
 142  143   14.88%    passed     75.60%
 143  144   14.88%    passed     94.60%
 144  145   14.88%    passed     87.94%
 145  146   14.88%    passed     57.00%
 146  147   14.88%    passed     86.58%
 147  148   14.88%    passed     92.47%
 148  149   14.88%    passed     10.26%
 149  150   14.88%    passed     94.99%
 150  151   14.88%    passed     79.23%
 151  152   14.88%    passed     85.16%
 152  153   14.88%    passed     78.99%
 153  154   14.88%    passed     79.77%
 154  155   14.88%    passed     66.68%
 155  156   14.88%    passed     93.78%
 156  157   14.88%    passed     99.54%
 157  158   14.88%    passed     78.75%
 158  159   14.88%    passed     86.72%
 159  160   14.88%    passed     73.05%
 160  161   14.88%    passed     95.56%
 161  162   14.88%    passed     98.61%
 162  163   14.88%    passed     94.25%
 163  164   14.88%    passed     99.02%
 164  165   14.88%    passed     95.76%
 165  166   14.88%    passed     98.16%
 166  167   14.88%    passed     79.77%
 167  168   14.88%    passed     98.44%
 168  169   14.88%    passed     92.40%
 169  170   14.88%    passed     76.97%
 170  171   14.88%    passed     98.22%
 171  172   14.88%    passed     99.70%
 172  173   14.88%    passed     99.06%
 173  174   14.88%    passed     90.19%
 174  175   14.88%    passed     97.19%
 175  176   14.88%    passed     23.01%
 176  177   14.88%    passed     87.74%
 177  178   14.88%    passed     94.05%
 178  179   14.88%    passed     36.13%
 179  180   14.88%    passed     93.41%
 180  181   14.88%    passed     87.41%
 181  182   14.88%    passed     97.09%
 182  183   14.88%    passed     66.20%
 183  184   14.88%    passed     93.94%
 184  185   14.88%    passed     99.84%
 185  186   14.88%    passed     98.23%
 186  187   14.88%    passed     85.28%
 187  188   14.88%    passed     94.87%
 188  189   14.88%    passed     85.18%
 189  190   14.88%    passed     84.34%
 190  191   14.88%    passed     25.07%
 191  192   14.88%    passed     99.97%
 192  193   14.88%    passed     91.66%
 193  194   14.88%    passed     78.32%
 194  195   14.88%    passed     94.88%
 195  196   14.88%    passed     96.56%
 196  197   14.88%    passed     95.56%
 197  198   14.88%    passed     99.16%
 198  199   14.88%    passed     92.32%
 199  200   14.88%    passed     32.44%
 200  201   14.88%    passed     95.26%
 201  202   14.88%    passed     89.86%
 202  203   14.88%    passed     97.07%
 203  204   14.88%    passed     98.61%
 204  205   14.88%    passed     83.23%
 205  206   14.88%    passed     90.21%
 206  207   14.88%    passed     90.97%
 207  208   14.88%    passed     26.85%
 208  209   14.88%    passed     98.74%
 209  210   14.88%    passed     89.63%
 210  211   14.88%    passed     98.26%
 211  212   14.88%    passed     91.29%
 212  213   14.88%    passed     26.85%
 213  214   14.88%    passed     95.46%
 214  215   14.88%    passed     97.23%
 215  216   14.88%    passed     94.38%
 216  217   15.29%    passed     30.80%
 217  218   14.88%    passed     97.33%
 218  219   14.88%    passed     93.78%
 219  220   14.88%    passed     94.89%
 220  221   14.88%    passed     73.68%
 221  222   14.88%    passed     98.54%
 222  223   14.88%    passed     85.69%
 223  224   14.88%    passed     96.60%
 224  225   14.88%    passed     99.50%
 225  226   14.88%    passed     32.77%
 226  227   14.88%    passed     95.22%
 227  228   14.88%    passed     32.01%
 228  229   14.88%    passed     87.32%
 229  230   14.88%    passed     86.72%
 230  231   14.88%    passed     86.79%
 231  232   14.88%    passed     83.23%
 232  233   14.88%    passed     98.85%
 233  234   14.88%    passed     95.23%
 234  235   14.88%    passed     71.71%
 235  236   14.88%    passed     98.45%
 236  237   14.88%    passed     99.16%
 237  238   14.88%    passed     94.07%
 238  239   14.88%    passed     85.28%
 239  240   14.88%    passed     94.87%
 240  241   14.88%    passed     96.38%
 241  242   14.88%    passed     96.39%
 242  243   14.88%    passed     97.40%
 243  244   14.88%    passed     87.56%
 244  245   14.88%    passed     93.97%
 245  246   14.88%    passed     89.45%
 246  247   15.29%    passed     54.77%
 247  248   14.88%    passed     79.44%
 248  249   14.88%    passed     92.07%
 249  250   14.88%    passed     99.78%
 250  251   14.88%    passed     83.64%
 251  252   14.88%    passed     99.16%
 252  253   14.88%    passed     95.01%
 253  254   14.88%    passed     86.92%
 254  255   14.88%    passed     90.52%
 255  256   14.88%    passed     86.95%
 256  257   14.88%    passed     97.40%
 257  258   14.88%    passed     98.57%
 258  259   14.88%    passed     49.40%
 259  260   14.88%    passed     87.08%
 260  261   14.88%    passed     86.18%
 261  262   14.88%    passed     81.82%
 262  263   14.88%    passed     90.73%
 263  264   14.88%    passed     91.36%
 264  265   14.88%    passed     98.65%
 265  266   14.88%    passed     96.49%
 266  267   14.88%    passed     99.37%
 267  268   14.88%    passed     99.70%
 268  269   14.88%    passed     81.63%
 269  270   14.88%    passed     99.44%
 270  271   14.88%    passed     81.89%
 271  272   14.88%    passed     88.73%
 272  273   14.88%    passed     70.87%
 273  274   14.88%    passed     90.52%
 274  275   14.88%    passed     96.71%
 275  276   14.88%    passed     95.41%
 276  277   14.88%    passed     32.77%
 277  278   14.88%    passed     10.26%
 278  279   14.88%    passed     97.43%
 279  280   14.88%    passed     95.94%
 280  281   14.88%    passed     90.06%
 281  282   14.88%    passed     80.31%
 282  283   14.88%    passed     99.50%
 283  284   14.88%    passed     39.32%
 284  285   14.88%    passed     88.82%
 285  286   14.88%    passed     31.61%
 286  287   14.88%    passed     94.87%
 287  288   14.88%    passed     96.92%
 288  289   14.88%    passed     84.66%
 289  290   14.88%    passed     25.86%
 290  291   14.88%    passed     19.27%
 291  292   14.88%    passed     86.18%
 292  293   14.88%    passed     99.44%
 293  294   14.88%    passed     75.95%
 294  295   14.88%    passed     87.83%
 295  296   14.88%    passed     95.26%
 296  297   14.88%    passed     98.61%
 297  298   14.88%    passed     98.83%
 298  299   14.88%    passed     96.28%
 299  300   14.88%    passed     98.44%
 300  301   14.88%    passed     87.74%
 301  302   14.88%    passed     92.56%
 302  303   14.88%    passed     95.78%
 303  304   14.88%    passed     68.64%
 304  305   14.88%    passed     98.61%
 305  306   14.88%    passed     95.73%
 306  307   14.88%    passed     88.19%
 307  308   14.88%    passed     78.59%
 308  309   14.88%    passed     88.72%
 309  310   14.88%    passed     75.74%
 310  311   14.88%    passed     38.38%
 311  312   14.88%    passed     32.44%
 312  313   14.88%    passed     80.56%
 313  314   14.88%    passed     82.50%
 314  315   14.88%    passed     89.45%
 315  316   14.88%    passed     95.51%
 316  317   14.88%    passed     90.21%
 317  318   14.88%    passed     81.30%
 318  319   14.88%    passed     98.22%
 319  320   14.88%    passed     93.72%
 320  321   14.88%    passed     32.46%
 321  322   14.88%    passed     98.57%
 322  323   14.88%    passed     89.17%
 323  324   14.88%    passed     98.90%
 324  325   14.88%    passed     96.92%
 325  326   14.88%    passed     26.59%
 326  327   14.88%    passed     86.09%
 327  328   14.88%    passed     72.19%
 328  329   14.88%    passed     98.74%
 329  330   14.88%    passed     94.05%
 330  331   14.88%    passed     95.76%
 331  332   14.88%    passed     89.80%
 332  333   14.88%    passed     88.73%
 333  334   14.88%    passed     84.63%
 334  335   14.88%    passed     88.49%
 335  336   14.88%    passed     94.88%
 336  337   14.88%    passed     86.18%
 337  338   14.88%    passed     86.23%
 338  339   14.88%    passed     98.35%
 339  340   14.88%    passed     89.62%
 340  341   14.88%    passed     84.36%
 341  342   14.88%    passed     95.49%
 342  343   14.88%    passed     90.52%
 343  344   14.88%    passed     91.91%
 344  345   14.88%    passed     94.87%
 345  346   14.88%    passed     87.23%
 346  347   14.88%    passed     97.94%
 347  348   14.88%    passed     95.76%
 348  349   14.88%    passed     97.52%
 349  350   14.88%    passed     89.17%
 350  351   14.88%    passed     86.55%
 351  352   14.88%    passed     97.52%
 352  353   14.88%    passed     30.42%
 353  354   14.88%    passed     55.44%
 354  355   14.88%    passed     97.61%
 355  356   14.88%    passed     99.63%
 356  358   14.88%    passed     95.94%
 357  359   14.88%    passed     94.08%
 358  360   14.88%    passed     73.00%
 359  361   14.88%    passed     32.14%
 360  362   14.88%    passed     11.89%
 361  363   14.88%    passed     91.91%
 362  364   14.88%    passed     97.32%
 363  366   14.88%    passed     18.87%
 364  368   14.88%    passed     96.77%
 365  369   14.88%    passed     70.50%
 366  370   14.88%    passed     50.84%
 367  371   14.88%    passed     94.03%
 368  372   15.08%    passed     82.51%
 369  374   14.88%    passed     55.26%
 370  375   14.88%    passed     92.31%
 371  376   14.88%    passed     95.30%
 372  377   14.88%    passed     89.62%
 373  378   14.88%    passed     98.16%
 374  379   14.88%    passed     85.28%
 375  380   14.88%    passed     50.13%
 376  381   14.88%    passed     90.94%
 377  382   14.88%    passed     98.40%
 378  383   14.88%    passed     92.12%
 379  384   14.88%    passed     93.27%
 380  385   14.88%    passed     92.77%
 381  387   14.88%    passed     72.50%
 382  388   14.88%    passed     96.99%
 383  389   14.88%    passed     94.99%
 384  390   14.88%    passed     95.49%
 385  391   14.88%    passed     90.39%
 386  392   14.88%    passed     88.05%
 387  393   14.88%    passed     97.62%
 388  394   14.88%    passed     85.28%
 389  395   14.88%    passed     69.94%
 390  397   14.88%    passed     98.32%
 391  398   15.08%    passed     68.65%
 392  399   14.88%    passed     96.07%
 393  400   14.88%    passed     85.18%
 394  401   14.88%    passed     92.58%
 395  403   14.88%    passed     97.70%
 396  404   14.88%    passed     81.34%
 397  407   14.67%    passed     89.02%
 398  408   14.88%    passed     92.34%
 399  409   14.88%    passed     98.90%
 400  410   14.88%    passed     93.25%
 401  411   14.88%    passed     76.11%
 402  412   14.88%    passed     79.14%
 403  414   14.88%    passed     89.18%
 404  415   14.88%    passed     94.12%
 405  416   14.88%    passed     91.90%
 406  417   14.88%    passed     98.64%
 407  418   14.88%    passed     93.27%
 408  419   14.88%    passed     36.68%
 409  420   14.88%    passed     99.45%
 410  421   14.88%    passed     88.54%
 411  422   14.88%    passed     82.36%
 412  423   14.88%    passed     96.56%
 413  424   14.88%    passed     96.73%
 414  425   14.88%    passed     35.67%
 415  426   14.88%    passed     97.03%
 416  427   14.88%    passed     91.90%
 417  428   14.88%    passed     86.53%
 418  429   14.88%    passed     76.19%
 419  430   14.88%    passed     97.70%
 420  431   14.88%    passed     62.81%
 421  433   14.88%    passed     94.87%
 422  435   14.88%    passed     78.35%
 423  436   14.88%    passed     94.05%
 424  437   15.29%    passed     29.27%
 425  438   14.88%    passed     23.87%
 426  439   14.88%    passed     91.76%
 427  440   14.88%    passed     91.92%
 428  441   14.88%    passed     81.11%
 429  443   14.88%    passed     94.07%
 430  444   14.88%    passed     89.91%
 431  445   14.88%    passed     87.57%
 432  446   14.88%    passed     99.34%
 433  447   14.88%    passed     97.62%
 434  448   14.88%    passed     59.17%
 435  449   14.88%    passed     94.60%
 436  450   14.88%    passed     95.86%
 437  452   14.88%    passed     91.76%
 438  453   14.88%    passed     99.45%
 439  455   14.88%    passed     95.51%
 440  456   14.88%    passed     33.12%
 441  457   14.88%    passed     74.71%
 442  458   14.88%    passed     96.56%
 443  459   14.88%    passed     56.63%
 444  460   14.88%    passed     59.05%
 445  462   14.67%    passed     57.57%
 446  463   14.88%    passed     89.54%
 447  464   14.88%    passed     99.47%
 448  465   14.88%    passed     99.13%
 449  466   14.88%    passed     94.07%
 450  467   14.88%    passed     82.19%
 451  468   14.88%    passed     95.95%
 452  469   14.88%    passed     79.69%
 453  471   14.88%    passed     97.25%
 454  472   14.88%    passed     95.64%
 455  473   14.88%    passed     90.68%
 456  474   14.88%    passed     81.38%
 457  475   14.88%    passed     77.12%
 458  476   14.88%    passed     95.69%
 459  477   14.88%    passed     95.01%
 460  478   14.88%    passed     88.00%
 461  479   14.88%    passed     23.87%
 462  480   14.88%    passed     79.63%
 463  481   14.88%    passed     92.54%
 464  482   14.88%    passed     97.33%
 465  483   14.88%    passed     93.27%
 466  484   14.88%    passed     91.61%
 467  485   14.88%    passed     78.46%
 468  486   14.88%    passed     57.32%
 469  487   14.88%    passed     94.07%
 470  488   15.29%    passed     55.56%
 471  491   14.88%    passed     83.33%
 472  492   14.88%    passed     94.60%
 473  493   14.88%    passed     89.17%
 474  494   15.29%    passed     62.83%
 475  495   14.88%    passed     78.71%
 476  496   14.88%    passed     79.08%
 477  497   14.88%    passed     89.23%
 478  498   14.88%    passed     95.84%
 479  499   14.88%    passed     33.00%
 480  500   14.88%    passed     76.14%
 481  502   14.88%    passed     88.23%
 482  503   14.88%    passed     92.40%
 483  505   14.88%    passed     97.61%
 484  506   14.88%    passed     92.71%
 485  507   14.88%    passed     80.75%
 486  508   14.88%    passed     97.90%
 487  509   14.88%    passed     94.05%
 488  511   14.88%    passed     87.10%
 489  512   14.88%    passed     96.39%
 490  513   14.88%    passed     93.77%
 491  514   14.88%    passed     73.27%
 492  515   14.88%    passed     96.99%
 493  516   14.88%    passed     95.30%
 494  517   14.88%    passed     96.54%
 495  518   14.88%    passed     99.35%
 496  519   14.88%    passed     79.62%
 497  521   14.88%    passed     90.76%
 498  522   14.88%    passed     98.36%
 499  523   14.88%    passed     97.70%
 500  525   14.88%    passed     81.68%
 501  526   14.88%    passed     85.73%
 502  529   14.88%    passed     69.39%
 503  530   14.88%    passed     95.56%
 504  531   14.88%    passed     77.18%
 505  532   14.88%    passed     91.96%
 506  533   14.88%    passed     99.16%
 507  534   38.43%    passed     93.80%
 508  536   14.88%    passed     29.66%
 509  537   15.29%    passed     21.93%
 510  538   14.88%    passed     49.01%
 511  539   14.88%    passed     97.94%
 512  540   14.88%    passed     96.54%
 513  541   14.88%    passed     71.71%
 514  542   14.88%    passed     86.93%
 515  543   14.88%    passed     88.67%
 516  544   14.88%    passed     94.87%
 517  546   14.88%    passed     92.43%
 518  547   14.88%    passed     29.87%
 519  549   14.88%    passed     80.88%
 520  551   14.88%    passed     84.96%
 521  552   14.88%    passed     55.16%
 522  553   14.88%    passed     15.83%
 523  555   14.88%    passed     89.80%
 524  556   14.88%    passed     63.90%
 525  557   14.88%    passed     92.07%
 526  558   14.88%    passed     87.52%
 527  560   14.88%    passed     98.70%
 528  561   14.88%    passed     92.77%
 529  562   14.88%    passed     91.16%
 530  563   14.88%    passed     99.44%
 531  564   14.88%    passed     96.38%
 532  565   14.88%    passed     98.44%
 533  566   14.88%    passed     94.49%
 534  567   14.88%    passed     92.65%
 535  568   14.88%    passed     94.33%
 536  569   14.88%    passed     80.93%
 537  570   14.88%    passed     87.59%
 538  571   14.88%    passed     81.70%
 539  572   14.88%    passed     92.87%
 540  573   14.88%    passed     91.76%
 541  574   14.88%    passed     96.56%
 542  575   14.88%    passed     70.44%
 543  576   14.88%    passed     77.12%
 544  577   14.88%    passed     99.97%
 545  578   15.08%    passed     97.51%
 546  580   14.88%    passed     95.41%
 547  581   14.88%    passed     39.61%
 548  582   14.88%    passed     97.62%
 549  583   14.88%    passed     97.97%
 550  584   14.88%    passed     92.97%
 551  585   14.88%    passed     31.44%
 552  586   14.88%    passed     90.98%
 553  587   14.88%    passed     92.87%
 554  588   14.88%    passed     94.26%
 555  589   14.88%    passed     47.84%
 556  590   14.88%    passed     85.12%
 557  591   14.88%    passed     42.04%
 558  592   14.88%    passed     78.90%
 559  593   14.88%    passed     38.92%
 560  594   14.88%    passed     97.47%
 561  595   14.88%    passed     85.10%
 562  596   14.88%    passed     74.71%
 563  598   14.88%    passed     94.38%
 564  599   14.88%    passed     99.41%
 565  601   14.88%    passed     68.19%
 566  602   14.88%    passed     98.20%
 567  603   14.88%    passed     83.03%
 568  605   14.88%    passed     43.13%
 569  606   14.88%    passed     75.73%
 570  607   14.88%    passed     45.79%
 571  608   14.88%    passed     98.83%
 572  609   14.88%    passed     98.16%
 573  610   14.88%    passed     97.45%
 574  612   14.88%    passed     50.97%
 575  615   14.88%    passed     92.93%
 576  616   14.88%    passed     81.82%
 577  617   14.88%    passed     64.05%
 578  618   14.88%    passed     38.58%
 579  619   14.88%    passed     88.19%
 580  621   14.88%    passed     86.06%
 581  622   14.88%    passed     75.26%
 582  623   14.88%    passed     95.51%
 583  624   14.88%    passed     84.35%
 584  625   14.88%    passed     66.64%
 585  626   14.88%    passed     96.56%
 586  627   14.88%    passed     93.87%
 587  628   14.88%    passed     92.34%
 588  629   14.88%    passed     96.71%
 589  630   14.88%    passed     25.40%
 590  631   14.88%    passed     29.11%
 591  632   14.88%    passed     93.17%
 592  633   14.88%    passed     83.94%
 593  634   14.88%    passed     94.20%
 594  635   14.88%    passed     93.50%
 595  636   14.88%    passed     92.89%
 596  637   14.88%    passed     95.49%
 597  638   14.88%    passed     94.63%
 598  639    0.21%    passed     45.88%
 599  640   14.88%    passed     61.67%
 600  641   15.29%    passed     36.69%
 601  642   14.88%    passed     98.59%
 602  643   14.88%    passed     59.96%
 603  644   14.88%    passed     72.15%
 604  645   14.88%    passed     95.01%
 605  646   23.76%    passed     95.02%
 606  647   14.88%    passed     94.00%
 607  648   14.88%    passed     54.67%
 608  649   14.88%    passed     21.01%
 609  650   14.88%    passed     92.24%
 610  651   14.88%    passed     52.68%
 611  652   14.88%    passed     97.79%
****  TOTAL   14.91%  0 sequences failed composition chi2 test (p-value<5%; df=3)


Create initial parsimony tree by phylogenetic likelihood library (PLL)... 0.203 seconds
NOTE: ModelFinder requires 21 MB RAM!
ModelFinder will test 88 DNA models (sample size: 484) ...
 No. Model         -LnL         df  AIC          AICc         BIC
  1  JC            22912.323    1219 48262.647    3022622.647  53360.608
  2  JC+I          21252.589    1220 44945.179    3024185.179  50047.323
  3  JC+G4         19916.998    1220 42273.995    3021513.995  47376.139
  4  JC+I+G4       19841.743    1221 42125.485    3026249.485  47231.811
  5  F81+F         22760.503    1222 47965.006    3036977.006  53075.514
  6  F81+F+I       21109.370    1223 44664.741    3038568.741  49779.430
  7  F81+F+G4      19721.689    1223 41889.378    3035793.378  47004.068
  8  F81+F+I+G4    19637.618    1224 41723.237    3040523.237  46842.108
  9  K2P           22671.707    1220 47783.413    3027023.413  52885.557
 10  K2P+I         21008.093    1221 44458.185    3028582.185  49564.511
 11  K2P+G4        19664.558    1221 41771.115    3025895.115  46877.441
 12  K2P+I+G4      19589.051    1222 41622.102    3030634.102  46732.610
 13  HKY+F         22487.177    1223 47420.354    3041324.354  52535.044
 14  HKY+F+I       20829.446    1224 44106.892    3042906.892  49225.763
 15  HKY+F+G4      19372.881    1224 41193.761    3039993.761  46312.633
 16  HKY+F+I+G4    19278.969    1225 41007.939    3044707.939  46130.993
 17  TNe           22466.759    1221 47375.517    3031499.517  52481.843
 18  TNe+I         20882.565    1222 44209.130    3033221.130  49319.638
 19  TNe+G4        19651.176    1222 41746.353    3030758.353  46856.860
 20  TNe+I+G4      19572.755    1223 41591.510    3035495.510  46706.200
 21  TN+F          22244.474    1224 46936.949    3045736.949  52055.821
 22  TN+F+I        20668.739    1225 43787.479    3047487.479  48910.533
 23  TN+F+G4       19357.014    1225 41164.028    3044864.028  46287.082
 24  TN+F+I+G4     19249.881    1226 40951.763    3049555.763  46078.999
 25  K3P           22518.668    1221 47479.335    3031603.335  52585.661
 26  K3P+I         20853.903    1222 44151.805    3033163.805  49262.313
 27  K3P+G4        19515.760    1222 41475.520    3030487.520  46586.027
 28  K3P+I+G4      19440.594    1223 41327.187    3035231.187  46441.877
 29  K3Pu+F        22369.058    1224 47186.116    3045986.116  52304.988
 30  K3Pu+F+I      20707.499    1225 43864.997    3047564.997  48988.051
 31  K3Pu+F+G4     19286.816    1225 41023.633    3044723.633  46146.687
 32  K3Pu+F+I+G4   19200.129    1226 40852.257    3049456.257  45979.493
 33  TPM2+F        22399.963    1224 47247.925    3046047.925  52366.797
 34  TPM2+F+I      20728.002    1225 43906.003    3047606.003  49029.057
 35  TPM2+F+G4     19342.188    1225 41134.376    3044834.376  46257.430
 36  TPM2+F+I+G4   19251.791    1226 40955.582    3049559.582  46082.818
 37  TPM2u+F       22399.963    1224 47247.925    3046047.925  52366.797
 38  TPM2u+F+I     20728.001    1225 43906.003    3047606.003  49029.057
 39  TPM2u+F+G4    19342.188    1225 41134.376    3044834.376  46257.430
 40  TPM2u+F+I+G4  19251.794    1226 40955.588    3049559.588  46082.824
 41  TPM3+F        22200.944    1224 46849.889    3045649.889  51968.760
 42  TPM3+F+I      20546.499    1225 43542.999    3047242.999  48666.053
 43  TPM3+F+G4     19146.353    1225 40742.707    3044442.707  45865.761
 44  TPM3+F+I+G4   19071.935    1226 40595.871    3049199.871  45723.107
 45  TPM3u+F       22200.948    1224 46849.896    3045649.896  51968.768
 46  TPM3u+F+I     20546.503    1225 43543.007    3047243.007  48666.061
 47  TPM3u+F+G4    19146.355    1225 40742.710    3044442.710  45865.764
 48  TPM3u+F+I+G4  19071.931    1226 40595.862    3049199.862  45723.098
 49  TIMe          22315.926    1222 47075.852    3036087.852  52186.360
 50  TIMe+I        20730.063    1223 43906.127    3037810.127  49020.816
 51  TIMe+G4       19501.951    1223 41449.902    3035353.902  46564.592
 52  TIMe+I+G4     19424.147    1224 41296.294    3040096.294  46415.166
 53  TIM+F         22128.482    1225 46706.964    3050406.964  51830.018
 54  TIM+F+I       20548.536    1226 43549.072    3052153.072  48676.308
 55  TIM+F+G4      19270.569    1226 40993.137    3049597.137  46120.373
 56  TIM+F+I+G4    19171.992    1227 40797.984    3054309.984  45929.403
 57  TIM2e         22312.899    1222 47069.798    3036081.798  52180.306
 58  TIM2e+I       20699.955    1223 43845.910    3037749.910  48960.600
 59  TIM2e+G4      19538.317    1223 41522.634    3035426.634  46637.324
 60  TIM2e+I+G4    19464.223    1224 41376.445    3040176.445  46495.317
 61  TIM2+F        22159.807    1225 46769.613    3050469.613  51892.667
 62  TIM2+F+I      20569.591    1226 43591.181    3052195.181  48718.417
 63  TIM2+F+G4     19324.890    1226 41101.779    3049705.779  46229.015
 64  TIM2+F+I+G4   19223.008    1227 40900.015    3054412.015  46031.433
 65  TIM3e         22058.400    1222 46560.799    3035572.799  51671.307
 66  TIM3e+I       20493.930    1223 43433.860    3037337.860  48548.549
 67  TIM3e+G4      19328.253    1223 41102.507    3035006.507  46217.196
 68  TIM3e+I+G4    19253.334    1224 40954.669    3039754.669  46073.541
 69  TIM3+F        21956.527    1225 46363.055    3050063.055  51486.109
 70  TIM3+F+I      20383.460    1226 43218.921    3051822.921  48346.157
 71  TIM3+F+G4     19133.339    1226 40718.677    3049322.677  45845.913
 72  TIM3+F+I+G4   19056.866    1227 40567.731    3054079.731  45699.149
 73  TVMe          22101.237    1223 46648.475    3040552.475  51763.165
 74  TVMe+I        20427.727    1224 43303.455    3042103.455  48422.327
 75  TVMe+G4       19209.759    1224 40867.519    3039667.519  45986.390
 76  TVMe+I+G4     19137.626    1225 40725.252    3044425.252  45848.306
 77  TVM+F         22113.232    1226 46678.464    3055282.464  51805.700
 78  TVM+F+I       20443.686    1227 43341.372    3056853.372  48472.790
 79  TVM+F+G4      19111.685    1227 40677.370    3054189.370  45808.788
 80  TVM+F+I+G4    19037.895    1228 40531.790    3058955.790  45667.390
 81  SYM           21895.792    1224 46239.584    3045039.584  51358.456
 82  SYM+I         20302.102    1225 43054.203    3046754.203  48177.257
 83  SYM+G4        19197.478    1225 40844.957    3044544.957  45968.011
 84  SYM+I+G4      19124.093    1226 40700.185    3049304.185  45827.421
 85  GTR+F         21869.448    1227 46192.895    3059704.895  51324.313
 86  GTR+F+I       20281.871    1228 43019.741    3061443.741  48155.342
 87  GTR+F+G4      19097.404    1228 40650.808    3059074.808  45786.408
 88  GTR+F+I+G4    19023.594    1229 40505.189    3063845.189  45644.971
Akaike Information Criterion:           GTR+F+I+G4
Corrected Akaike Information Criterion: JC+G4
Bayesian Information Criterion:         GTR+F+I+G4
Best-fit model: GTR+F+I+G4 chosen according to BIC

All model information printed to rbcl_aligns_in_main.fasta.model.gz
CPU time for ModelFinder: 153.614 seconds (0h:2m:33s)
Wall-clock time for ModelFinder: 153.999 seconds (0h:2m:33s)
Generating 1000 samples for ultrafast bootstrap (seed: 233664)...

NOTE: 21 MB RAM (0 GB) is required!
Estimate model parameters (epsilon = 0.100)
Thoroughly optimizing +I+G parameters from 10 start values...
Init pinv, alpha: 0.000, 1.000 / Estimate: 0.000, 0.422 / LogL: -19097.398
Init pinv, alpha: 0.055, 1.000 / Estimate: 0.369, 0.781 / LogL: -19021.798
Init pinv, alpha: 0.110, 1.000 / Estimate: 0.369, 0.781 / LogL: -19021.801
Init pinv, alpha: 0.165, 1.000 / Estimate: 0.369, 0.781 / LogL: -19021.812
Init pinv, alpha: 0.220, 1.000 / Estimate: 0.369, 0.782 / LogL: -19021.814
Init pinv, alpha: 0.275, 1.000 / Estimate: 0.372, 0.804 / LogL: -19021.769
Init pinv, alpha: 0.331, 1.000 / Estimate: 0.379, 0.831 / LogL: -19021.926
Init pinv, alpha: 0.386, 1.000 / Estimate: 0.389, 0.887 / LogL: -19023.519
Init pinv, alpha: 0.441, 1.000 / Estimate: 0.391, 0.888 / LogL: -19023.619
Init pinv, alpha: 0.496, 1.000 / Estimate: 0.391, 0.887 / LogL: -19023.651
Optimal pinv,alpha: 0.372, 0.804 / LogL: -19021.769

Parameters optimization took 46.505 sec
Computing ML distances based on estimated model parameters... 4.397 sec
Computing BIONJ tree...
1.289 seconds
Log-likelihood of BIONJ tree: -19443.971
--------------------------------------------------------------------
|             INITIALIZING CANDIDATE TREE SET                      |
--------------------------------------------------------------------
Generating 98 parsimony trees... 19.330 second
Computing log-likelihood of 98 initial trees ... 31.457 seconds
Current best score: -18979.790

Do NNI search on 20 best initial trees
Estimate model parameters (epsilon = 0.100)
BETTER TREE FOUND at iteration 1: -18911.066
Estimate model parameters (epsilon = 0.100)
BETTER TREE FOUND at iteration 4: -18899.506
Iteration 10 / LogL: -18921.413 / Time: 0h:4m:22s
Iteration 20 / LogL: -18944.117 / Time: 0h:7m:28s
Finish initializing candidate tree set (20)
Current best tree score: -18899.506 / CPU time: 395.484
Number of iterations: 20
--------------------------------------------------------------------
|               OPTIMIZING CANDIDATE TREE SET                      |
--------------------------------------------------------------------
Estimate model parameters (epsilon = 0.100)
BETTER TREE FOUND at iteration 21: -18897.278
Estimate model parameters (epsilon = 0.100)
BETTER TREE FOUND at iteration 23: -18895.277
Estimate model parameters (epsilon = 0.100)
BETTER TREE FOUND at iteration 25: -18888.057
Estimate model parameters (epsilon = 0.100)
BETTER TREE FOUND at iteration 28: -18871.990
Estimate model parameters (epsilon = 0.100)
BETTER TREE FOUND at iteration 29: -18870.136
Estimate model parameters (epsilon = 0.100)
BETTER TREE FOUND at iteration 30: -18865.869
Iteration 30 / LogL: -18865.869 / Time: 0h:9m:6s (0h:31m:23s left)
Estimate model parameters (epsilon = 0.100)
BETTER TREE FOUND at iteration 33: -18865.015
Estimate model parameters (epsilon = 0.100)
BETTER TREE FOUND at iteration 36: -18864.099
Iteration 40 / LogL: -18867.322 / Time: 0h:10m:35s (0h:26m:4s left)
Iteration 50 / LogL: -18883.273 / Time: 0h:12m:3s (0h:21m:10s left)
Log-likelihood cutoff on original alignment: -18990.077
Estimate model parameters (epsilon = 0.100)
BETTER TREE FOUND at iteration 55: -18858.185
Iteration 60 / LogL: -18886.502 / Time: 0h:13m:42s (0h:22m:4s left)
Estimate model parameters (epsilon = 0.100)
BETTER TREE FOUND at iteration 64: -18849.009
Estimate model parameters (epsilon = 0.100)
BETTER TREE FOUND at iteration 70: -18835.180
Iteration 70 / LogL: -18835.180 / Time: 0h:15m:18s (0h:22m:11s left)
Iteration 80 / LogL: -18847.805 / Time: 0h:16m:50s (0h:19m:11s left)
Iteration 90 / LogL: -18980.764 / Time: 0h:18m:18s (0h:16m:27s left)
Estimate model parameters (epsilon = 0.100)
BETTER TREE FOUND at iteration 95: -18831.982
Iteration 100 / LogL: -18863.789 / Time: 0h:19m:44s (0h:18m:56s left)
Log-likelihood cutoff on original alignment: -18990.077
NOTE: Bootstrap correlation coefficient of split occurrence frequencies: 0.975
NOTE: UFBoot does not converge, continue at least 100 more iterations
Estimate model parameters (epsilon = 0.100)
BETTER TREE FOUND at iteration 103: -18831.155
Iteration 110 / LogL: -18857.805 / Time: 0h:21m:23s (0h:18m:14s left)
Iteration 120 / LogL: -18862.747 / Time: 0h:22m:54s (0h:15m:58s left)
Iteration 130 / LogL: -18845.180 / Time: 0h:24m:30s (0h:13m:52s left)
Iteration 140 / LogL: -18862.473 / Time: 0h:25m:57s (0h:11m:45s left)
Iteration 150 / LogL: -18841.651 / Time: 0h:27m:30s (0h:9m:47s left)
Log-likelihood cutoff on original alignment: -18990.077
Estimate model parameters (epsilon = 0.100)
BETTER TREE FOUND at iteration 152: -18830.155
Iteration 160 / LogL: -18843.280 / Time: 0h:29m:2s (0h:16m:48s left)
Iteration 170 / LogL: -18841.733 / Time: 0h:30m:42s (0h:14m:53s left)
Iteration 180 / LogL: -18905.984 / Time: 0h:32m:22s (0h:13m:1s left)
Estimate model parameters (epsilon = 0.100)
BETTER TREE FOUND at iteration 184: -18828.545
Iteration 190 / LogL: -18830.375 / Time: 0h:34m:6s (0h:16m:57s left)
Estimate model parameters (epsilon = 0.100)
BETTER TREE FOUND at iteration 198: -18824.855
Iteration 200 / LogL: -18884.260 / Time: 0h:35m:46s (0h:17m:37s left)
Log-likelihood cutoff on original alignment: -18990.077
NOTE: Bootstrap correlation coefficient of split occurrence frequencies: 0.987
NOTE: UFBoot does not converge, continue at least 100 more iterations
Iteration 210 / LogL: -18886.945 / Time: 0h:37m:30s (0h:16m:8s left)
Iteration 220 / LogL: -18884.083 / Time: 0h:39m:14s (0h:14m:20s left)
Iteration 230 / LogL: -18863.368 / Time: 0h:40m:58s (0h:12m:31s left)
Estimate model parameters (epsilon = 0.100)
BETTER TREE FOUND at iteration 232: -18818.773
Iteration 240 / LogL: -18830.239 / Time: 0h:42m:49s (0h:16m:29s left)
Estimate model parameters (epsilon = 0.100)
BETTER TREE FOUND at iteration 244: -18817.000
Iteration 250 / LogL: -18847.694 / Time: 0h:44m:36s (0h:16m:50s left)
Log-likelihood cutoff on original alignment: -18977.184
Iteration 260 / LogL: -18827.942 / Time: 0h:46m:25s (0h:15m:3s left)
Estimate model parameters (epsilon = 0.100)
BETTER TREE FOUND at iteration 265: -18811.745
Iteration 270 / LogL: -18840.451 / Time: 0h:48m:19s (0h:17m:4s left)
Estimate model parameters (epsilon = 0.100)
BETTER TREE FOUND at iteration 272: -18807.326
Estimate model parameters (epsilon = 0.100)
BETTER TREE FOUND at iteration 276: -18806.201
Iteration 280 / LogL: -18870.986 / Time: 0h:50m:15s (0h:17m:17s left)
Iteration 290 / LogL: -18844.445 / Time: 0h:52m:4s (0h:15m:29s left)
Iteration 300 / LogL: -18824.855 / Time: 0h:53m:43s (0h:13m:39s left)
Log-likelihood cutoff on original alignment: -18977.184
NOTE: Bootstrap correlation coefficient of split occurrence frequencies: 0.972
NOTE: UFBoot does not converge, continue at least 100 more iterations
Estimate model parameters (epsilon = 0.100)
BETTER TREE FOUND at iteration 302: -18793.321
Iteration 310 / LogL: -18825.297 / Time: 0h:55m:42s (0h:16m:35s left)
Iteration 320 / LogL: -18820.124 / Time: 0h:57m:36s (0h:14m:48s left)
Iteration 330 / LogL: -18827.520 / Time: 0h:59m:12s (0h:12m:57s left)
Iteration 340 / LogL: -18880.893 / Time: 1h:0m:50s (0h:11m:7s left)
Estimate model parameters (epsilon = 0.100)
BETTER TREE FOUND at iteration 344: -18789.963
Iteration 350 / LogL: -18800.948 / Time: 1h:2m:38s (0h:16m:52s left)
Log-likelihood cutoff on original alignment: -18977.184
Iteration 360 / LogL: -18802.599 / Time: 1h:4m:20s (0h:15m:3s left)
Iteration 370 / LogL: -18858.142 / Time: 1h:6m:6s (0h:13m:15s left)
Iteration 380 / LogL: -18796.987 / Time: 1h:7m:51s (0h:11m:27s left)
Iteration 390 / LogL: -18805.909 / Time: 1h:9m:38s (0h:9m:40s left)
Estimate model parameters (epsilon = 0.100)
BETTER TREE FOUND at iteration 392: -18787.155
Estimate model parameters (epsilon = 0.100)
BETTER TREE FOUND at iteration 393: -18786.788
Iteration 400 / LogL: -18796.580 / Time: 1h:11m:21s (0h:16m:37s left)
Log-likelihood cutoff on original alignment: -18977.184
NOTE: Bootstrap correlation coefficient of split occurrence frequencies: 0.959
NOTE: UFBoot does not converge, continue at least 100 more iterations
Estimate model parameters (epsilon = 0.100)
BETTER TREE FOUND at iteration 410: -18782.648
Iteration 410 / LogL: -18782.648 / Time: 1h:13m:14s (0h:17m:54s left)
Iteration 420 / LogL: -18847.976 / Time: 1h:15m:7s (0h:16m:8s left)
Iteration 430 / LogL: -18839.625 / Time: 1h:16m:50s (0h:14m:19s left)
Iteration 440 / LogL: -18799.796 / Time: 1h:18m:31s (0h:12m:31s left)
Iteration 450 / LogL: -18819.552 / Time: 1h:20m:22s (0h:10m:44s left)
Log-likelihood cutoff on original alignment: -18977.184
Estimate model parameters (epsilon = 0.100)
BETTER TREE FOUND at iteration 459: -18779.284
Iteration 460 / LogL: -18833.562 / Time: 1h:22m:10s (0h:17m:43s left)
Iteration 470 / LogL: -18809.763 / Time: 1h:24m:0s (0h:15m:56s left)
Iteration 480 / LogL: -18789.028 / Time: 1h:25m:43s (0h:14m:8s left)
Iteration 490 / LogL: -18941.112 / Time: 1h:27m:38s (0h:12m:21s left)
Iteration 500 / LogL: -18791.462 / Time: 1h:29m:28s (0h:10m:34s left)
Log-likelihood cutoff on original alignment: -18977.184
NOTE: Bootstrap correlation coefficient of split occurrence frequencies: 0.957
NOTE: UFBoot does not converge, continue at least 100 more iterations
Iteration 510 / LogL: -18849.811 / Time: 1h:31m:21s (0h:16m:9s left)
Iteration 520 / LogL: -18794.293 / Time: 1h:33m:6s (0h:14m:21s left)
Estimate model parameters (epsilon = 0.100)
BETTER TREE FOUND at iteration 522: -18774.382
Iteration 530 / LogL: -18866.275 / Time: 1h:34m:52s (0h:16m:30s left)
Iteration 540 / LogL: -18846.971 / Time: 1h:36m:33s (0h:14m:41s left)
Iteration 550 / LogL: -18799.711 / Time: 1h:38m:16s (0h:12m:53s left)
Log-likelihood cutoff on original alignment: -18977.184
Iteration 560 / LogL: -18789.901 / Time: 1h:40m:10s (0h:11m:6s left)
Iteration 570 / LogL: -18821.083 / Time: 1h:42m:7s (0h:9m:19s left)
Iteration 580 / LogL: -18785.447 / Time: 1h:43m:50s (0h:7m:31s left)
Iteration 590 / LogL: -18799.104 / Time: 1h:45m:37s (0h:5m:44s left)
Iteration 600 / LogL: -18798.191 / Time: 1h:47m:22s (0h:3m:56s left)
Log-likelihood cutoff on original alignment: -18977.184
NOTE: Bootstrap correlation coefficient of split occurrence frequencies: 0.961
NOTE: UFBoot does not converge, continue at least 100 more iterations
Iteration 610 / LogL: -18792.328 / Time: 1h:49m:11s (0h:16m:8s left)
Iteration 620 / LogL: -18825.528 / Time: 1h:51m:1s (0h:14m:20s left)
Iteration 630 / LogL: -18832.414 / Time: 1h:52m:49s (0h:12m:33s left)
Iteration 640 / LogL: -18830.841 / Time: 1h:54m:46s (0h:10m:46s left)
Iteration 650 / LogL: -18787.114 / Time: 1h:56m:32s (0h:8m:58s left)
Log-likelihood cutoff on original alignment: -18977.184
Estimate model parameters (epsilon = 0.100)
BETTER TREE FOUND at iteration 655: -18774.174
Estimate model parameters (epsilon = 0.100)
BETTER TREE FOUND at iteration 656: -18771.506
Iteration 660 / LogL: -18800.015 / Time: 1h:58m:24s (0h:17m:14s left)
Iteration 670 / LogL: -18832.305 / Time: 2h:0m:12s (0h:15m:27s left)
Iteration 680 / LogL: -18793.719 / Time: 2h:2m:7s (0h:13m:40s left)
Iteration 690 / LogL: -18778.339 / Time: 2h:3m:55s (0h:11m:52s left)
Iteration 700 / LogL: -18802.388 / Time: 2h:5m:34s (0h:10m:3s left)
Log-likelihood cutoff on original alignment: -18977.184
NOTE: Bootstrap correlation coefficient of split occurrence frequencies: 0.975
NOTE: UFBoot does not converge, continue at least 100 more iterations
Iteration 710 / LogL: -18795.392 / Time: 2h:7m:22s (0h:16m:10s left)
Iteration 720 / LogL: -18777.116 / Time: 2h:9m:6s (0h:14m:21s left)
Iteration 730 / LogL: -18801.088 / Time: 2h:10m:54s (0h:12m:34s left)
Iteration 740 / LogL: -18833.300 / Time: 2h:12m:46s (0h:10m:46s left)
Iteration 750 / LogL: -18798.577 / Time: 2h:14m:38s (0h:8m:59s left)
Log-likelihood cutoff on original alignment: -18977.184
Estimate model parameters (epsilon = 0.100)
BETTER TREE FOUND at iteration 752: -18770.444
Iteration 760 / LogL: -18806.692 / Time: 2h:16m:36s (0h:16m:33s left)
Iteration 770 / LogL: -18774.217 / Time: 2h:18m:25s (0h:14m:45s left)
Iteration 780 / LogL: -18844.590 / Time: 2h:20m:11s (0h:12m:57s left)
Iteration 790 / LogL: -18774.203 / Time: 2h:21m:56s (0h:11m:9s left)
Iteration 800 / LogL: -18800.779 / Time: 2h:23m:45s (0h:9m:21s left)
Log-likelihood cutoff on original alignment: -18977.184
NOTE: Bootstrap correlation coefficient of split occurrence frequencies: 0.983
NOTE: UFBoot does not converge, continue at least 100 more iterations
Iteration 810 / LogL: -18793.973 / Time: 2h:25m:37s (0h:16m:12s left)
Iteration 820 / LogL: -18827.028 / Time: 2h:27m:29s (0h:14m:24s left)
Iteration 830 / LogL: -18790.002 / Time: 2h:29m:17s (0h:12m:36s left)
Iteration 840 / LogL: -18823.061 / Time: 2h:31m:9s (0h:10m:48s left)
Iteration 850 / LogL: -18784.255 / Time: 2h:33m:2s (0h:9m:0s left)
Log-likelihood cutoff on original alignment: -18977.184
Iteration 860 / LogL: -18801.788 / Time: 2h:34m:57s (0h:7m:12s left)
Iteration 870 / LogL: -18779.211 / Time: 2h:36m:37s (0h:5m:24s left)
Iteration 880 / LogL: -18824.102 / Time: 2h:38m:22s (0h:3m:36s left)
Iteration 890 / LogL: -18812.287 / Time: 2h:40m:17s (0h:1m:48s left)
Iteration 900 / LogL: -18783.685 / Time: 2h:42m:11s (0h:0m:0s left)
Log-likelihood cutoff on original alignment: -18977.184
NOTE: Bootstrap correlation coefficient of split occurrence frequencies: 0.984
NOTE: UFBoot does not converge, continue at least 100 more iterations
Iteration 910 / LogL: -18820.764 / Time: 2h:44m:11s (0h:16m:15s left)
Iteration 920 / LogL: -18792.251 / Time: 2h:46m:2s (0h:14m:27s left)
Iteration 930 / LogL: -18792.461 / Time: 2h:47m:53s (0h:12m:39s left)
Iteration 940 / LogL: -18863.309 / Time: 2h:49m:53s (0h:10m:51s left)
Estimate model parameters (epsilon = 0.100)
BETTER TREE FOUND at iteration 942: -18765.136
Iteration 950 / LogL: -18792.695 / Time: 2h:51m:39s (0h:16m:38s left)
Log-likelihood cutoff on original alignment: -18977.184
Iteration 960 / LogL: -18800.865 / Time: 2h:53m:23s (0h:14m:49s left)
Iteration 970 / LogL: -18798.605 / Time: 2h:55m:14s (0h:13m:1s left)
Iteration 980 / LogL: -18796.282 / Time: 2h:57m:9s (0h:11m:13s left)
Iteration 990 / LogL: -18785.917 / Time: 2h:58m:54s (0h:9m:24s left)
Iteration 1000 / LogL: -18805.366 / Time: 3h:0m:38s (0h:7m:35s left)
Log-likelihood cutoff on original alignment: -18977.184
NOTE: Bootstrap correlation coefficient of split occurrence frequencies: 0.986
NOTE: UFBoot does not converge, continue at least 100 more iterations
WARNING: bootstrap analysis did not converge. You should rerun with higher number of iterations (-nm option)
TREE SEARCH COMPLETED AFTER 1001 ITERATIONS / Time: 3h:0m:53s

--------------------------------------------------------------------
|                    FINALIZING TREE SEARCH                        |
--------------------------------------------------------------------
Performs final model parameters optimization
Estimate model parameters (epsilon = 0.010)
1. Initial log-likelihood: -18765.136
Optimal log-likelihood: -18765.134
Rate parameters:  A-C: 0.35799  A-G: 2.17449  A-T: 1.78212  C-G: 0.29923  C-T: 3.22635  G-T: 1.00000
Base frequencies:  A: 0.320  C: 0.185  G: 0.202  T: 0.293
Proportion of invariable sites: 0.388
Gamma shape alpha: 0.833
Parameters optimization took 1 rounds (0.567 sec)
BEST SCORE FOUND : -18765.134

Testing tree branches by SH-like aLRT with 1000 replicates...
Alternative NNI shows better log-likelihood -18764.867 > -18765.134
6.824 sec.
Creating bootstrap support values...
Split supports printed to NEXUS file rbcl_aligns_in_main.fasta.splits.nex
Total tree length: 12.663

Total number of iterations: 1001
CPU time used for tree search: 10775.001 sec (2h:59m:35s)
Wall-clock time used for tree search: 10799.877 sec (2h:59m:59s)
Total CPU time used: 10839.264 sec (3h:0m:39s)
Total wall-clock time used: 10864.508 sec (3h:1m:4s)

Computing bootstrap consensus tree...
Reading input file rbcl_aligns_in_main.fasta.splits.nex...
611 taxa and 5679 splits.
Consensus tree written to rbcl_aligns_in_main.fasta.contree
Reading input trees file rbcl_aligns_in_main.fasta.contree
Log-likelihood of consensus tree: -18767.033

Analysis results written to: 
  IQ-TREE report:                rbcl_aligns_in_main.fasta.iqtree
  Maximum-likelihood tree:       rbcl_aligns_in_main.fasta.treefile
  Likelihood distances:          rbcl_aligns_in_main.fasta.mldist

Ultrafast bootstrap approximation results written to:
  Split support values:          rbcl_aligns_in_main.fasta.splits.nex
  Consensus tree:                rbcl_aligns_in_main.fasta.contree
  Screen log file:               rbcl_aligns_in_main.fasta.log

Date and Time: Sat Nov  2 10:19:00 2019
