IQ-TREE multicore version 1.6.11 for Linux 64-bit built Jun  6 2019
Developed by Bui Quang Minh, Nguyen Lam Tung, Olga Chernomor,
Heiko Schmidt, Dominik Schrempf, Michael Woodhams.

Host:    jordan (SSE4.2, 11 GB RAM)
Command: ../../iqtree -s rbcl_aligns_indels_removed.fasta -m TEST -bb 1000 -alrt 1000
Seed:    771667 (Using SPRNG - Scalable Parallel Random Number Generator)
Time:    Fri Nov  1 18:41:55 2019
Kernel:  SSE2 - 1 threads (8 CPU cores detected)

HINT: Use -nt option to specify number of threads because your CPU has 8 cores!
HINT: -nt AUTO will automatically determine the best number of threads to use.

Reading alignment file rbcl_aligns_indels_removed.fasta ... Fasta format detected
Alignment most likely contains DNA/RNA sequences
WARNING: 71 sites contain only gaps or ambiguous characters.
Alignment has 649 sequences with 484 columns, 245 distinct patterns
204 parsimony-informative, 39 singleton sites, 241 constant sites
     Gap/Ambiguity  Composition  p-value
   1  001   14.88%    passed     94.11%
   2  002   14.88%    passed     99.83%
   3  003   14.88%    passed     83.83%
   4  004   14.88%    passed     97.66%
   5  005   14.88%    passed     80.83%
   6  006   14.88%    passed     77.80%
   7  007   14.88%    passed     79.20%
   8  008   14.88%    passed     94.16%
   9  009   14.88%    passed     90.13%
  10  010   14.88%    passed     81.35%
  11  011   14.88%    passed     81.48%
  12  012   14.88%    passed     10.77%
  13  013   14.88%    passed     97.09%
  14  014   14.88%    passed     86.86%
  15  015   14.88%    passed     96.04%
  16  016   14.88%    passed     72.99%
  17  017   14.88%    passed     79.47%
  18  018   14.88%    passed     85.30%
  19  019   14.88%    passed     99.79%
  20  020   14.88%    passed     88.82%
  21  021   14.88%    passed     92.71%
  22  022   14.88%    passed     93.94%
  23  023   14.88%    passed     84.99%
  24  024   14.88%    passed     90.74%
  25  025   14.88%    passed     84.28%
  26  026   14.88%    passed     92.29%
  27  027   14.88%    passed     87.33%
  28  028   14.88%    passed     86.37%
  29  029   14.88%    passed     26.86%
  30  030   14.88%    passed     81.82%
  31  031   14.88%    passed     94.66%
  32  032   14.88%    passed     95.90%
  33  033   14.88%    passed     95.60%
  34  034   14.88%    passed     97.34%
  35  035   14.88%    passed     96.66%
  36  036   14.88%    passed     89.38%
  37  037   14.88%    passed     83.61%
  38  038   14.88%    passed     99.65%
  39  039   14.88%    passed     94.45%
  40  040   14.88%    passed     27.14%
  41  041   14.88%    passed     80.74%
  42  042   14.88%    passed     91.52%
  43  043   14.88%    passed     43.72%
  44  044   14.88%    passed     95.81%
  45  045   14.88%    passed     95.29%
  46  046   14.88%    passed     96.66%
  47  047   14.88%    passed     86.19%
  48  048   14.88%    passed     97.82%
  49  049   14.88%    passed     97.91%
  50  050   14.88%    passed     99.18%
  51  051   14.88%    passed     93.01%
  52  052   14.88%    passed     89.03%
  53  053   14.88%    passed     81.82%
  54  054   14.88%    passed     89.94%
  55  055   15.29%    passed     30.95%
  56  056   14.88%    passed     87.29%
  57  057   14.88%    passed     89.64%
  58  058   14.88%    passed     26.71%
  59  059   14.88%    passed     96.76%
  60  060   14.88%    passed     96.99%
  61  061   14.88%    passed     95.75%
  62  062   14.88%    passed     81.67%
  63  063   14.88%    passed     87.35%
  64  064   14.88%    passed     76.92%
  65  065   14.88%    passed     97.66%
  66  066   14.88%    passed     37.83%
  67  067   14.88%    passed     78.71%
  68  068   14.88%    passed     80.68%
  69  069   14.88%    passed     97.60%
  70  070   14.88%    passed     98.19%
  71  071   14.88%    passed     78.24%
  72  072   14.88%    passed     96.45%
  73  073   14.88%    passed     81.82%
  74  074   14.88%    passed     75.26%
  75  075   14.88%    passed     94.67%
  76  076   14.88%    passed     96.83%
  77  077   14.88%    passed     97.51%
  78  078   14.88%    passed     96.99%
  79  079   14.88%    passed     92.48%
  80  080   14.88%    passed     92.33%
  81  081   14.88%    passed     97.67%
  82  082   14.88%    passed     93.61%
  83  083   14.88%    passed     83.14%
  84  084   14.88%    passed     85.09%
  85  085   14.88%    passed     94.09%
  86  086   14.88%    passed     91.29%
  87  087   14.88%    passed     87.36%
  88  088   14.88%    passed     89.45%
  89  089   14.88%    passed     89.22%
  90  090   14.88%    passed     88.06%
  91  091   14.88%    passed     89.25%
  92  092   14.88%    passed     32.81%
  93  093   14.88%    passed     91.16%
  94  094   14.88%    passed     91.25%
  95  095   14.88%    passed     85.93%
  96  096   14.88%    passed     96.24%
  97  097   14.88%    passed     82.89%
  98  098   14.88%    passed     17.07%
  99  099   14.88%    passed     83.74%
 100  100   14.88%    passed     90.67%
 101  101   14.88%    passed     98.59%
 102  102   14.88%    passed     85.93%
 103  103   14.88%    passed     95.67%
 104  104   14.88%    passed     94.13%
 105  105   14.88%    passed     99.52%
 106  106   14.88%    passed     96.69%
 107  107   14.88%    passed     95.47%
 108  108   14.88%    passed     97.41%
 109  109   14.88%    passed     83.60%
 110  110   14.88%    passed     74.68%
 111  111   14.88%    passed     98.56%
 112  112   14.88%    passed     91.62%
 113  113   14.88%    passed     97.67%
 114  114   14.88%    passed     99.93%
 115  115   14.88%    passed     39.34%
 116  116   14.88%    passed     84.90%
 117  117   14.88%    passed     94.86%
 118  118   14.88%    passed     95.54%
 119  119   14.88%    passed     97.09%
 120  120   14.88%    passed     87.35%
 121  121   14.88%    passed     25.34%
 122  122   14.88%    passed     87.71%
 123  123   14.88%    passed     51.76%
 124  124   14.88%    passed     97.80%
 125  125   14.88%    passed     92.24%
 126  126   14.88%    passed     97.70%
 127  127   14.88%    passed     20.78%
 128  128   14.88%    passed     94.00%
 129  129   14.88%    passed     92.49%
 130  130   14.88%    passed     80.41%
 131  131   14.88%    passed     95.72%
 132  132   14.88%    passed     38.83%
 133  133   14.88%    passed     77.87%
 134  134   14.88%    passed     85.21%
 135  135   14.88%    passed     94.24%
 136  136   14.88%    passed     92.18%
 137  137   14.88%    passed     80.24%
 138  138   14.88%    passed     87.35%
 139  139   14.88%    passed     31.90%
 140  140   14.88%    passed     26.10%
 141  141   14.88%    passed     97.09%
 142  142   14.88%    passed    100.00%
 143  143   14.88%    passed     75.55%
 144  144   14.88%    passed     94.77%
 145  145   14.88%    passed     87.71%
 146  146   14.88%    passed     56.51%
 147  147   14.88%    passed     86.86%
 148  148   14.88%    passed     92.15%
 149  149   14.88%    passed     10.39%
 150  150   14.88%    passed     94.99%
 151  151   14.88%    passed     79.03%
 152  152   14.88%    passed     84.80%
 153  153   14.88%    passed     79.16%
 154  154   14.88%    passed     79.27%
 155  155   14.88%    passed     66.81%
 156  156   14.88%    passed     93.94%
 157  157   14.88%    passed     99.55%
 158  158   14.88%    passed     78.20%
 159  159   14.88%    passed     86.25%
 160  160   14.88%    passed     72.61%
 161  161   14.88%    passed     95.52%
 162  162   14.88%    passed     98.56%
 163  163   14.88%    passed     94.18%
 164  164   14.88%    passed     99.00%
 165  165   14.88%    passed     95.82%
 166  166   14.88%    passed     98.27%
 167  167   14.88%    passed     79.27%
 168  168   14.88%    passed     98.42%
 169  169   14.88%    passed     92.19%
 170  170   14.88%    passed     76.49%
 171  171   14.88%    passed     98.14%
 172  172   14.88%    passed     99.67%
 173  173   14.88%    passed     99.06%
 174  174   14.88%    passed     90.21%
 175  175   14.88%    passed     97.10%
 176  176   14.88%    passed     23.34%
 177  177   14.88%    passed     87.40%
 178  178   14.88%    passed     93.78%
 179  179   14.88%    passed     36.48%
 180  180   14.88%    passed     93.14%
 181  181   14.88%    passed     87.35%
 182  182   14.88%    passed     97.27%
 183  183   14.88%    passed     66.27%
 184  184   14.88%    passed     94.14%
 185  185   14.88%    passed     99.83%
 186  186   14.88%    passed     98.08%
 187  187   14.88%    passed     84.98%
 188  188   14.88%    passed     94.68%
 189  189   14.88%    passed     84.99%
 190  190   14.88%    passed     84.03%
 191  191   14.88%    passed     25.17%
 192  192   14.88%    passed     99.98%
 193  193   14.88%    passed     92.02%
 194  194   14.88%    passed     78.18%
 195  195   14.88%    passed     94.87%
 196  196   14.88%    passed     96.66%
 197  197   14.88%    passed     95.72%
 198  198   14.88%    passed     99.17%
 199  199   14.88%    passed     92.49%
 200  200   14.88%    passed     32.48%
 201  201   14.88%    passed     95.42%
 202  202   14.88%    passed     89.61%
 203  203   14.88%    passed     97.00%
 204  204   14.88%    passed     98.56%
 205  205   14.88%    passed     82.81%
 206  206   14.88%    passed     89.95%
 207  207   14.88%    passed     90.62%
 208  208   14.88%    passed     26.86%
 209  209   14.88%    passed     98.70%
 210  210   14.88%    passed     89.94%
 211  211   14.88%    passed     98.23%
 212  212   14.88%    passed     91.52%
 213  213   14.88%    passed     26.86%
 214  214   14.88%    passed     95.29%
 215  215   14.88%    passed     97.34%
 216  216   14.88%    passed     94.39%
 217  217   15.29%    passed     30.95%
 218  218   14.88%    passed     97.15%
 219  219   14.88%    passed     93.94%
 220  220   14.88%    passed     95.06%
 221  221   14.88%    passed     74.28%
 222  222   14.88%    passed     98.59%
 223  223   14.88%    passed     85.92%
 224  224   14.88%    passed     96.40%
 225  225   14.88%    passed     99.50%
 226  226   14.88%    passed     32.81%
 227  227   14.88%    passed     94.99%
 228  228   14.88%    passed     32.08%
 229  229   14.88%    passed     86.98%
 230  230   14.88%    passed     86.39%
 231  231   14.88%    passed     87.08%
 232  232   14.88%    passed     82.81%
 233  233   14.88%    passed     98.80%
 234  234   14.88%    passed     95.48%
 235  235   14.88%    passed     71.48%
 236  236   14.88%    passed     98.57%
 237  237   14.88%    passed     99.18%
 238  238   14.88%    passed     94.11%
 239  239   14.88%    passed     84.98%
 240  240   14.88%    passed     94.96%
 241  241   14.88%    passed     96.17%
 242  242   14.88%    passed     96.52%
 243  243   14.88%    passed     97.47%
 244  244   14.88%    passed     87.79%
 245  245   14.88%    passed     93.75%
 246  246   14.88%    passed     89.15%
 247  247   15.29%    passed     55.14%
 248  248   14.88%    passed     80.01%
 249  249   14.88%    passed     91.88%
 250  250   14.88%    passed     99.77%
 251  251   14.88%    passed     84.11%
 252  252   14.88%    passed     99.09%
 253  253   14.88%    passed     95.28%
 254  254   14.88%    passed     86.92%
 255  255   14.88%    passed     90.26%
 256  256   14.88%    passed     87.09%
 257  257   14.88%    passed     97.49%
 258  258   14.88%    passed     98.63%
 259  259   14.88%    passed     49.70%
 260  260   14.88%    passed     87.48%
 261  261   14.88%    passed     85.88%
 262  262   14.88%    passed     81.45%
 263  263   14.88%    passed     91.03%
 264  264   14.88%    passed     91.09%
 265  265   14.88%    passed     98.67%
 266  266   14.88%    passed     96.62%
 267  267   14.88%    passed     99.30%
 268  268   14.88%    passed     99.70%
 269  269   14.88%    passed     81.56%
 270  270   14.88%    passed     99.39%
 271  271   14.88%    passed     81.87%
 272  272   14.88%    passed     88.38%
 273  273   14.88%    passed     70.42%
 274  274   14.88%    passed     90.26%
 275  275   14.88%    passed     96.69%
 276  276   14.88%    passed     95.60%
 277  277   14.88%    passed     32.81%
 278  278   14.88%    passed     10.39%
 279  279   14.88%    passed     97.44%
 280  280   14.88%    passed     95.75%
 281  281   14.88%    passed     89.73%
 282  282   14.88%    passed     80.49%
 283  283   14.88%    passed     99.54%
 284  284   14.88%    passed     39.80%
 285  285   14.88%    passed     88.78%
 286  286   14.88%    passed     31.65%
 287  287   14.88%    passed     94.68%
 288  288   14.88%    passed     96.92%
 289  289   14.88%    passed     84.63%
 290  290   14.88%    passed     26.05%
 291  291   14.88%    passed     19.12%
 292  292   14.88%    passed     85.88%
 293  293   14.88%    passed     99.43%
 294  294   14.88%    passed     75.76%
 295  295   14.88%    passed     87.51%
 296  296   14.88%    passed     95.42%
 297  297   14.88%    passed     98.71%
 298  298   14.88%    passed     98.87%
 299  299   14.88%    passed     96.45%
 300  300   14.88%    passed     98.42%
 301  301   14.88%    passed     87.40%
 302  302   14.88%    passed     92.30%
 303  303   14.88%    passed     95.59%
 304  304   14.88%    passed     68.38%
 305  305   14.88%    passed     98.56%
 306  306   14.88%    passed     95.90%
 307  307   14.88%    passed     87.87%
 308  308   14.88%    passed     78.25%
 309  309   14.88%    passed     88.39%
 310  310   14.88%    passed     76.06%
 311  311   14.88%    passed     38.45%
 312  312   14.88%    passed     32.48%
 313  313   14.88%    passed     80.41%
 314  314   14.88%    passed     81.98%
 315  315   14.88%    passed     89.15%
 316  316   14.88%    passed     95.58%
 317  317   14.88%    passed     89.95%
 318  318   14.88%    passed     81.74%
 319  319   14.88%    passed     98.14%
 320  320   14.88%    passed     93.98%
 321  321   14.88%    passed     32.85%
 322  322   14.88%    passed     98.63%
 323  323   14.88%    passed     89.38%
 324  324   14.88%    passed     98.96%
 325  325   14.88%    passed     96.92%
 326  326   14.88%    passed     26.58%
 327  327   14.88%    passed     85.63%
 328  328   14.88%    passed     72.09%
 329  329   14.88%    passed     98.80%
 330  330   14.88%    passed     93.78%
 331  331   14.88%    passed     95.82%
 332  332   14.88%    passed     89.64%
 333  333   14.88%    passed     88.38%
 334  334   14.88%    passed     84.22%
 335  335   14.88%    passed     88.13%
 336  336   14.88%    passed     94.67%
 337  337   14.88%    passed     85.88%
 338  338   14.88%    passed     86.08%
 339  339   14.88%    passed     98.21%
 340  340   14.88%    passed     89.45%
 341  341   14.88%    passed     84.56%
 342  342   14.88%    passed     95.33%
 343  343   14.88%    passed     90.89%
 344  344   14.88%    passed     91.62%
 345  345   14.88%    passed     94.96%
 346  346   14.88%    passed     86.83%
 347  347   14.88%    passed     97.98%
 348  348   14.88%    passed     95.82%
 349  349   14.88%    passed     97.46%
 350  350   14.88%    passed     89.38%
 351  351   14.88%    passed     86.10%
 352  352   14.88%    passed     97.46%
 353  353   14.88%    passed     30.79%
 354  354   14.88%    passed     55.30%
 355  355   14.88%    passed     97.49%
 356  356   14.88%    passed     99.65%
 357  357   14.88%    passed     98.96%
 358  358   14.88%    passed     96.12%
 359  359   14.88%    passed     94.08%
 360  360   14.88%    passed     73.22%
 361  361   14.88%    passed     32.57%
 362  362   14.88%    passed     12.04%
 363  363   14.88%    passed     91.73%
 364  364   14.88%    passed     97.24%
 365  365   14.88%    passed     98.21%
 366  366   14.88%    passed     18.76%
 367  367   14.88%    passed     45.44%
 368  368   14.88%    passed     96.57%
 369  369   14.88%    passed     70.71%
 370  370   14.88%    passed     51.20%
 371  371   14.88%    passed     94.21%
 372  372   15.08%    passed     82.06%
 373  373   14.88%    passed     98.15%
 374  374   14.88%    passed     54.78%
 375  375   14.88%    passed     92.48%
 376  376   14.88%    passed     95.33%
 377  377   14.88%    passed     89.45%
 378  378   14.88%    passed     98.27%
 379  379   14.88%    passed     84.98%
 380  380   14.88%    passed     50.36%
 381  381   14.88%    passed     90.57%
 382  382   14.88%    passed     98.42%
 383  383   14.88%    passed     92.26%
 384  384   14.88%    passed     93.42%
 385  385   14.88%    passed     92.94%
 386  386   14.88%    passed     81.56%
 387  387   14.88%    passed     72.52%
 388  388   14.88%    passed     97.09%
 389  389   14.88%    passed     94.99%
 390  390   14.88%    passed     95.54%
 391  391   14.88%    passed     90.47%
 392  392   14.88%    passed     87.78%
 393  393   14.88%    passed     97.67%
 394  394   14.88%    passed     84.98%
 395  395   14.88%    passed     69.60%
 396  396   14.88%    passed     95.28%
 397  397   14.88%    passed     98.21%
 398  398   15.08%    passed     68.23%
 399  399   14.88%    passed     95.92%
 400  400   14.88%    passed     84.99%
 401  401   14.88%    passed     92.33%
 402  402   14.88%    passed     98.59%
 403  403   14.88%    passed     97.70%
 404  404   14.88%    passed     81.06%
 405  405   14.88%    passed     86.81%
 406  406   14.88%    passed     95.33%
 407  407   14.67%    passed     88.74%
 408  408   14.88%    passed     92.38%
 409  409   14.88%    passed     98.96%
 410  410   14.88%    passed     93.49%
 411  411   14.88%    passed     76.40%
 412  412   14.88%    passed     78.93%
 413  413   14.88%    passed     96.52%
 414  414   14.88%    passed     89.38%
 415  415   14.88%    passed     94.08%
 416  416   14.88%    passed     92.05%
 417  417   14.88%    passed     98.66%
 418  418   14.88%    passed     93.42%
 419  419   14.88%    passed     36.87%
 420  420   14.88%    passed     99.45%
 421  421   14.88%    passed     88.95%
 422  422   14.88%    passed     81.96%
 423  423   14.88%    passed     96.66%
 424  424   14.88%    passed     96.83%
 425  425   14.88%    passed     36.11%
 426  426   14.88%    passed     96.94%
 427  427   14.88%    passed     92.05%
 428  428   14.88%    passed     86.14%
 429  429   14.88%    passed     76.09%
 430  430   14.88%    passed     97.70%
 431  431   14.88%    passed     63.14%
 432  432   14.88%    passed     12.66%
 433  433   14.88%    passed     94.69%
 434  434   14.88%    passed     87.69%
 435  435   14.88%    passed     78.09%
 436  436   14.88%    passed     93.78%
 437  437   15.29%    passed     29.41%
 438  438   14.88%    passed     24.10%
 439  439   14.88%    passed     91.98%
 440  440   14.88%    passed     91.63%
 441  441   14.88%    passed     80.83%
 442  442   14.88%    passed     95.11%
 443  443   14.88%    passed     94.16%
 444  444   14.88%    passed     89.80%
 445  445   14.88%    passed     87.42%
 446  446   14.88%    passed     99.39%
 447  447   14.88%    passed     97.50%
 448  448   14.88%    passed     59.52%
 449  449   14.88%    passed     94.77%
 450  450   14.88%    passed     95.98%
 451  451   14.88%    passed     26.86%
 452  452   14.88%    passed     91.98%
 453  453   14.88%    passed     99.50%
 454  454   14.88%    passed     75.55%
 455  455   14.88%    passed     95.37%
 456  456   14.88%    passed     33.13%
 457  457   14.88%    passed     74.31%
 458  458   14.88%    passed     96.66%
 459  459   14.88%    passed     56.58%
 460  460   14.88%    passed     59.01%
 461  461   14.88%    passed     18.82%
 462  462   14.67%    passed     58.18%
 463  463   14.88%    passed     89.12%
 464  464   14.88%    passed     99.44%
 465  465   14.88%    passed     99.16%
 466  466   14.88%    passed     94.16%
 467  467   14.88%    passed     81.82%
 468  468   14.88%    passed     95.70%
 469  469   14.88%    passed     80.12%
 470  470   14.88%    passed     31.90%
 471  471   14.88%    passed     97.21%
 472  472   14.88%    passed     95.75%
 473  473   14.88%    passed     90.90%
 474  474   14.88%    passed     81.29%
 475  475   14.88%    passed     76.90%
 476  476   14.88%    passed     95.68%
 477  477   14.88%    passed     95.28%
 478  478   14.88%    passed     88.00%
 479  479   14.88%    passed     24.10%
 480  480   14.88%    passed     79.47%
 481  481   14.88%    passed     92.37%
 482  482   14.88%    passed     97.15%
 483  483   14.88%    passed     93.42%
 484  484   14.88%    passed     91.69%
 485  485   14.88%    passed     78.43%
 486  486   14.88%    passed     56.90%
 487  487   14.88%    passed     93.87%
 488  488   15.29%    passed     55.88%
 489  489   14.88%    passed     97.66%
 490  490   14.88%    passed     96.33%
 491  491   14.88%    passed     82.85%
 492  492   14.88%    passed     94.77%
 493  493   14.88%    passed     89.38%
 494  494   15.29%    passed     63.19%
 495  495   14.88%    passed     78.29%
 496  496   14.88%    passed     78.89%
 497  497   14.88%    passed     88.95%
 498  498   14.88%    passed     95.90%
 499  499   14.88%    passed     33.00%
 500  500   14.88%    passed     75.74%
 501  501   14.88%    passed     97.10%
 502  502   14.88%    passed     88.31%
 503  503   14.88%    passed     92.49%
 504  504   14.88%    passed     86.43%
 505  505   14.88%    passed     97.66%
 506  506   14.88%    passed     92.57%
 507  507   14.88%    passed     80.68%
 508  508   14.88%    passed     97.96%
 509  509   14.88%    passed     93.78%
 510  510   14.67%    passed     56.04%
 511  511   14.88%    passed     86.69%
 512  512   14.88%    passed     96.27%
 513  513   14.88%    passed     93.75%
 514  514   14.88%    passed     72.84%
 515  515   14.88%    passed     97.09%
 516  516   14.88%    passed     95.20%
 517  517   14.88%    passed     96.32%
 518  518   14.88%    passed     99.40%
 519  519   14.88%    passed     80.05%
 520  520   14.88%    passed     88.82%
 521  521   14.88%    passed     90.82%
 522  522   14.88%    passed     98.37%
 523  523   14.88%    passed     97.70%
 524  524   14.88%    passed     80.76%
 525  525   14.88%    passed     81.23%
 526  526   14.88%    passed     85.39%
 527  527   14.88%    passed     99.18%
 528  528   14.88%    passed     87.78%
 529  529   14.88%    passed     69.23%
 530  530   14.88%    passed     95.72%
 531  531   14.88%    passed     76.63%
 532  532   14.88%    passed     92.18%
 533  533   14.88%    passed     99.17%
 534  535   14.88%    passed     88.46%
 535  536   14.88%    passed     29.84%
 536  537   15.29%    passed     22.01%
 537  538   14.88%    passed     48.61%
 538  539   14.88%    passed     97.95%
 539  540   14.88%    passed     96.32%
 540  541   14.88%    passed     71.92%
 541  542   14.88%    passed     86.81%
 542  543   14.88%    passed     88.90%
 543  544   14.88%    passed     94.96%
 544  545   14.88%    passed     92.74%
 545  546   14.88%    passed     92.54%
 546  547   14.88%    passed     30.14%
 547  548   14.88%    passed     95.28%
 548  549   14.88%    passed     80.86%
 549  550   14.88%    passed     91.69%
 550  551   14.88%    passed     84.80%
 551  552   14.88%    passed     55.60%
 552  553   14.88%    passed     15.72%
 553  554   14.88%    passed     99.17%
 554  555   14.88%    passed     89.64%
 555  556   14.88%    passed     64.03%
 556  557   14.88%    passed     91.88%
 557  558   14.88%    passed     87.15%
 558  559   14.88%    passed     88.38%
 559  560   14.88%    passed     98.66%
 560  561   14.88%    passed     92.94%
 561  562   14.88%    passed     91.19%
 562  563   14.88%    passed     99.43%
 563  564   14.88%    passed     96.17%
 564  565   14.88%    passed     98.55%
 565  566   14.88%    passed     94.23%
 566  567   14.88%    passed     92.71%
 567  568   14.88%    passed     94.05%
 568  569   14.88%    passed     81.17%
 569  570   14.88%    passed     87.36%
 570  571   14.88%    passed     81.92%
 571  572   14.88%    passed     92.68%
 572  573   14.88%    passed     91.98%
 573  574   14.88%    passed     96.66%
 574  575   14.88%    passed     70.17%
 575  576   14.88%    passed     76.61%
 576  577   14.88%    passed     99.98%
 577  578   15.08%    passed     97.53%
 578  579   14.88%    passed      8.90%
 579  580   14.88%    passed     95.60%
 580  581   14.88%    passed     39.60%
 581  582   14.88%    passed     97.66%
 582  583   14.88%    passed     97.95%
 583  584   14.88%    passed     93.12%
 584  585   14.88%    passed     31.92%
 585  586   14.88%    passed     91.12%
 586  587   14.88%    passed     92.68%
 587  588   14.88%    passed     94.18%
 588  589   14.88%    passed     48.30%
 589  590   14.88%    passed     84.94%
 590  591   14.88%    passed     42.18%
 591  592   14.88%    passed     79.43%
 592  593   14.88%    passed     39.34%
 593  594   14.88%    passed     97.33%
 594  595   14.88%    passed     84.70%
 595  596   14.88%    passed     74.31%
 596  597   14.88%    passed     98.56%
 597  598   14.88%    passed     94.09%
 598  599   14.88%    passed     99.37%
 599  600   14.88%    passed     29.61%
 600  601   14.88%    passed     67.84%
 601  602   14.88%    passed     98.07%
 602  603   14.88%    passed     83.16%
 603  604   14.88%    passed     90.62%
 604  605   14.88%    passed     43.55%
 605  606   14.88%    passed     75.97%
 606  607   14.88%    passed     45.56%
 607  608   14.88%    passed     98.87%
 608  609   14.88%    passed     98.27%
 609  610   14.88%    passed     97.48%
 610  611   14.88%    passed      6.71%
 611  612   14.88%    passed     51.35%
 612  613   14.88%    passed     97.73%
 613  614   14.88%    passed     95.81%
 614  615   14.88%    passed     92.71%
 615  616   14.88%    passed     81.45%
 616  617   14.88%    passed     63.74%
 617  618   14.88%    passed     39.16%
 618  619   14.88%    passed     87.87%
 619  620   14.88%    passed     18.26%
 620  621   14.88%    passed     85.93%
 621  622   14.88%    passed     74.69%
 622  623   14.88%    passed     95.37%
 623  624   14.88%    passed     84.64%
 624  625   14.88%    passed     66.99%
 625  626   14.88%    passed     96.66%
 626  627   14.88%    passed     93.99%
 627  628   14.88%    passed     92.31%
 628  629   14.88%    passed     96.69%
 629  630   14.88%    passed     25.62%
 630  631   14.88%    passed     29.44%
 631  632   14.88%    passed     92.92%
 632  633   14.88%    passed     84.41%
 633  634   14.88%    passed     94.24%
 634  635   14.88%    passed     93.28%
 635  636   14.88%    passed     92.63%
 636  637   14.88%    passed     95.54%
 637  638   14.88%    passed     94.87%
 638  640   14.88%    passed     61.91%
 639  641   15.29%    passed     37.01%
 640  642   14.88%    passed     98.63%
 641  643   14.88%    passed     59.89%
 642  644   14.88%    passed     72.73%
 643  645   14.88%    passed     94.96%
 644  647   14.88%    passed     93.75%
 645  648   14.88%    passed     55.19%
 646  649   14.88%    passed     21.20%
 647  650   14.88%    passed     92.56%
 648  651   14.88%    passed     53.31%
 649  652   14.88%    passed     97.66%
****  TOTAL   14.88%  0 sequences failed composition chi2 test (p-value<5%; df=3)


Create initial parsimony tree by phylogenetic likelihood library (PLL)... 0.184 seconds
NOTE: ModelFinder requires 21 MB RAM!
ModelFinder will test 88 DNA models (sample size: 484) ...
 No. Model         -LnL         df  AIC          AICc         BIC
  1  JC            23745.496    1295 50080.993    3406720.993  55496.793
  2  JC+I          21985.742    1296 46563.484    3408387.484  51983.466
  3  JC+G4         20585.794    1296 43763.587    3405587.587  49183.569
  4  JC+I+G4       20509.339    1297 43612.678    3410624.678  49036.842
  5  F81+F         23601.024    1298 49798.049    3422002.049  55226.395
  6  F81+F+I       21848.199    1299 46294.398    3423694.398  51726.926
  7  F81+F+G4      20394.064    1299 43386.128    3420786.128  48818.656
  8  F81+F+I+G4    20304.307    1300 43208.614    3425808.614  48645.325
  9  K2P           23492.967    1296 49577.935    3411401.935  54997.917
 10  K2P+I         21728.724    1297 46051.448    3413063.448  51475.612
 11  K2P+G4        20319.532    1297 43233.063    3410245.063  48657.227
 12  K2P+I+G4      20239.332    1298 43074.663    3415278.663  48503.009
 13  HKY+F         23314.150    1299 49226.299    3426626.299  54658.827
 14  HKY+F+I       21554.665    1300 45709.330    3428309.330  51146.040
 15  HKY+F+G4      20025.146    1300 42650.293    3425250.293  48087.003
 16  HKY+F+I+G4    19927.346    1301 42456.691    3430260.691  47897.584
 17  TNe           23253.367    1297 49100.733    3416112.733  54524.897
 18  TNe+I         21570.889    1298 45737.777    3417941.777  51166.124
 19  TNe+G4        20300.236    1298 43196.471    3415400.471  48624.817
 20  TNe+I+G4      20215.726    1299 43029.451    3420429.451  48461.980
 21  TN+F          23033.063    1300 48666.126    3431266.126  54102.836
 22  TN+F+I        21353.055    1301 45308.110    3433112.110  50749.002
 23  TN+F+G4       20005.011    1301 42612.023    3430416.023  48052.915
 24  TN+F+I+G4     19893.007    1302 42390.014    3435402.014  47835.088
 25  K3P           23341.710    1297 49277.419    3416289.419  54701.583
 26  K3P+I         21575.981    1298 45747.963    3417951.963  51176.309
 27  K3P+G4        20171.032    1298 42938.063    3415142.063  48366.409
 28  K3P+I+G4      20092.157    1299 42782.315    3420182.315  48214.843
 29  K3Pu+F        23198.206    1300 48996.412    3431596.412  54433.122
 30  K3Pu+F+I      21435.119    1301 45472.238    3433276.238  50913.130
 31  K3Pu+F+G4     19941.005    1301 42484.011    3430288.011  47924.903
 32  K3Pu+F+I+G4   19848.540    1302 42301.079    3435313.079  47746.154
 33  TPM2+F        23224.006    1300 49048.012    3431648.012  54484.723
 34  TPM2+F+I      21443.845    1301 45489.690    3433293.690  50930.583
 35  TPM2+F+G4     19991.494    1301 42584.988    3430388.988  48025.881
 36  TPM2+F+I+G4   19896.865    1302 42397.729    3435409.729  47842.804
 37  TPM2u+F       23224.006    1300 49048.013    3431648.013  54484.723
 38  TPM2u+F+I     21443.845    1301 45489.691    3433293.691  50930.583
 39  TPM2u+F+G4    19991.496    1301 42584.993    3430388.993  48025.885
 40  TPM2u+F+I+G4  19896.865    1302 42397.729    3435409.729  47842.804
 41  TPM3+F        23008.048    1300 48616.097    3431216.097  54052.807
 42  TPM3+F+I      21263.503    1301 45129.005    3432933.005  50569.898
 43  TPM3+F+G4     19778.418    1301 42158.837    3429962.837  47599.729
 44  TPM3+F+I+G4   19701.574    1302 42007.148    3435019.148  47452.223
 45  TPM3u+F       23008.048    1300 48616.095    3431216.095  54052.806
 46  TPM3u+F+I     21263.502    1301 45129.004    3432933.004  50569.896
 47  TPM3u+F+G4    19778.421    1301 42158.841    3429962.841  47599.734
 48  TPM3u+F+I+G4  19701.572    1302 42007.144    3435019.144  47452.219
 49  TIMe          23102.946    1298 48801.892    3421005.892  54230.238
 50  TIMe+I        21418.964    1299 45435.927    3422835.927  50868.456
 51  TIMe+G4       20151.248    1299 42900.497    3420300.497  48333.025
 52  TIMe+I+G4     20067.588    1300 42735.176    3425335.176  48171.887
 53  TIM+F         22917.931    1301 48437.861    3436241.861  53878.754
 54  TIM+F+I       21234.367    1302 45072.735    3438084.735  50517.810
 55  TIM+F+G4      19919.686    1302 42443.372    3435455.372  47888.446
 56  TIM+F+I+G4    19818.832    1303 42243.663    3440467.663  47692.920
 57  TIM2e         23092.787    1298 48781.573    3420985.573  54209.919
 58  TIM2e+I       21373.694    1299 45345.389    3422745.389  50777.917
 59  TIM2e+G4      20183.020    1299 42964.040    3420364.040  48396.568
 60  TIM2e+I+G4    20102.453    1300 42804.906    3425404.906  48241.617
 61  TIM2+F        22944.221    1301 48490.442    3436294.442  53931.334
 62  TIM2+F+I      21243.872    1302 45091.745    3438103.745  50536.819
 63  TIM2+F+G4     19970.110    1302 42544.220    3435556.220  47989.294
 64  TIM2+F+I+G4   19864.312    1303 42334.624    3440558.624  47783.881
 65  TIM3e         22818.564    1298 48233.127    3420437.127  53661.474
 66  TIM3e+I       21169.171    1299 44936.342    3422336.342  50368.870
 67  TIM3e+G4      19953.235    1299 42504.469    3419904.469  47936.998
 68  TIM3e+I+G4    19873.313    1300 42346.626    3424946.626  47783.336
 69  TIM3+F        22723.576    1301 48049.153    3435853.153  53490.045
 70  TIM3+F+I      21058.884    1302 44721.768    3437733.768  50166.842
 71  TIM3+F+G4     19762.754    1302 42129.509    3435141.509  47574.583
 72  TIM3+F+I+G4   19677.576    1303 41961.151    3440185.151  47410.408
 73  TVMe          22891.135    1299 48380.270    3425780.270  53812.799
 74  TVMe+I        21121.210    1300 44842.420    3427442.420  50279.130
 75  TVMe+G4       19837.636    1300 42275.271    3424875.271  47711.982
 76  TVMe+I+G4     19752.169    1301 42106.338    3429910.338  47547.230
 77  TVM+F         22917.321    1302 48438.641    3441450.641  53883.716
 78  TVM+F+I       21151.411    1303 44908.822    3443132.822  50358.079
 79  TVM+F+G4      19742.674    1303 42091.349    3440315.349  47540.605
 80  TVM+F+I+G4    19665.680    1304 41939.359    3445379.359  47392.798
 81  SYM           22650.398    1300 47900.797    3430500.797  53337.507
 82  SYM+I         20963.386    1301 44528.773    3432332.773  49969.665
 83  SYM+G4        19819.033    1301 42240.067    3430044.067  47680.959
 84  SYM+I+G4      19736.012    1302 42076.025    3435088.025  47521.099
 85  GTR+F         22634.352    1303 47874.705    3446098.705  53323.961
 86  GTR+F+I       20948.818    1304 44505.637    3447945.637  49959.075
 87  GTR+F+G4      19725.182    1304 42058.363    3445498.363  47511.802
 88  GTR+F+I+G4    19642.895    1305 41895.791    3450555.791  47353.411
Akaike Information Criterion:           GTR+F+I+G4
Corrected Akaike Information Criterion: JC+G4
Bayesian Information Criterion:         GTR+F+I+G4
Best-fit model: GTR+F+I+G4 chosen according to BIC

All model information printed to rbcl_aligns_indels_removed.fasta.model.gz
CPU time for ModelFinder: 130.075 seconds (0h:2m:10s)
Wall-clock time for ModelFinder: 130.548 seconds (0h:2m:10s)
Generating 1000 samples for ultrafast bootstrap (seed: 771667)...

NOTE: 21 MB RAM (0 GB) is required!
Estimate model parameters (epsilon = 0.100)
Thoroughly optimizing +I+G parameters from 10 start values...
Init pinv, alpha: 0.000, 1.000 / Estimate: 0.000, 0.410 / LogL: -19725.173
Init pinv, alpha: 0.055, 1.000 / Estimate: 0.396, 0.880 / LogL: -19642.826
Init pinv, alpha: 0.111, 1.000 / Estimate: 0.396, 0.880 / LogL: -19642.839
Init pinv, alpha: 0.166, 1.000 / Estimate: 0.396, 0.880 / LogL: -19642.839
Init pinv, alpha: 0.221, 1.000 / Estimate: 0.396, 0.880 / LogL: -19642.858
Init pinv, alpha: 0.277, 1.000 / Estimate: 0.396, 0.880 / LogL: -19642.866
Init pinv, alpha: 0.332, 1.000 / Estimate: 0.396, 0.880 / LogL: -19642.877
Init pinv, alpha: 0.387, 1.000 / Estimate: 0.396, 0.880 / LogL: -19642.895
Init pinv, alpha: 0.443, 1.000 / Estimate: 0.397, 0.879 / LogL: -19642.892
Init pinv, alpha: 0.498, 1.000 / Estimate: 0.398, 0.879 / LogL: -19642.916
Optimal pinv,alpha: 0.396, 0.880 / LogL: -19642.826

Parameters optimization took 70.433 sec
Computing ML distances based on estimated model parameters... 4.998 sec
Computing BIONJ tree...
1.514 seconds
Log-likelihood of BIONJ tree: -20041.798
--------------------------------------------------------------------
|             INITIALIZING CANDIDATE TREE SET                      |
--------------------------------------------------------------------
Generating 98 parsimony trees... 21.252 second
Computing log-likelihood of 98 initial trees ... 33.108 seconds
Current best score: -19601.268

Do NNI search on 20 best initial trees
Estimate model parameters (epsilon = 0.100)
BETTER TREE FOUND at iteration 1: -19510.346
Estimate model parameters (epsilon = 0.100)
BETTER TREE FOUND at iteration 2: -19499.764
Iteration 10 / LogL: -19547.204 / Time: 0h:4m:35s
Iteration 20 / LogL: -19570.086 / Time: 0h:6m:54s
Finish initializing candidate tree set (20)
Current best tree score: -19499.764 / CPU time: 335.753
Number of iterations: 20
--------------------------------------------------------------------
|               OPTIMIZING CANDIDATE TREE SET                      |
--------------------------------------------------------------------
Estimate model parameters (epsilon = 0.100)
BETTER TREE FOUND at iteration 22: -19476.290
Iteration 30 / LogL: -19500.075 / Time: 0h:8m:37s (0h:27m:21s left)
Estimate model parameters (epsilon = 0.100)
BETTER TREE FOUND at iteration 32: -19470.970
Estimate model parameters (epsilon = 0.100)
BETTER TREE FOUND at iteration 36: -19465.283
Estimate model parameters (epsilon = 0.100)
BETTER TREE FOUND at iteration 39: -19463.251
Iteration 40 / LogL: -19485.551 / Time: 0h:10m:29s (0h:26m:37s left)
Estimate model parameters (epsilon = 0.100)
BETTER TREE FOUND at iteration 42: -19454.667
Estimate model parameters (epsilon = 0.100)
BETTER TREE FOUND at iteration 48: -19451.626
Iteration 50 / LogL: -19619.812 / Time: 0h:12m:3s (0h:24m:7s left)
Log-likelihood cutoff on original alignment: -19604.500
Iteration 60 / LogL: -19487.940 / Time: 0h:13m:37s (0h:20m:19s left)
Iteration 70 / LogL: -19571.638 / Time: 0h:15m:15s (0h:17m:14s left)
Estimate model parameters (epsilon = 0.100)
BETTER TREE FOUND at iteration 78: -19442.774
Iteration 80 / LogL: -19443.614 / Time: 0h:17m:16s (0h:21m:26s left)
Estimate model parameters (epsilon = 0.100)
BETTER TREE FOUND at iteration 81: -19430.097
Iteration 90 / LogL: -19451.772 / Time: 0h:18m:50s (0h:19m:15s left)
Iteration 100 / LogL: -19463.614 / Time: 0h:20m:33s (0h:16m:48s left)
Log-likelihood cutoff on original alignment: -19604.500
NOTE: Bootstrap correlation coefficient of split occurrence frequencies: 0.977
NOTE: UFBoot does not converge, continue at least 100 more iterations
Iteration 110 / LogL: -19461.759 / Time: 0h:22m:8s (0h:18m:16s left)
Iteration 120 / LogL: -19458.567 / Time: 0h:24m:10s (0h:16m:15s left)
Iteration 130 / LogL: -19460.305 / Time: 0h:25m:52s (0h:14m:2s left)
Iteration 140 / LogL: -19470.890 / Time: 0h:27m:30s (0h:11m:52s left)
Estimate model parameters (epsilon = 0.100)
BETTER TREE FOUND at iteration 148: -19426.516
Iteration 150 / LogL: -19484.755 / Time: 0h:29m:19s (0h:19m:16s left)
Log-likelihood cutoff on original alignment: -19604.500
Iteration 160 / LogL: -19455.553 / Time: 0h:30m:59s (0h:17m:9s left)
Iteration 170 / LogL: -19458.070 / Time: 0h:32m:35s (0h:15m:2s left)
Estimate model parameters (epsilon = 0.100)
BETTER TREE FOUND at iteration 171: -19418.087
Iteration 180 / LogL: -19489.138 / Time: 0h:34m:31s (0h:17m:32s left)
Iteration 190 / LogL: -19464.475 / Time: 0h:36m:28s (0h:15m:38s left)
Iteration 200 / LogL: -19466.611 / Time: 0h:38m:36s (0h:13m:46s left)
Log-likelihood cutoff on original alignment: -19588.758
NOTE: Bootstrap correlation coefficient of split occurrence frequencies: 0.989
NOTE: UFBoot does not converge, continue at least 100 more iterations
Iteration 210 / LogL: -19452.494 / Time: 0h:40m:20s (0h:17m:22s left)
Iteration 220 / LogL: -19437.894 / Time: 0h:42m:17s (0h:15m:26s left)
Iteration 230 / LogL: -19527.621 / Time: 0h:44m:12s (0h:13m:30s left)
Iteration 240 / LogL: -19451.971 / Time: 0h:46m:9s (0h:11m:35s left)
Iteration 250 / LogL: -19439.168 / Time: 0h:47m:49s (0h:9m:36s left)
Log-likelihood cutoff on original alignment: -19588.758
Iteration 260 / LogL: -19447.530 / Time: 0h:49m:30s (0h:7m:38s left)
Iteration 270 / LogL: -19432.872 / Time: 0h:51m:18s (0h:5m:43s left)
Estimate model parameters (epsilon = 0.100)
BETTER TREE FOUND at iteration 275: -19415.664
Iteration 280 / LogL: -19432.420 / Time: 0h:53m:19s (0h:18m:9s left)
Iteration 290 / LogL: -19470.911 / Time: 0h:55m:23s (0h:16m:17s left)
Iteration 300 / LogL: -19437.640 / Time: 0h:57m:25s (0h:14m:24s left)
Log-likelihood cutoff on original alignment: -19588.758
NOTE: Bootstrap correlation coefficient of split occurrence frequencies: 0.989
NOTE: UFBoot does not converge, continue at least 100 more iterations
Iteration 310 / LogL: -19464.052 / Time: 0h:59m:37s (0h:17m:21s left)
Iteration 320 / LogL: -19471.550 / Time: 1h:1m:34s (0h:15m:26s left)
Iteration 330 / LogL: -19443.293 / Time: 1h:3m:27s (0h:13m:30s left)
Iteration 340 / LogL: -19433.404 / Time: 1h:5m:21s (0h:11m:34s left)
Iteration 350 / LogL: -19511.200 / Time: 1h:7m:20s (0h:9m:38s left)
Log-likelihood cutoff on original alignment: -19588.758
Iteration 360 / LogL: -19472.921 / Time: 1h:9m:19s (0h:7m:43s left)
Iteration 370 / LogL: -19450.193 / Time: 1h:11m:9s (0h:5m:47s left)
Iteration 380 / LogL: -19561.785 / Time: 1h:13m:8s (0h:3m:51s left)
Estimate model parameters (epsilon = 0.100)
BETTER TREE FOUND at iteration 389: -19414.486
Iteration 390 / LogL: -19423.493 / Time: 1h:15m:13s (0h:19m:8s left)
Iteration 400 / LogL: -19438.878 / Time: 1h:17m:8s (0h:17m:12s left)
Log-likelihood cutoff on original alignment: -19588.758
NOTE: Bootstrap correlation coefficient of split occurrence frequencies: 0.979
NOTE: UFBoot does not converge, continue at least 100 more iterations
Iteration 410 / LogL: -19485.928 / Time: 1h:19m:21s (0h:17m:27s left)
Iteration 420 / LogL: -19458.215 / Time: 1h:21m:24s (0h:15m:32s left)
Iteration 430 / LogL: -19425.915 / Time: 1h:23m:16s (0h:13m:35s left)
Iteration 440 / LogL: -19474.403 / Time: 1h:25m:8s (0h:11m:38s left)
Iteration 450 / LogL: -19477.392 / Time: 1h:26m:58s (0h:9m:41s left)
Log-likelihood cutoff on original alignment: -19588.758
Iteration 460 / LogL: -19431.928 / Time: 1h:28m:55s (0h:7m:44s left)
Iteration 470 / LogL: -19449.523 / Time: 1h:30m:57s (0h:5m:49s left)
Estimate model parameters (epsilon = 0.100)
BETTER TREE FOUND at iteration 475: -19409.414
Iteration 480 / LogL: -19428.146 / Time: 1h:32m:56s (0h:18m:25s left)
Iteration 490 / LogL: -19433.915 / Time: 1h:34m:53s (0h:16m:29s left)
Iteration 500 / LogL: -19495.544 / Time: 1h:36m:42s (0h:14m:32s left)
Log-likelihood cutoff on original alignment: -19588.758
NOTE: Bootstrap correlation coefficient of split occurrence frequencies: 0.974
NOTE: UFBoot does not converge, continue at least 100 more iterations
Iteration 510 / LogL: -19427.741 / Time: 1h:38m:46s (0h:17m:27s left)
Iteration 520 / LogL: -19422.006 / Time: 1h:40m:47s (0h:15m:32s left)
Iteration 530 / LogL: -19508.597 / Time: 1h:42m:44s (0h:13m:35s left)
Iteration 540 / LogL: -19474.319 / Time: 1h:44m:35s (0h:11m:38s left)
Estimate model parameters (epsilon = 0.100)
BETTER TREE FOUND at iteration 543: -19401.214
Iteration 550 / LogL: -19416.817 / Time: 1h:46m:46s (0h:18m:5s left)
Log-likelihood cutoff on original alignment: -19588.758
Iteration 560 / LogL: -19462.454 / Time: 1h:48m:47s (0h:16m:9s left)
Iteration 570 / LogL: -19427.583 / Time: 1h:50m:59s (0h:14m:14s left)
Iteration 580 / LogL: -19421.698 / Time: 1h:53m:8s (0h:12m:18s left)
Iteration 590 / LogL: -19406.965 / Time: 1h:55m:11s (0h:10m:21s left)
Iteration 600 / LogL: -19449.086 / Time: 1h:56m:58s (0h:8m:23s left)
Log-likelihood cutoff on original alignment: -19588.758
NOTE: Bootstrap correlation coefficient of split occurrence frequencies: 0.973
NOTE: UFBoot does not converge, continue at least 100 more iterations
Estimate model parameters (epsilon = 0.100)
BETTER TREE FOUND at iteration 602: -19399.399
Iteration 610 / LogL: -19427.309 / Time: 1h:58m:45s (0h:17m:56s left)
Iteration 620 / LogL: -19417.092 / Time: 2h:0m:35s (0h:15m:58s left)
Iteration 630 / LogL: -19419.372 / Time: 2h:2m:24s (0h:14m:0s left)
Estimate model parameters (epsilon = 0.100)
BETTER TREE FOUND at iteration 639: -19398.693
Iteration 640 / LogL: -19482.235 / Time: 2h:4m:16s (0h:19m:15s left)
Estimate model parameters (epsilon = 0.100)
BETTER TREE FOUND at iteration 641: -19397.466
Estimate model parameters (epsilon = 0.100)
BETTER TREE FOUND at iteration 649: -19396.652
Iteration 650 / LogL: -19411.386 / Time: 2h:6m:21s (0h:19m:16s left)
Log-likelihood cutoff on original alignment: -19588.758
Iteration 660 / LogL: -19408.006 / Time: 2h:8m:6s (0h:17m:18s left)
Iteration 670 / LogL: -19424.484 / Time: 2h:9m:55s (0h:15m:20s left)
Iteration 680 / LogL: -19414.805 / Time: 2h:11m:52s (0h:13m:24s left)
Iteration 690 / LogL: -19486.226 / Time: 2h:13m:46s (0h:11m:27s left)
Iteration 700 / LogL: -19490.173 / Time: 2h:15m:39s (0h:9m:30s left)
Log-likelihood cutoff on original alignment: -19588.758
NOTE: Bootstrap correlation coefficient of split occurrence frequencies: 0.974
NOTE: UFBoot does not converge, continue at least 100 more iterations
Iteration 710 / LogL: -19412.477 / Time: 2h:17m:32s (0h:17m:27s left)
Iteration 720 / LogL: -19436.625 / Time: 2h:19m:17s (0h:15m:29s left)
Estimate model parameters (epsilon = 0.100)
BETTER TREE FOUND at iteration 728: -19391.740
Iteration 730 / LogL: -19516.971 / Time: 2h:21m:14s (0h:18m:59s left)
Iteration 740 / LogL: -19425.731 / Time: 2h:23m:5s (0h:17m:2s left)
Iteration 750 / LogL: -19413.887 / Time: 2h:25m:0s (0h:15m:6s left)
Log-likelihood cutoff on original alignment: -19588.758
Iteration 760 / LogL: -19421.527 / Time: 2h:26m:57s (0h:13m:9s left)
Iteration 770 / LogL: -19421.521 / Time: 2h:28m:44s (0h:11m:13s left)
Iteration 780 / LogL: -19414.221 / Time: 2h:30m:36s (0h:9m:16s left)
Iteration 790 / LogL: -19408.475 / Time: 2h:32m:31s (0h:7m:20s left)
Iteration 800 / LogL: -19434.978 / Time: 2h:34m:17s (0h:5m:24s left)
Log-likelihood cutoff on original alignment: -19588.758
NOTE: Bootstrap correlation coefficient of split occurrence frequencies: 0.974
NOTE: UFBoot does not converge, continue at least 100 more iterations
Iteration 810 / LogL: -19417.826 / Time: 2h:36m:13s (0h:17m:22s left)
Iteration 820 / LogL: -19446.327 / Time: 2h:38m:8s (0h:15m:26s left)
Iteration 830 / LogL: -19447.825 / Time: 2h:39m:50s (0h:13m:29s left)
Iteration 840 / LogL: -19441.826 / Time: 2h:41m:39s (0h:11m:33s left)
Iteration 850 / LogL: -19424.568 / Time: 2h:43m:30s (0h:9m:37s left)
Log-likelihood cutoff on original alignment: -19588.758
Iteration 860 / LogL: -19428.474 / Time: 2h:45m:21s (0h:7m:41s left)
Estimate model parameters (epsilon = 0.100)
BETTER TREE FOUND at iteration 861: -19390.701
Iteration 870 / LogL: -19417.620 / Time: 2h:47m:8s (0h:17m:30s left)
Iteration 880 / LogL: -19414.020 / Time: 2h:48m:57s (0h:15m:34s left)
Iteration 890 / LogL: -19440.087 / Time: 2h:50m:41s (0h:13m:37s left)
Iteration 900 / LogL: -19448.304 / Time: 2h:52m:26s (0h:11m:42s left)
Log-likelihood cutoff on original alignment: -19588.758
NOTE: Bootstrap correlation coefficient of split occurrence frequencies: 0.972
NOTE: UFBoot does not converge, continue at least 100 more iterations
Iteration 910 / LogL: -19435.071 / Time: 2h:54m:21s (0h:17m:15s left)
Iteration 920 / LogL: -19490.007 / Time: 2h:56m:16s (0h:15m:20s left)
Iteration 930 / LogL: -19409.469 / Time: 2h:58m:10s (0h:13m:25s left)
Iteration 940 / LogL: -19454.545 / Time: 3h:0m:6s (0h:11m:30s left)
Iteration 950 / LogL: -19439.356 / Time: 3h:1m:58s (0h:9m:35s left)
Log-likelihood cutoff on original alignment: -19588.758
Iteration 960 / LogL: -19429.511 / Time: 3h:3m:57s (0h:7m:40s left)
Iteration 970 / LogL: -19403.378 / Time: 3h:5m:48s (0h:5m:45s left)
Iteration 980 / LogL: -19392.578 / Time: 3h:7m:45s (0h:3m:50s left)
Iteration 990 / LogL: -19404.344 / Time: 3h:9m:46s (0h:1m:55s left)
Iteration 1000 / LogL: -19474.602 / Time: 3h:11m:46s (0h:0m:0s left)
Log-likelihood cutoff on original alignment: -19588.758
NOTE: Bootstrap correlation coefficient of split occurrence frequencies: 0.976
NOTE: UFBoot does not converge, continue at least 100 more iterations
WARNING: bootstrap analysis did not converge. You should rerun with higher number of iterations (-nm option)
TREE SEARCH COMPLETED AFTER 1001 ITERATIONS / Time: 3h:12m:4s

--------------------------------------------------------------------
|                    FINALIZING TREE SEARCH                        |
--------------------------------------------------------------------
Performs final model parameters optimization
Estimate model parameters (epsilon = 0.010)
1. Initial log-likelihood: -19390.701
Optimal log-likelihood: -19390.698
Rate parameters:  A-C: 0.36437  A-G: 2.05518  A-T: 1.74171  C-G: 0.29595  C-T: 3.24188  G-T: 1.00000
Base frequencies:  A: 0.320  C: 0.185  G: 0.202  T: 0.293
Proportion of invariable sites: 0.393
Gamma shape alpha: 0.844
Parameters optimization took 1 rounds (0.592 sec)
BEST SCORE FOUND : -19390.698

Testing tree branches by SH-like aLRT with 1000 replicates...
Alternative NNI shows better log-likelihood -19390.091 > -19390.698
Alternative NNI shows better log-likelihood -19390.695 > -19390.698
Alternative NNI shows better log-likelihood -19390.618 > -19390.698
7.769 sec.
Creating bootstrap support values...
Split supports printed to NEXUS file rbcl_aligns_indels_removed.fasta.splits.nex
Total tree length: 12.524

Total number of iterations: 1001
CPU time used for tree search: 11420.738 sec (3h:10m:20s)
Wall-clock time used for tree search: 11444.276 sec (3h:10m:44s)
Total CPU time used: 11512.038 sec (3h:11m:52s)
Total wall-clock time used: 11535.958 sec (3h:12m:15s)

Computing bootstrap consensus tree...
Reading input file rbcl_aligns_indels_removed.fasta.splits.nex...
649 taxa and 6342 splits.
Consensus tree written to rbcl_aligns_indels_removed.fasta.contree
Reading input trees file rbcl_aligns_indels_removed.fasta.contree
Log-likelihood of consensus tree: -19394.735

Analysis results written to: 
  IQ-TREE report:                rbcl_aligns_indels_removed.fasta.iqtree
  Maximum-likelihood tree:       rbcl_aligns_indels_removed.fasta.treefile
  Likelihood distances:          rbcl_aligns_indels_removed.fasta.mldist

Ultrafast bootstrap approximation results written to:
  Split support values:          rbcl_aligns_indels_removed.fasta.splits.nex
  Consensus tree:                rbcl_aligns_indels_removed.fasta.contree
  Screen log file:               rbcl_aligns_indels_removed.fasta.log

Date and Time: Fri Nov  1 21:56:26 2019
